Fitting 5 folds for each of 16 candidates, totalling 80 fits
/usr/local/lib/python3.10/dist-packages/sklearn/neighbors/_classification.py:215: DataConversionWarning: A column-vector y was passed when a 1d array was expected. Please change the shape of y to (n_samples,), for example using ravel().
  return self._fit(X, y)
/usr/local/lib/python3.10/dist-packages/sklearn/neighbors/_classification.py:215: DataConversionWarning: A column-vector y was passed when a 1d array was expected. Please change the shape of y to (n_samples,), for example using ravel().
  return self._fit(X, y)
/usr/local/lib/python3.10/dist-packages/sklearn/neighbors/_classification.py:215: DataConversionWarning: A column-vector y was passed when a 1d array was expected. Please change the shape of y to (n_samples,), for example using ravel().
  return self._fit(X, y)
/usr/local/lib/python3.10/dist-packages/sklearn/neighbors/_classification.py:215: DataConversionWarning: A column-vector y was passed when a 1d array was expected. Please change the shape of y to (n_samples,), for example using ravel().
  return self._fit(X, y)
/usr/local/lib/python3.10/dist-packages/sklearn/neighbors/_classification.py:215: DataConversionWarning: A column-vector y was passed when a 1d array was expected. Please change the shape of y to (n_samples,), for example using ravel().
  return self._fit(X, y)
/usr/local/lib/python3.10/dist-packages/sklearn/neighbors/_classification.py:215: DataConversionWarning: A column-vector y was passed when a 1d array was expected. Please change the shape of y to (n_samples,), for example using ravel().
  return self._fit(X, y)
/usr/local/lib/python3.10/dist-packages/sklearn/neighbors/_classification.py:215: DataConversionWarning: A column-vector y was passed when a 1d array was expected. Please change the shape of y to (n_samples,), for example using ravel().
  return self._fit(X, y)
/usr/local/lib/python3.10/dist-packages/sklearn/neighbors/_classification.py:215: DataConversionWarning: A column-vector y was passed when a 1d array was expected. Please change the shape of y to (n_samples,), for example using ravel().
  return self._fit(X, y)
/usr/local/lib/python3.10/dist-packages/sklearn/neighbors/_classification.py:215: DataConversionWarning: A column-vector y was passed when a 1d array was expected. Please change the shape of y to (n_samples,), for example using ravel().
  return self._fit(X, y)
/usr/local/lib/python3.10/dist-packages/sklearn/neighbors/_classification.py:215: DataConversionWarning: A column-vector y was passed when a 1d array was expected. Please change the shape of y to (n_samples,), for example using ravel().
  return self._fit(X, y)
/usr/local/lib/python3.10/dist-packages/sklearn/neighbors/_classification.py:215: DataConversionWarning: A column-vector y was passed when a 1d array was expected. Please change the shape of y to (n_samples,), for example using ravel().
  return self._fit(X, y)
/usr/local/lib/python3.10/dist-packages/sklearn/neighbors/_classification.py:215: DataConversionWarning: A column-vector y was passed when a 1d array was expected. Please change the shape of y to (n_samples,), for example using ravel().
  return self._fit(X, y)
/usr/local/lib/python3.10/dist-packages/sklearn/neighbors/_classification.py:215: DataConversionWarning: A column-vector y was passed when a 1d array was expected. Please change the shape of y to (n_samples,), for example using ravel().
  return self._fit(X, y)
/usr/local/lib/python3.10/dist-packages/sklearn/neighbors/_classification.py:215: DataConversionWarning: A column-vector y was passed when a 1d array was expected. Please change the shape of y to (n_samples,), for example using ravel().
  return self._fit(X, y)
/usr/local/lib/python3.10/dist-packages/sklearn/neighbors/_classification.py:215: DataConversionWarning: A column-vector y was passed when a 1d array was expected. Please change the shape of y to (n_samples,), for example using ravel().
  return self._fit(X, y)
/usr/local/lib/python3.10/dist-packages/sklearn/neighbors/_classification.py:215: DataConversionWarning: A column-vector y was passed when a 1d array was expected. Please change the shape of y to (n_samples,), for example using ravel().
  return self._fit(X, y)
/usr/local/lib/python3.10/dist-packages/sklearn/neighbors/_classification.py:215: DataConversionWarning: A column-vector y was passed when a 1d array was expected. Please change the shape of y to (n_samples,), for example using ravel().
  return self._fit(X, y)
/usr/local/lib/python3.10/dist-packages/sklearn/neighbors/_classification.py:215: DataConversionWarning: A column-vector y was passed when a 1d array was expected. Please change the shape of y to (n_samples,), for example using ravel().
  return self._fit(X, y)
/usr/local/lib/python3.10/dist-packages/sklearn/neighbors/_classification.py:215: DataConversionWarning: A column-vector y was passed when a 1d array was expected. Please change the shape of y to (n_samples,), for example using ravel().
  return self._fit(X, y)
/usr/local/lib/python3.10/dist-packages/sklearn/neighbors/_classification.py:215: DataConversionWarning: A column-vector y was passed when a 1d array was expected. Please change the shape of y to (n_samples,), for example using ravel().
  return self._fit(X, y)
/usr/local/lib/python3.10/dist-packages/sklearn/neighbors/_classification.py:215: DataConversionWarning: A column-vector y was passed when a 1d array was expected. Please change the shape of y to (n_samples,), for example using ravel().
  return self._fit(X, y)
/usr/local/lib/python3.10/dist-packages/sklearn/neighbors/_classification.py:215: DataConversionWarning: A column-vector y was passed when a 1d array was expected. Please change the shape of y to (n_samples,), for example using ravel().
  return self._fit(X, y)
/usr/local/lib/python3.10/dist-packages/sklearn/neighbors/_classification.py:215: DataConversionWarning: A column-vector y was passed when a 1d array was expected. Please change the shape of y to (n_samples,), for example using ravel().
  return self._fit(X, y)
/usr/local/lib/python3.10/dist-packages/sklearn/neighbors/_classification.py:215: DataConversionWarning: A column-vector y was passed when a 1d array was expected. Please change the shape of y to (n_samples,), for example using ravel().
  return self._fit(X, y)
/usr/local/lib/python3.10/dist-packages/sklearn/neighbors/_classification.py:215: DataConversionWarning: A column-vector y was passed when a 1d array was expected. Please change the shape of y to (n_samples,), for example using ravel().
  return self._fit(X, y)
/usr/local/lib/python3.10/dist-packages/sklearn/neighbors/_classification.py:215: DataConversionWarning: A column-vector y was passed when a 1d array was expected. Please change the shape of y to (n_samples,), for example using ravel().
  return self._fit(X, y)
/usr/local/lib/python3.10/dist-packages/sklearn/neighbors/_classification.py:215: DataConversionWarning: A column-vector y was passed when a 1d array was expected. Please change the shape of y to (n_samples,), for example using ravel().
  return self._fit(X, y)
/usr/local/lib/python3.10/dist-packages/sklearn/neighbors/_classification.py:215: DataConversionWarning: A column-vector y was passed when a 1d array was expected. Please change the shape of y to (n_samples,), for example using ravel().
  return self._fit(X, y)
/usr/local/lib/python3.10/dist-packages/sklearn/neighbors/_classification.py:215: DataConversionWarning: A column-vector y was passed when a 1d array was expected. Please change the shape of y to (n_samples,), for example using ravel().
  return self._fit(X, y)
/usr/local/lib/python3.10/dist-packages/sklearn/neighbors/_classification.py:215: DataConversionWarning: A column-vector y was passed when a 1d array was expected. Please change the shape of y to (n_samples,), for example using ravel().
  return self._fit(X, y)
/usr/local/lib/python3.10/dist-packages/sklearn/neighbors/_classification.py:215: DataConversionWarning: A column-vector y was passed when a 1d array was expected. Please change the shape of y to (n_samples,), for example using ravel().
  return self._fit(X, y)
/usr/local/lib/python3.10/dist-packages/sklearn/neighbors/_classification.py:215: DataConversionWarning: A column-vector y was passed when a 1d array was expected. Please change the shape of y to (n_samples,), for example using ravel().
  return self._fit(X, y)
/usr/local/lib/python3.10/dist-packages/sklearn/neighbors/_classification.py:215: DataConversionWarning: A column-vector y was passed when a 1d array was expected. Please change the shape of y to (n_samples,), for example using ravel().
  return self._fit(X, y)
/usr/local/lib/python3.10/dist-packages/sklearn/neighbors/_classification.py:215: DataConversionWarning: A column-vector y was passed when a 1d array was expected. Please change the shape of y to (n_samples,), for example using ravel().
  return self._fit(X, y)
/usr/local/lib/python3.10/dist-packages/sklearn/neighbors/_classification.py:215: DataConversionWarning: A column-vector y was passed when a 1d array was expected. Please change the shape of y to (n_samples,), for example using ravel().
  return self._fit(X, y)
/usr/local/lib/python3.10/dist-packages/sklearn/neighbors/_classification.py:215: DataConversionWarning: A column-vector y was passed when a 1d array was expected. Please change the shape of y to (n_samples,), for example using ravel().
  return self._fit(X, y)
/usr/local/lib/python3.10/dist-packages/sklearn/neighbors/_classification.py:215: DataConversionWarning: A column-vector y was passed when a 1d array was expected. Please change the shape of y to (n_samples,), for example using ravel().
  return self._fit(X, y)
/usr/local/lib/python3.10/dist-packages/sklearn/neighbors/_classification.py:215: DataConversionWarning: A column-vector y was passed when a 1d array was expected. Please change the shape of y to (n_samples,), for example using ravel().
  return self._fit(X, y)
/usr/local/lib/python3.10/dist-packages/sklearn/neighbors/_classification.py:215: DataConversionWarning: A column-vector y was passed when a 1d array was expected. Please change the shape of y to (n_samples,), for example using ravel().
  return self._fit(X, y)
/usr/local/lib/python3.10/dist-packages/sklearn/neighbors/_classification.py:215: DataConversionWarning: A column-vector y was passed when a 1d array was expected. Please change the shape of y to (n_samples,), for example using ravel().
  return self._fit(X, y)
/usr/local/lib/python3.10/dist-packages/sklearn/neighbors/_classification.py:215: DataConversionWarning: A column-vector y was passed when a 1d array was expected. Please change the shape of y to (n_samples,), for example using ravel().
  return self._fit(X, y)
/usr/local/lib/python3.10/dist-packages/sklearn/neighbors/_classification.py:215: DataConversionWarning: A column-vector y was passed when a 1d array was expected. Please change the shape of y to (n_samples,), for example using ravel().
  return self._fit(X, y)
/usr/local/lib/python3.10/dist-packages/sklearn/neighbors/_classification.py:215: DataConversionWarning: A column-vector y was passed when a 1d array was expected. Please change the shape of y to (n_samples,), for example using ravel().
  return self._fit(X, y)
/usr/local/lib/python3.10/dist-packages/sklearn/neighbors/_classification.py:215: DataConversionWarning: A column-vector y was passed when a 1d array was expected. Please change the shape of y to (n_samples,), for example using ravel().
  return self._fit(X, y)
/usr/local/lib/python3.10/dist-packages/sklearn/neighbors/_classification.py:215: DataConversionWarning: A column-vector y was passed when a 1d array was expected. Please change the shape of y to (n_samples,), for example using ravel().
  return self._fit(X, y)
/usr/local/lib/python3.10/dist-packages/sklearn/neighbors/_classification.py:215: DataConversionWarning: A column-vector y was passed when a 1d array was expected. Please change the shape of y to (n_samples,), for example using ravel().
  return self._fit(X, y)
/usr/local/lib/python3.10/dist-packages/sklearn/neighbors/_classification.py:215: DataConversionWarning: A column-vector y was passed when a 1d array was expected. Please change the shape of y to (n_samples,), for example using ravel().
  return self._fit(X, y)
/usr/local/lib/python3.10/dist-packages/sklearn/neighbors/_classification.py:215: DataConversionWarning: A column-vector y was passed when a 1d array was expected. Please change the shape of y to (n_samples,), for example using ravel().
  return self._fit(X, y)
/usr/local/lib/python3.10/dist-packages/sklearn/neighbors/_classification.py:215: DataConversionWarning: A column-vector y was passed when a 1d array was expected. Please change the shape of y to (n_samples,), for example using ravel().
  return self._fit(X, y)
/usr/local/lib/python3.10/dist-packages/sklearn/neighbors/_classification.py:215: DataConversionWarning: A column-vector y was passed when a 1d array was expected. Please change the shape of y to (n_samples,), for example using ravel().
  return self._fit(X, y)
/usr/local/lib/python3.10/dist-packages/sklearn/neighbors/_classification.py:215: DataConversionWarning: A column-vector y was passed when a 1d array was expected. Please change the shape of y to (n_samples,), for example using ravel().
  return self._fit(X, y)
/usr/local/lib/python3.10/dist-packages/sklearn/neighbors/_classification.py:215: DataConversionWarning: A column-vector y was passed when a 1d array was expected. Please change the shape of y to (n_samples,), for example using ravel().
  return self._fit(X, y)
/usr/local/lib/python3.10/dist-packages/sklearn/neighbors/_classification.py:215: DataConversionWarning: A column-vector y was passed when a 1d array was expected. Please change the shape of y to (n_samples,), for example using ravel().
  return self._fit(X, y)
/usr/local/lib/python3.10/dist-packages/sklearn/neighbors/_classification.py:215: DataConversionWarning: A column-vector y was passed when a 1d array was expected. Please change the shape of y to (n_samples,), for example using ravel().
  return self._fit(X, y)
/usr/local/lib/python3.10/dist-packages/sklearn/neighbors/_classification.py:215: DataConversionWarning: A column-vector y was passed when a 1d array was expected. Please change the shape of y to (n_samples,), for example using ravel().
  return self._fit(X, y)
/usr/local/lib/python3.10/dist-packages/sklearn/neighbors/_classification.py:215: DataConversionWarning: A column-vector y was passed when a 1d array was expected. Please change the shape of y to (n_samples,), for example using ravel().
  return self._fit(X, y)
/usr/local/lib/python3.10/dist-packages/sklearn/neighbors/_classification.py:215: DataConversionWarning: A column-vector y was passed when a 1d array was expected. Please change the shape of y to (n_samples,), for example using ravel().
  return self._fit(X, y)
/usr/local/lib/python3.10/dist-packages/sklearn/neighbors/_classification.py:215: DataConversionWarning: A column-vector y was passed when a 1d array was expected. Please change the shape of y to (n_samples,), for example using ravel().
  return self._fit(X, y)
/usr/local/lib/python3.10/dist-packages/sklearn/neighbors/_classification.py:215: DataConversionWarning: A column-vector y was passed when a 1d array was expected. Please change the shape of y to (n_samples,), for example using ravel().
  return self._fit(X, y)
/usr/local/lib/python3.10/dist-packages/sklearn/neighbors/_classification.py:215: DataConversionWarning: A column-vector y was passed when a 1d array was expected. Please change the shape of y to (n_samples,), for example using ravel().
  return self._fit(X, y)
/usr/local/lib/python3.10/dist-packages/sklearn/neighbors/_classification.py:215: DataConversionWarning: A column-vector y was passed when a 1d array was expected. Please change the shape of y to (n_samples,), for example using ravel().
  return self._fit(X, y)
/usr/local/lib/python3.10/dist-packages/sklearn/neighbors/_classification.py:215: DataConversionWarning: A column-vector y was passed when a 1d array was expected. Please change the shape of y to (n_samples,), for example using ravel().
  return self._fit(X, y)
/usr/local/lib/python3.10/dist-packages/sklearn/neighbors/_classification.py:215: DataConversionWarning: A column-vector y was passed when a 1d array was expected. Please change the shape of y to (n_samples,), for example using ravel().
  return self._fit(X, y)
/usr/local/lib/python3.10/dist-packages/sklearn/neighbors/_classification.py:215: DataConversionWarning: A column-vector y was passed when a 1d array was expected. Please change the shape of y to (n_samples,), for example using ravel().
  return self._fit(X, y)
/usr/local/lib/python3.10/dist-packages/sklearn/neighbors/_classification.py:215: DataConversionWarning: A column-vector y was passed when a 1d array was expected. Please change the shape of y to (n_samples,), for example using ravel().
  return self._fit(X, y)
/usr/local/lib/python3.10/dist-packages/sklearn/neighbors/_classification.py:215: DataConversionWarning: A column-vector y was passed when a 1d array was expected. Please change the shape of y to (n_samples,), for example using ravel().
  return self._fit(X, y)
/usr/local/lib/python3.10/dist-packages/sklearn/neighbors/_classification.py:215: DataConversionWarning: A column-vector y was passed when a 1d array was expected. Please change the shape of y to (n_samples,), for example using ravel().
  return self._fit(X, y)
/usr/local/lib/python3.10/dist-packages/sklearn/neighbors/_classification.py:215: DataConversionWarning: A column-vector y was passed when a 1d array was expected. Please change the shape of y to (n_samples,), for example using ravel().
  return self._fit(X, y)
/usr/local/lib/python3.10/dist-packages/sklearn/neighbors/_classification.py:215: DataConversionWarning: A column-vector y was passed when a 1d array was expected. Please change the shape of y to (n_samples,), for example using ravel().
  return self._fit(X, y)
/usr/local/lib/python3.10/dist-packages/sklearn/neighbors/_classification.py:215: DataConversionWarning: A column-vector y was passed when a 1d array was expected. Please change the shape of y to (n_samples,), for example using ravel().
  return self._fit(X, y)
/usr/local/lib/python3.10/dist-packages/sklearn/neighbors/_classification.py:215: DataConversionWarning: A column-vector y was passed when a 1d array was expected. Please change the shape of y to (n_samples,), for example using ravel().
  return self._fit(X, y)
/usr/local/lib/python3.10/dist-packages/sklearn/neighbors/_classification.py:215: DataConversionWarning: A column-vector y was passed when a 1d array was expected. Please change the shape of y to (n_samples,), for example using ravel().
  return self._fit(X, y)
/usr/local/lib/python3.10/dist-packages/sklearn/neighbors/_classification.py:215: DataConversionWarning: A column-vector y was passed when a 1d array was expected. Please change the shape of y to (n_samples,), for example using ravel().
  return self._fit(X, y)
/usr/local/lib/python3.10/dist-packages/sklearn/neighbors/_classification.py:215: DataConversionWarning: A column-vector y was passed when a 1d array was expected. Please change the shape of y to (n_samples,), for example using ravel().
  return self._fit(X, y)
/usr/local/lib/python3.10/dist-packages/sklearn/neighbors/_classification.py:215: DataConversionWarning: A column-vector y was passed when a 1d array was expected. Please change the shape of y to (n_samples,), for example using ravel().
  return self._fit(X, y)
/usr/local/lib/python3.10/dist-packages/sklearn/neighbors/_classification.py:215: DataConversionWarning: A column-vector y was passed when a 1d array was expected. Please change the shape of y to (n_samples,), for example using ravel().
  return self._fit(X, y)
/usr/local/lib/python3.10/dist-packages/sklearn/neighbors/_classification.py:215: DataConversionWarning: A column-vector y was passed when a 1d array was expected. Please change the shape of y to (n_samples,), for example using ravel().
  return self._fit(X, y)
/usr/local/lib/python3.10/dist-packages/sklearn/neighbors/_classification.py:215: DataConversionWarning: A column-vector y was passed when a 1d array was expected. Please change the shape of y to (n_samples,), for example using ravel().
  return self._fit(X, y)
/usr/local/lib/python3.10/dist-packages/sklearn/neighbors/_classification.py:215: DataConversionWarning: A column-vector y was passed when a 1d array was expected. Please change the shape of y to (n_samples,), for example using ravel().
  return self._fit(X, y)
/usr/local/lib/python3.10/dist-packages/sklearn/neighbors/_classification.py:215: DataConversionWarning: A column-vector y was passed when a 1d array was expected. Please change the shape of y to (n_samples,), for example using ravel().
  return self._fit(X, y)
/usr/local/lib/python3.10/dist-packages/sklearn/neighbors/_classification.py:215: DataConversionWarning: A column-vector y was passed when a 1d array was expected. Please change the shape of y to (n_samples,), for example using ravel().
  return self._fit(X, y)
Model stored to the following path: ./models/knn2.pkl
ROC curve saved to ./results/rocs/knn2ROC.png
Confusion Matrix Stored at ./results/cms/knn2CM.png!
Entry stored to ./results/results.csv
[CV 1/5] END metric=euclidean, n_neighbors=3, weights=uniform;, score=0.800 total time=   0.3s
[CV 5/5] END metric=euclidean, n_neighbors=3, weights=uniform;, score=0.769 total time=   0.0s
[CV 1/5] END metric=euclidean, n_neighbors=3, weights=distance;, score=0.750 total time=   0.0s
[CV 2/5] END metric=euclidean, n_neighbors=3, weights=distance;, score=0.880 total time=   0.0s
[CV 3/5] END metric=euclidean, n_neighbors=3, weights=distance;, score=0.640 total time=   0.0s
[CV 4/5] END metric=euclidean, n_neighbors=3, weights=distance;, score=0.762 total time=   0.0s
[CV 5/5] END metric=euclidean, n_neighbors=3, weights=distance;, score=0.769 total time=   0.0s
[CV 1/5] END metric=euclidean, n_neighbors=5, weights=uniform;, score=0.800 total time=   0.0s
[CV 2/5] END metric=euclidean, n_neighbors=5, weights=uniform;, score=0.846 total time=   0.0s
[CV 3/5] END metric=euclidean, n_neighbors=5, weights=uniform;, score=0.615 total time=   0.0s
[CV 4/5] END metric=euclidean, n_neighbors=5, weights=uniform;, score=0.917 total time=   0.0s
[CV 5/5] END metric=euclidean, n_neighbors=5, weights=uniform;, score=0.833 total time=   0.0s
[CV 1/5] END metric=euclidean, n_neighbors=5, weights=distance;, score=0.750 total time=   0.0s
[CV 2/5] END metric=euclidean, n_neighbors=5, weights=distance;, score=0.846 total time=   0.0s
[CV 3/5] END metric=euclidean, n_neighbors=5, weights=distance;, score=0.615 total time=   0.0s
[CV 4/5] END metric=euclidean, n_neighbors=5, weights=distance;, score=0.957 total time=   0.0s
[CV 5/5] END metric=euclidean, n_neighbors=5, weights=distance;, score=0.833 total time=   0.0s
[CV 1/5] END metric=euclidean, n_neighbors=11, weights=uniform;, score=0.833 total time=   0.0s
[CV 2/5] END metric=euclidean, n_neighbors=11, weights=uniform;, score=0.786 total time=   0.0s
[CV 3/5] END metric=euclidean, n_neighbors=11, weights=uniform;, score=0.667 total time=   0.0s
[CV 4/5] END metric=euclidean, n_neighbors=11, weights=uniform;, score=0.917 total time=   0.0s
[CV 5/5] END metric=euclidean, n_neighbors=11, weights=uniform;, score=0.870 total time=   0.0s
[CV 1/5] END metric=euclidean, n_neighbors=11, weights=distance;, score=0.783 total time=   0.0s
[CV 2/5] END metric=euclidean, n_neighbors=11, weights=distance;, score=0.846 total time=   0.0s
[CV 3/5] END metric=euclidean, n_neighbors=11, weights=distance;, score=0.692 total time=   0.0s
[CV 4/5] END metric=euclidean, n_neighbors=11, weights=distance;, score=0.917 total time=   0.0s
[CV 5/5] END metric=euclidean, n_neighbors=11, weights=distance;, score=0.833 total time=   0.0s
[CV 1/5] END metric=euclidean, n_neighbors=19, weights=uniform;, score=0.800 total time=   0.0s
[CV 2/5] END metric=euclidean, n_neighbors=19, weights=uniform;, score=0.759 total time=   0.0s
[CV 3/5] END metric=euclidean, n_neighbors=19, weights=uniform;, score=0.667 total time=   0.0s
[CV 4/5] END metric=euclidean, n_neighbors=19, weights=uniform;, score=0.917 total time=   0.0s
[CV 5/5] END metric=euclidean, n_neighbors=19, weights=uniform;, score=0.800 total time=   0.0s
[CV 1/5] END metric=euclidean, n_neighbors=19, weights=distance;, score=0.750 total time=   0.0s
[CV 2/5] END metric=euclidean, n_neighbors=19, weights=distance;, score=0.786 total time=   0.0s
[CV 3/5] END metric=euclidean, n_neighbors=19, weights=distance;, score=0.667 total time=   0.0s
[CV 4/5] END metric=euclidean, n_neighbors=19, weights=distance;, score=0.957 total time=   0.0s
[CV 5/5] END metric=euclidean, n_neighbors=19, weights=distance;, score=0.833 total time=   0.0s
[CV 1/5] END metric=manhattan, n_neighbors=3, weights=uniform;, score=0.833 total time=   0.0s
[CV 2/5] END metric=manhattan, n_neighbors=3, weights=uniform;, score=0.846 total time=   0.0s
[CV 3/5] END metric=manhattan, n_neighbors=3, weights=uniform;, score=0.636 total time=   0.0s
[CV 4/5] END metric=manhattan, n_neighbors=3, weights=uniform;, score=0.870 total time=   0.0s
[CV 5/5] END metric=manhattan, n_neighbors=3, weights=uniform;, score=0.800 total time=   0.0s
[CV 1/5] END metric=manhattan, n_neighbors=3, weights=distance;, score=0.783 total time=   0.0s
[CV 2/5] END metric=manhattan, n_neighbors=3, weights=distance;, score=0.880 total time=   0.0s
[CV 3/5] END metric=manhattan, n_neighbors=3, weights=distance;, score=0.636 total time=   0.0s
[CV 4/5] END metric=manhattan, n_neighbors=3, weights=distance;, score=0.870 total time=   0.0s
[CV 5/5] END metric=manhattan, n_neighbors=3, weights=distance;, score=0.800 total time=   0.0s
[CV 1/5] END metric=manhattan, n_neighbors=5, weights=uniform;, score=0.833 total time=   0.0s
[CV 2/5] END metric=manhattan, n_neighbors=5, weights=uniform;, score=0.846 total time=   0.0s
[CV 3/5] END metric=manhattan, n_neighbors=5, weights=uniform;, score=0.615 total time=   0.0s
[CV 4/5] END metric=manhattan, n_neighbors=5, weights=uniform;, score=0.957 total time=   0.0s
[CV 5/5] END metric=manhattan, n_neighbors=5, weights=uniform;, score=0.833 total time=   0.0s
[CV 1/5] END metric=manhattan, n_neighbors=5, weights=distance;, score=0.783 total time=   0.0s
[CV 2/5] END metric=manhattan, n_neighbors=5, weights=distance;, score=0.846 total time=   0.0s
[CV 3/5] END metric=manhattan, n_neighbors=5, weights=distance;, score=0.615 total time=   0.0s
[CV 4/5] END metric=manhattan, n_neighbors=5, weights=distance;, score=0.957 total time=   0.0s
[CV 5/5] END metric=manhattan, n_neighbors=5, weights=distance;, score=0.833 total time=   0.0s
[CV 1/5] END metric=manhattan, n_neighbors=11, weights=uniform;, score=0.833 total time=   0.0s
[CV 2/5] END metric=manhattan, n_neighbors=11, weights=uniform;, score=0.786 total time=   0.0s
[CV 3/5] END metric=manhattan, n_neighbors=11, weights=uniform;, score=0.667 total time=   0.0s
[CV 4/5] END metric=manhattan, n_neighbors=11, weights=uniform;, score=0.917 total time=   0.0s
[CV 5/5] END metric=manhattan, n_neighbors=11, weights=uniform;, score=0.870 total time=   0.0s
[CV 1/5] END metric=manhattan, n_neighbors=11, weights=distance;, score=0.783 total time=   0.0s
[CV 2/5] END metric=manhattan, n_neighbors=11, weights=distance;, score=0.846 total time=   0.0s
[CV 3/5] END metric=manhattan, n_neighbors=11, weights=distance;, score=0.667 total time=   0.0s
[CV 4/5] END metric=manhattan, n_neighbors=11, weights=distance;, score=0.957 total time=   0.0s
[CV 5/5] END metric=manhattan, n_neighbors=11, weights=distance;, score=0.870 total time=   0.0s
[CV 1/5] END metric=manhattan, n_neighbors=19, weights=uniform;, score=0.800 total time=   0.0s
[CV 2/5] END metric=manhattan, n_neighbors=19, weights=uniform;, score=0.786 total time=   0.0s
[CV 3/5] END metric=manhattan, n_neighbors=19, weights=uniform;, score=0.667 total time=   0.0s
[CV 4/5] END metric=manhattan, n_neighbors=19, weights=uniform;, score=0.957 total time=   0.0s
[CV 5/5] END metric=manhattan, n_neighbors=19, weights=uniform;, score=0.833 total time=   0.0s
[CV 1/5] END metric=manhattan, n_neighbors=19, weights=distance;, score=0.750 total time=   0.0s
[CV 2/5] END metric=manhattan, n_neighbors=19, weights=distance;, score=0.846 total time=   0.0s
[CV 3/5] END metric=manhattan, n_neighbors=19, weights=distance;, score=0.692 total time=   0.0s
[CV 4/5] END metric=manhattan, n_neighbors=19, weights=distance;, score=0.957 total time=   0.0s
[CV 5/5] END metric=manhattan, n_neighbors=19, weights=distance;, score=0.833 total time=   0.0s
[CV 2/5] END metric=euclidean, n_neighbors=3, weights=uniform;, score=0.846 total time=   0.0s
[CV 4/5] END metric=euclidean, n_neighbors=3, weights=uniform;, score=0.762 total time=   0.0s
[CV 3/5] END metric=euclidean, n_neighbors=3, weights=uniform;, score=0.615 total time=   0.0s
