nohup: ignoring input
Fitting 5 folds for each of 144 candidates, totalling 720 fits
[CV 3/5] END max_depth=None, min_samples_leaf=1, min_samples_split=2, n_estimators=10;, score=0.781 total time=   0.0s
[CV 5/5] END max_depth=None, min_samples_leaf=1, min_samples_split=2, n_estimators=10;, score=0.839 total time=   0.0s
[CV 1/5] END max_depth=None, min_samples_leaf=1, min_samples_split=2, n_estimators=50;, score=0.812 total time=   0.1s
[CV 2/5] END max_depth=None, min_samples_leaf=1, min_samples_split=2, n_estimators=50;, score=0.875 total time=   0.1s
[CV 3/5] END max_depth=None, min_samples_leaf=1, min_samples_split=2, n_estimators=50;, score=0.750 total time=   0.1s
[CV 4/5] END max_depth=None, min_samples_leaf=1, min_samples_split=2, n_estimators=50;, score=0.903 total time=   0.1s
[CV 5/5] END max_depth=None, min_samples_leaf=1, min_samples_split=2, n_estimators=50;, score=0.839 total time=   0.1s
[CV 1/5] END max_depth=None, min_samples_leaf=1, min_samples_split=2, n_estimators=100;, score=0.812 total time=   0.2s
[CV 3/5] END max_depth=None, min_samples_leaf=1, min_samples_split=2, n_estimators=100;, score=0.750 total time=   0.2s
[CV 5/5] END max_depth=None, min_samples_leaf=1, min_samples_split=2, n_estimators=100;, score=0.839 total time=   0.2s
[CV 2/5] END max_depth=None, min_samples_leaf=1, min_samples_split=2, n_estimators=200;, score=0.875 total time=   0.4s
[CV 4/5] END max_depth=None, min_samples_leaf=1, min_samples_split=2, n_estimators=200;, score=0.839 total time=   0.4s
[CV 5/5] END max_depth=None, min_samples_leaf=1, min_samples_split=2, n_estimators=200;, score=0.839 total time=   0.4s
[CV 4/5] END max_depth=None, min_samples_leaf=1, min_samples_split=5, n_estimators=50;, score=0.935 total time=   0.1s
[CV 1/5] END max_depth=None, min_samples_leaf=1, min_samples_split=5, n_estimators=100;, score=0.875 total time=   0.2s
[CV 3/5] END max_depth=None, min_samples_leaf=1, min_samples_split=5, n_estimators=100;, score=0.750 total time=   0.2s
[CV 5/5] END max_depth=None, min_samples_leaf=1, min_samples_split=5, n_estimators=100;, score=0.839 total time=   0.2s
[CV 2/5] END max_depth=None, min_samples_leaf=1, min_samples_split=5, n_estimators=200;, score=0.875 total time=   0.4s
[CV 4/5] END max_depth=None, min_samples_leaf=1, min_samples_split=5, n_estimators=200;, score=0.903 total time=   0.4s
[CV 1/5] END max_depth=None, min_samples_leaf=1, min_samples_split=10, n_estimators=10;, score=0.844 total time=   0.0s
[CV 2/5] END max_depth=None, min_samples_leaf=1, min_samples_split=10, n_estimators=10;, score=0.875 total time=   0.0s
[CV 3/5] END max_depth=None, min_samples_leaf=1, min_samples_split=10, n_estimators=10;, score=0.812 total time=   0.0s
[CV 4/5] END max_depth=None, min_samples_leaf=1, min_samples_split=10, n_estimators=10;, score=0.871 total time=   0.0s
[CV 5/5] END max_depth=None, min_samples_leaf=1, min_samples_split=10, n_estimators=10;, score=0.839 total time=   0.0s
[CV 1/5] END max_depth=None, min_samples_leaf=1, min_samples_split=10, n_estimators=50;, score=0.812 total time=   0.1s
[CV 3/5] END max_depth=None, min_samples_leaf=1, min_samples_split=10, n_estimators=50;, score=0.750 total time=   0.1s
[CV 1/5] END max_depth=None, min_samples_leaf=1, min_samples_split=10, n_estimators=100;, score=0.875 total time=   0.2s
[CV 4/5] END max_depth=None, min_samples_leaf=1, min_samples_split=10, n_estimators=100;, score=0.968 total time=   0.2s
[CV 2/5] END max_depth=None, min_samples_leaf=1, min_samples_split=10, n_estimators=200;, score=0.875 total time=   0.4s
[CV 5/5] END max_depth=None, min_samples_leaf=1, min_samples_split=10, n_estimators=200;, score=0.839 total time=   0.4s
[CV 1/5] END max_depth=None, min_samples_leaf=2, min_samples_split=2, n_estimators=100;, score=0.875 total time=   0.2s
[CV 5/5] END max_depth=None, min_samples_leaf=2, min_samples_split=2, n_estimators=100;, score=0.839 total time=   0.2s
[CV 4/5] END max_depth=None, min_samples_leaf=2, min_samples_split=2, n_estimators=200;, score=0.903 total time=   0.4s
[CV 1/5] END max_depth=None, min_samples_leaf=2, min_samples_split=5, n_estimators=50;, score=0.844 total time=   0.1s
[CV 5/5] END max_depth=None, min_samples_leaf=2, min_samples_split=5, n_estimators=50;, score=0.839 total time=   0.1s
[CV 4/5] END max_depth=None, min_samples_leaf=2, min_samples_split=5, n_estimators=100;, score=0.903 total time=   0.2s
[CV 2/5] END max_depth=None, min_samples_leaf=2, min_samples_split=5, n_estimators=200;, score=0.875 total time=   0.4s
[CV 2/5] END max_depth=None, min_samples_leaf=2, min_samples_split=10, n_estimators=10;, score=0.875 total time=   0.0s
[CV 4/5] END max_depth=None, min_samples_leaf=2, min_samples_split=10, n_estimators=10;, score=0.871 total time=   0.0s
[CV 1/5] END max_depth=None, min_samples_leaf=2, min_samples_split=10, n_estimators=50;, score=0.875 total time=   0.1s
[CV 4/5] END max_depth=None, min_samples_leaf=2, min_samples_split=10, n_estimators=50;, score=1.000 total time=   0.1s
[CV 2/5] END max_depth=None, min_samples_leaf=2, min_samples_split=10, n_estimators=100;, score=0.875 total time=   0.2s
[CV 1/5] END max_depth=None, min_samples_leaf=2, min_samples_split=10, n_estimators=200;, score=0.875 total time=   0.4s
[CV 5/5] END max_depth=None, min_samples_leaf=2, min_samples_split=10, n_estimators=200;, score=0.839 total time=   0.4s
[CV 4/5] END max_depth=None, min_samples_leaf=4, min_samples_split=2, n_estimators=100;, score=0.935 total time=   0.2s
[CV 3/5] END max_depth=None, min_samples_leaf=4, min_samples_split=2, n_estimators=200;, score=0.750 total time=   0.4s
[CV 4/5] END max_depth=None, min_samples_leaf=4, min_samples_split=5, n_estimators=10;, score=0.903 total time=   0.0s
[CV 1/5] END max_depth=None, min_samples_leaf=4, min_samples_split=5, n_estimators=50;, score=0.875 total time=   0.1s
[CV 4/5] END max_depth=None, min_samples_leaf=4, min_samples_split=5, n_estimators=50;, score=1.000 total time=   0.1s
[CV 2/5] END max_depth=None, min_samples_leaf=4, min_samples_split=5, n_estimators=100;, score=0.875 total time=   0.2s
[CV 1/5] END max_depth=None, min_samples_leaf=4, min_samples_split=5, n_estimators=200;, score=0.875 total time=   0.4s
[CV 1/5] END max_depth=None, min_samples_leaf=4, min_samples_split=10, n_estimators=10;, score=0.875 total time=   0.0s
[CV 3/5] END max_depth=None, min_samples_leaf=4, min_samples_split=10, n_estimators=10;, score=0.812 total time=   0.0s
[CV 5/5] END max_depth=None, min_samples_leaf=4, min_samples_split=10, n_estimators=10;, score=0.806 total time=   0.0s
[CV 2/5] END max_depth=None, min_samples_leaf=4, min_samples_split=10, n_estimators=50;, score=0.875 total time=   0.1s
[CV 5/5] END max_depth=None, min_samples_leaf=4, min_samples_split=10, n_estimators=50;, score=0.839 total time=   0.1s
[CV 3/5] END max_depth=None, min_samples_leaf=4, min_samples_split=10, n_estimators=100;, score=0.781 total time=   0.2s
[CV 2/5] END max_depth=None, min_samples_leaf=4, min_samples_split=10, n_estimators=200;, score=0.875 total time=   0.4s
[CV 1/5] END max_depth=10, min_samples_leaf=1, min_samples_split=2, n_estimators=10;, score=0.844 total time=   0.0s
[CV 2/5] END max_depth=10, min_samples_leaf=1, min_samples_split=2, n_estimators=10;, score=0.875 total time=   0.0s
[CV 3/5] END max_depth=10, min_samples_leaf=1, min_samples_split=2, n_estimators=10;, score=0.781 total time=   0.0s
[CV 4/5] END max_depth=10, min_samples_leaf=1, min_samples_split=2, n_estimators=10;, score=0.871 total time=   0.0s
[CV 5/5] END max_depth=10, min_samples_leaf=1, min_samples_split=2, n_estimators=10;, score=0.839 total time=   0.0s
[CV 1/5] END max_depth=10, min_samples_leaf=1, min_samples_split=2, n_estimators=50;, score=0.812 total time=   0.1s
[CV 4/5] END max_depth=10, min_samples_leaf=1, min_samples_split=2, n_estimators=50;, score=0.903 total time=   0.1s
[CV 3/5] END max_depth=10, min_samples_leaf=1, min_samples_split=2, n_estimators=100;, score=0.750 total time=   0.2s
[CV 3/5] END max_depth=10, min_samples_leaf=1, min_samples_split=2, n_estimators=200;, score=0.750 total time=   0.4s
[CV 5/5] END max_depth=10, min_samples_leaf=1, min_samples_split=2, n_estimators=200;, score=0.839 total time=   0.4s
[CV 1/5] END max_depth=None, min_samples_leaf=1, min_samples_split=2, n_estimators=10;, score=0.812 total time=   0.0s
[CV 2/5] END max_depth=None, min_samples_leaf=1, min_samples_split=2, n_estimators=100;, score=0.875 total time=   0.2s
[CV 4/5] END max_depth=None, min_samples_leaf=1, min_samples_split=2, n_estimators=100;, score=0.839 total time=   0.3s
[CV 1/5] END max_depth=None, min_samples_leaf=1, min_samples_split=2, n_estimators=200;, score=0.844 total time=   0.4s
[CV 3/5] END max_depth=None, min_samples_leaf=1, min_samples_split=2, n_estimators=200;, score=0.750 total time=   0.4s
[CV 1/5] END max_depth=None, min_samples_leaf=1, min_samples_split=5, n_estimators=10;, score=0.844 total time=   0.0s
[CV 2/5] END max_depth=None, min_samples_leaf=1, min_samples_split=5, n_estimators=10;, score=0.875 total time=   0.0s
[CV 3/5] END max_depth=None, min_samples_leaf=1, min_samples_split=5, n_estimators=10;, score=0.750 total time=   0.0s
[CV 4/5] END max_depth=None, min_samples_leaf=1, min_samples_split=5, n_estimators=10;, score=0.839 total time=   0.0s
[CV 5/5] END max_depth=None, min_samples_leaf=1, min_samples_split=5, n_estimators=10;, score=0.839 total time=   0.0s
[CV 1/5] END max_depth=None, min_samples_leaf=1, min_samples_split=5, n_estimators=50;, score=0.844 total time=   0.1s
[CV 2/5] END max_depth=None, min_samples_leaf=1, min_samples_split=5, n_estimators=50;, score=0.875 total time=   0.1s
[CV 3/5] END max_depth=None, min_samples_leaf=1, min_samples_split=5, n_estimators=50;, score=0.750 total time=   0.1s
[CV 5/5] END max_depth=None, min_samples_leaf=1, min_samples_split=5, n_estimators=50;, score=0.839 total time=   0.1s
[CV 2/5] END max_depth=None, min_samples_leaf=1, min_samples_split=5, n_estimators=100;, score=0.875 total time=   0.2s
[CV 4/5] END max_depth=None, min_samples_leaf=1, min_samples_split=5, n_estimators=100;, score=0.903 total time=   0.2s
[CV 1/5] END max_depth=None, min_samples_leaf=1, min_samples_split=5, n_estimators=200;, score=0.875 total time=   0.4s
[CV 3/5] END max_depth=None, min_samples_leaf=1, min_samples_split=5, n_estimators=200;, score=0.750 total time=   0.3s
[CV 5/5] END max_depth=None, min_samples_leaf=1, min_samples_split=5, n_estimators=200;, score=0.839 total time=   0.3s
[CV 2/5] END max_depth=None, min_samples_leaf=1, min_samples_split=10, n_estimators=50;, score=0.875 total time=   0.1s
[CV 4/5] END max_depth=None, min_samples_leaf=1, min_samples_split=10, n_estimators=50;, score=1.000 total time=   0.1s
[CV 2/5] END max_depth=None, min_samples_leaf=1, min_samples_split=10, n_estimators=100;, score=0.875 total time=   0.2s
[CV 5/5] END max_depth=None, min_samples_leaf=1, min_samples_split=10, n_estimators=100;, score=0.839 total time=   0.2s
[CV 3/5] END max_depth=None, min_samples_leaf=1, min_samples_split=10, n_estimators=200;, score=0.750 total time=   0.3s
[CV 1/5] END max_depth=None, min_samples_leaf=2, min_samples_split=2, n_estimators=10;, score=0.844 total time=   0.0s
[CV 2/5] END max_depth=None, min_samples_leaf=2, min_samples_split=2, n_estimators=10;, score=0.875 total time=   0.0s
[CV 3/5] END max_depth=None, min_samples_leaf=2, min_samples_split=2, n_estimators=10;, score=0.750 total time=   0.0s
[CV 4/5] END max_depth=None, min_samples_leaf=2, min_samples_split=2, n_estimators=10;, score=0.903 total time=   0.0s
[CV 5/5] END max_depth=None, min_samples_leaf=2, min_samples_split=2, n_estimators=10;, score=0.839 total time=   0.0s
[CV 1/5] END max_depth=None, min_samples_leaf=2, min_samples_split=2, n_estimators=50;, score=0.844 total time=   0.1s
[CV 2/5] END max_depth=None, min_samples_leaf=2, min_samples_split=2, n_estimators=50;, score=0.875 total time=   0.1s
[CV 3/5] END max_depth=None, min_samples_leaf=2, min_samples_split=2, n_estimators=50;, score=0.750 total time=   0.1s
[CV 2/5] END max_depth=None, min_samples_leaf=2, min_samples_split=2, n_estimators=100;, score=0.875 total time=   0.2s
[CV 1/5] END max_depth=None, min_samples_leaf=2, min_samples_split=2, n_estimators=200;, score=0.875 total time=   0.4s
[CV 5/5] END max_depth=None, min_samples_leaf=2, min_samples_split=2, n_estimators=200;, score=0.839 total time=   0.3s
[CV 2/5] END max_depth=None, min_samples_leaf=2, min_samples_split=5, n_estimators=100;, score=0.875 total time=   0.2s
[CV 1/5] END max_depth=None, min_samples_leaf=2, min_samples_split=5, n_estimators=200;, score=0.875 total time=   0.3s
[CV 5/5] END max_depth=None, min_samples_leaf=2, min_samples_split=5, n_estimators=200;, score=0.839 total time=   0.3s
[CV 4/5] END max_depth=None, min_samples_leaf=2, min_samples_split=10, n_estimators=100;, score=0.968 total time=   0.2s
[CV 3/5] END max_depth=None, min_samples_leaf=2, min_samples_split=10, n_estimators=200;, score=0.750 total time=   0.4s
[CV 2/5] END max_depth=None, min_samples_leaf=4, min_samples_split=2, n_estimators=10;, score=0.875 total time=   0.0s
[CV 4/5] END max_depth=None, min_samples_leaf=4, min_samples_split=2, n_estimators=10;, score=0.903 total time=   0.0s
[CV 1/5] END max_depth=None, min_samples_leaf=4, min_samples_split=2, n_estimators=50;, score=0.875 total time=   0.1s
[CV 5/5] END max_depth=None, min_samples_leaf=4, min_samples_split=2, n_estimators=50;, score=0.839 total time=   0.1s
[CV 2/5] END max_depth=None, min_samples_leaf=4, min_samples_split=2, n_estimators=100;, score=0.875 total time=   0.2s
[CV 1/5] END max_depth=None, min_samples_leaf=4, min_samples_split=2, n_estimators=200;, score=0.875 total time=   0.3s
[CV 5/5] END max_depth=None, min_samples_leaf=4, min_samples_split=2, n_estimators=200;, score=0.839 total time=   0.3s
[CV 4/5] END max_depth=None, min_samples_leaf=4, min_samples_split=5, n_estimators=100;, score=0.935 total time=   0.2s
[CV 3/5] END max_depth=None, min_samples_leaf=4, min_samples_split=5, n_estimators=200;, score=0.750 total time=   0.4s
[CV 2/5] END max_depth=None, min_samples_leaf=4, min_samples_split=10, n_estimators=10;, score=0.875 total time=   0.0s
[CV 4/5] END max_depth=None, min_samples_leaf=4, min_samples_split=10, n_estimators=10;, score=0.935 total time=   0.0s
[CV 1/5] END max_depth=None, min_samples_leaf=4, min_samples_split=10, n_estimators=50;, score=0.875 total time=   0.1s
[CV 4/5] END max_depth=None, min_samples_leaf=4, min_samples_split=10, n_estimators=50;, score=1.000 total time=   0.1s
[CV 2/5] END max_depth=None, min_samples_leaf=4, min_samples_split=10, n_estimators=100;, score=0.875 total time=   0.2s
[CV 5/5] END max_depth=None, min_samples_leaf=4, min_samples_split=10, n_estimators=100;, score=0.806 total time=   0.2s
[CV 4/5] END max_depth=None, min_samples_leaf=4, min_samples_split=10, n_estimators=200;, score=0.935 total time=   0.3s
[CV 3/5] END max_depth=10, min_samples_leaf=1, min_samples_split=2, n_estimators=50;, score=0.750 total time=   0.1s
[CV 1/5] END max_depth=10, min_samples_leaf=1, min_samples_split=2, n_estimators=100;, score=0.875 total time=   0.2s
[CV 5/5] END max_depth=10, min_samples_leaf=1, min_samples_split=2, n_estimators=100;, score=0.839 total time=   0.2s
[CV 4/5] END max_depth=10, min_samples_leaf=1, min_samples_split=2, n_estimators=200;, score=0.839 total time=   0.4s
[CV 3/5] END max_depth=10, min_samples_leaf=1, min_samples_split=5, n_estimators=50;, score=0.750 total time=   0.1s
[CV 1/5] END max_depth=10, min_samples_leaf=1, min_samples_split=5, n_estimators=100;, score=0.875 total time=   0.2s
[CV 5/5] END max_depth=10, min_samples_leaf=1, min_samples_split=5, n_estimators=100;, score=0.839 total time=   0.2s
[CV 4/5] END max_depth=10, min_samples_leaf=1, min_samples_split=5, n_estimators=200;, score=0.903 total time=   0.3s
[CV 1/5] END max_depth=10, min_samples_leaf=1, min_samples_split=10, n_estimators=50;, score=0.812 total time=   0.1s
[CV 4/5] END max_depth=10, min_samples_leaf=1, min_samples_split=10, n_estimators=50;, score=1.000 total time=   0.1s
[CV 2/5] END max_depth=10, min_samples_leaf=1, min_samples_split=10, n_estimators=100;, score=0.875 total time=   0.2s
[CV 1/5] END max_depth=10, min_samples_leaf=1, min_samples_split=10, n_estimators=200;, score=0.875 total time=   0.4s
[CV 4/5] END max_depth=None, min_samples_leaf=1, min_samples_split=2, n_estimators=10;, score=0.871 total time=   0.1s
[CV 5/5] END max_depth=None, min_samples_leaf=1, min_samples_split=10, n_estimators=50;, score=0.839 total time=   0.1s
[CV 3/5] END max_depth=None, min_samples_leaf=1, min_samples_split=10, n_estimators=100;, score=0.750 total time=   0.2s
[CV 1/5] END max_depth=None, min_samples_leaf=1, min_samples_split=10, n_estimators=200;, score=0.875 total time=   0.4s
[CV 4/5] END max_depth=None, min_samples_leaf=1, min_samples_split=10, n_estimators=200;, score=0.935 total time=   0.4s
[CV 4/5] END max_depth=None, min_samples_leaf=2, min_samples_split=2, n_estimators=50;, score=0.935 total time=   0.1s
[CV 3/5] END max_depth=None, min_samples_leaf=2, min_samples_split=2, n_estimators=100;, score=0.750 total time=   0.2s
[CV 2/5] END max_depth=None, min_samples_leaf=2, min_samples_split=2, n_estimators=200;, score=0.875 total time=   0.4s
[CV 1/5] END max_depth=None, min_samples_leaf=2, min_samples_split=5, n_estimators=10;, score=0.812 total time=   0.0s
[CV 2/5] END max_depth=None, min_samples_leaf=2, min_samples_split=5, n_estimators=10;, score=0.875 total time=   0.0s
[CV 3/5] END max_depth=None, min_samples_leaf=2, min_samples_split=5, n_estimators=10;, score=0.750 total time=   0.0s
[CV 4/5] END max_depth=None, min_samples_leaf=2, min_samples_split=5, n_estimators=10;, score=0.935 total time=   0.0s
[CV 2/5] END max_depth=None, min_samples_leaf=2, min_samples_split=5, n_estimators=50;, score=0.875 total time=   0.1s
[CV 4/5] END max_depth=None, min_samples_leaf=2, min_samples_split=5, n_estimators=50;, score=0.903 total time=   0.1s
[CV 3/5] END max_depth=None, min_samples_leaf=2, min_samples_split=5, n_estimators=100;, score=0.750 total time=   0.2s
[CV 3/5] END max_depth=None, min_samples_leaf=2, min_samples_split=5, n_estimators=200;, score=0.750 total time=   0.4s
[CV 1/5] END max_depth=None, min_samples_leaf=2, min_samples_split=10, n_estimators=10;, score=0.875 total time=   0.0s
[CV 3/5] END max_depth=None, min_samples_leaf=2, min_samples_split=10, n_estimators=10;, score=0.781 total time=   0.0s
[CV 5/5] END max_depth=None, min_samples_leaf=2, min_samples_split=10, n_estimators=10;, score=0.839 total time=   0.0s
[CV 2/5] END max_depth=None, min_samples_leaf=2, min_samples_split=10, n_estimators=50;, score=0.875 total time=   0.1s
[CV 5/5] END max_depth=None, min_samples_leaf=2, min_samples_split=10, n_estimators=50;, score=0.839 total time=   0.1s
[CV 3/5] END max_depth=None, min_samples_leaf=2, min_samples_split=10, n_estimators=100;, score=0.750 total time=   0.2s
[CV 2/5] END max_depth=None, min_samples_leaf=2, min_samples_split=10, n_estimators=200;, score=0.875 total time=   0.4s
[CV 1/5] END max_depth=None, min_samples_leaf=4, min_samples_split=2, n_estimators=10;, score=0.844 total time=   0.0s
[CV 3/5] END max_depth=None, min_samples_leaf=4, min_samples_split=2, n_estimators=10;, score=0.812 total time=   0.0s
[CV 5/5] END max_depth=None, min_samples_leaf=4, min_samples_split=2, n_estimators=10;, score=0.839 total time=   0.0s
[CV 2/5] END max_depth=None, min_samples_leaf=4, min_samples_split=2, n_estimators=50;, score=0.875 total time=   0.1s
[CV 4/5] END max_depth=None, min_samples_leaf=4, min_samples_split=2, n_estimators=50;, score=1.000 total time=   0.1s
[CV 3/5] END max_depth=None, min_samples_leaf=4, min_samples_split=2, n_estimators=100;, score=0.781 total time=   0.2s
[CV 2/5] END max_depth=None, min_samples_leaf=4, min_samples_split=2, n_estimators=200;, score=0.875 total time=   0.4s
[CV 1/5] END max_depth=None, min_samples_leaf=4, min_samples_split=5, n_estimators=10;, score=0.844 total time=   0.0s
[CV 2/5] END max_depth=None, min_samples_leaf=4, min_samples_split=5, n_estimators=10;, score=0.875 total time=   0.0s
[CV 3/5] END max_depth=None, min_samples_leaf=4, min_samples_split=5, n_estimators=10;, score=0.812 total time=   0.0s
[CV 5/5] END max_depth=None, min_samples_leaf=4, min_samples_split=5, n_estimators=10;, score=0.839 total time=   0.0s
[CV 2/5] END max_depth=None, min_samples_leaf=4, min_samples_split=5, n_estimators=50;, score=0.875 total time=   0.1s
[CV 5/5] END max_depth=None, min_samples_leaf=4, min_samples_split=5, n_estimators=50;, score=0.839 total time=   0.1s
[CV 3/5] END max_depth=None, min_samples_leaf=4, min_samples_split=5, n_estimators=100;, score=0.781 total time=   0.2s
[CV 2/5] END max_depth=None, min_samples_leaf=4, min_samples_split=5, n_estimators=200;, score=0.875 total time=   0.4s
[CV 5/5] END max_depth=None, min_samples_leaf=4, min_samples_split=5, n_estimators=200;, score=0.839 total time=   0.4s
[CV 4/5] END max_depth=None, min_samples_leaf=4, min_samples_split=10, n_estimators=100;, score=0.968 total time=   0.2s
[CV 3/5] END max_depth=None, min_samples_leaf=4, min_samples_split=10, n_estimators=200;, score=0.781 total time=   0.4s
[CV 2/5] END max_depth=10, min_samples_leaf=1, min_samples_split=2, n_estimators=50;, score=0.875 total time=   0.1s
[CV 5/5] END max_depth=10, min_samples_leaf=1, min_samples_split=2, n_estimators=50;, score=0.839 total time=   0.1s
[CV 2/5] END max_depth=10, min_samples_leaf=1, min_samples_split=2, n_estimators=100;, score=0.875 total time=   0.2s
[CV 1/5] END max_depth=10, min_samples_leaf=1, min_samples_split=2, n_estimators=200;, score=0.875 total time=   0.4s
[CV 1/5] END max_depth=10, min_samples_leaf=1, min_samples_split=5, n_estimators=10;, score=0.844 total time=   0.0s
[CV 2/5] END max_depth=10, min_samples_leaf=1, min_samples_split=5, n_estimators=10;, score=0.875 total time=   0.0s
[CV 4/5] END max_depth=10, min_samples_leaf=1, min_samples_split=5, n_estimators=10;, score=0.839 total time=   0.0s
[CV 1/5] END max_depth=10, min_samples_leaf=1, min_samples_split=5, n_estimators=50;, score=0.844 total time=   0.1s
[CV 4/5] END max_depth=10, min_samples_leaf=1, min_samples_split=5, n_estimators=50;, score=0.935 total time=   0.1s
[CV 2/5] END max_depth=10, min_samples_leaf=1, min_samples_split=5, n_estimators=100;, score=0.875 total time=   0.2s
[CV 1/5] END max_depth=10, min_samples_leaf=1, min_samples_split=5, n_estimators=200;, score=0.875 total time=   0.4s
[CV 5/5] END max_depth=10, min_samples_leaf=1, min_samples_split=5, n_estimators=200;, score=0.839 total time=   0.4s
[CV 4/5] END max_depth=10, min_samples_leaf=1, min_samples_split=10, n_estimators=100;, score=0.968 total time=   0.2s
[CV 3/5] END max_depth=10, min_samples_leaf=1, min_samples_split=10, n_estimators=200;, score=0.750 total time=   0.4s
[CV 4/5] END max_depth=10, min_samples_leaf=2, min_samples_split=2, n_estimators=10;, score=0.903 total time=   0.0s
[CV 1/5] END max_depth=10, min_samples_leaf=2, min_samples_split=2, n_estimators=50;, score=0.844 total time=   0.1s
[CV 4/5] END max_depth=10, min_samples_leaf=2, min_samples_split=2, n_estimators=50;, score=0.935 total time=   0.1s
[CV 2/5] END max_depth=10, min_samples_leaf=2, min_samples_split=2, n_estimators=100;, score=0.875 total time=   0.2s
[CV 1/5] END max_depth=10, min_samples_leaf=2, min_samples_split=2, n_estimators=200;, score=0.875 total time=   0.4s
[CV 5/5] END max_depth=10, min_samples_leaf=2, min_samples_split=2, n_estimators=200;, score=0.839 total time=   0.4s
[CV 4/5] END max_depth=10, min_samples_leaf=2, min_samples_split=5, n_estimators=100;, score=0.903 total time=   0.2s
[CV 3/5] END max_depth=10, min_samples_leaf=2, min_samples_split=5, n_estimators=200;, score=0.750 total time=   0.4s
[CV 2/5] END max_depth=10, min_samples_leaf=2, min_samples_split=10, n_estimators=10;, score=0.875 total time=   0.0s
[CV 4/5] END max_depth=10, min_samples_leaf=2, min_samples_split=10, n_estimators=10;, score=0.871 total time=   0.0s
[CV 2/5] END max_depth=10, min_samples_leaf=2, min_samples_split=10, n_estimators=50;, score=0.875 total time=   0.1s
[CV 1/5] END max_depth=10, min_samples_leaf=2, min_samples_split=10, n_estimators=100;, score=0.875 total time=   0.2s
[CV 5/5] END max_depth=10, min_samples_leaf=2, min_samples_split=10, n_estimators=100;, score=0.839 total time=   0.2s
[CV 2/5] END max_depth=None, min_samples_leaf=1, min_samples_split=2, n_estimators=10;, score=0.875 total time=   0.1s
[CV 5/5] END max_depth=None, min_samples_leaf=2, min_samples_split=2, n_estimators=50;, score=0.839 total time=   0.1s
[CV 4/5] END max_depth=None, min_samples_leaf=2, min_samples_split=2, n_estimators=100;, score=0.903 total time=   0.2s
[CV 3/5] END max_depth=None, min_samples_leaf=2, min_samples_split=2, n_estimators=200;, score=0.750 total time=   0.4s
[CV 5/5] END max_depth=None, min_samples_leaf=2, min_samples_split=5, n_estimators=10;, score=0.871 total time=   0.0s
[CV 3/5] END max_depth=None, min_samples_leaf=2, min_samples_split=5, n_estimators=50;, score=0.750 total time=   0.1s
[CV 1/5] END max_depth=None, min_samples_leaf=2, min_samples_split=5, n_estimators=100;, score=0.875 total time=   0.2s
[CV 5/5] END max_depth=None, min_samples_leaf=2, min_samples_split=5, n_estimators=100;, score=0.839 total time=   0.2s
[CV 4/5] END max_depth=None, min_samples_leaf=2, min_samples_split=5, n_estimators=200;, score=0.903 total time=   0.4s
[CV 3/5] END max_depth=None, min_samples_leaf=2, min_samples_split=10, n_estimators=50;, score=0.750 total time=   0.1s
[CV 1/5] END max_depth=None, min_samples_leaf=2, min_samples_split=10, n_estimators=100;, score=0.875 total time=   0.2s
[CV 5/5] END max_depth=None, min_samples_leaf=2, min_samples_split=10, n_estimators=100;, score=0.839 total time=   0.2s
[CV 4/5] END max_depth=None, min_samples_leaf=2, min_samples_split=10, n_estimators=200;, score=0.968 total time=   0.4s
[CV 3/5] END max_depth=None, min_samples_leaf=4, min_samples_split=2, n_estimators=50;, score=0.750 total time=   0.1s
[CV 1/5] END max_depth=None, min_samples_leaf=4, min_samples_split=2, n_estimators=100;, score=0.875 total time=   0.2s
[CV 5/5] END max_depth=None, min_samples_leaf=4, min_samples_split=2, n_estimators=100;, score=0.806 total time=   0.2s
[CV 4/5] END max_depth=None, min_samples_leaf=4, min_samples_split=2, n_estimators=200;, score=0.935 total time=   0.4s
[CV 3/5] END max_depth=None, min_samples_leaf=4, min_samples_split=5, n_estimators=50;, score=0.750 total time=   0.1s
[CV 1/5] END max_depth=None, min_samples_leaf=4, min_samples_split=5, n_estimators=100;, score=0.875 total time=   0.2s
[CV 5/5] END max_depth=None, min_samples_leaf=4, min_samples_split=5, n_estimators=100;, score=0.806 total time=   0.2s
[CV 4/5] END max_depth=None, min_samples_leaf=4, min_samples_split=5, n_estimators=200;, score=0.935 total time=   0.4s
[CV 3/5] END max_depth=None, min_samples_leaf=4, min_samples_split=10, n_estimators=50;, score=0.781 total time=   0.1s
[CV 1/5] END max_depth=None, min_samples_leaf=4, min_samples_split=10, n_estimators=100;, score=0.875 total time=   0.2s
[CV 1/5] END max_depth=None, min_samples_leaf=4, min_samples_split=10, n_estimators=200;, score=0.875 total time=   0.4s
[CV 5/5] END max_depth=None, min_samples_leaf=4, min_samples_split=10, n_estimators=200;, score=0.839 total time=   0.4s
[CV 4/5] END max_depth=10, min_samples_leaf=1, min_samples_split=2, n_estimators=100;, score=0.871 total time=   0.2s
[CV 2/5] END max_depth=10, min_samples_leaf=1, min_samples_split=2, n_estimators=200;, score=0.875 total time=   0.4s
[CV 3/5] END max_depth=10, min_samples_leaf=1, min_samples_split=5, n_estimators=10;, score=0.750 total time=   0.0s
[CV 5/5] END max_depth=10, min_samples_leaf=1, min_samples_split=5, n_estimators=10;, score=0.839 total time=   0.0s
[CV 2/5] END max_depth=10, min_samples_leaf=1, min_samples_split=5, n_estimators=50;, score=0.875 total time=   0.1s
[CV 5/5] END max_depth=10, min_samples_leaf=1, min_samples_split=5, n_estimators=50;, score=0.839 total time=   0.1s
[CV 3/5] END max_depth=10, min_samples_leaf=1, min_samples_split=5, n_estimators=100;, score=0.750 total time=   0.2s
[CV 2/5] END max_depth=10, min_samples_leaf=1, min_samples_split=5, n_estimators=200;, score=0.875 total time=   0.4s
[CV 1/5] END max_depth=10, min_samples_leaf=1, min_samples_split=10, n_estimators=10;, score=0.844 total time=   0.0s
[CV 2/5] END max_depth=10, min_samples_leaf=1, min_samples_split=10, n_estimators=10;, score=0.875 total time=   0.0s
[CV 3/5] END max_depth=10, min_samples_leaf=1, min_samples_split=10, n_estimators=10;, score=0.812 total time=   0.0s
[CV 4/5] END max_depth=10, min_samples_leaf=1, min_samples_split=10, n_estimators=10;, score=0.871 total time=   0.0s
[CV 2/5] END max_depth=10, min_samples_leaf=1, min_samples_split=10, n_estimators=50;, score=0.875 total time=   0.1s
[CV 5/5] END max_depth=10, min_samples_leaf=1, min_samples_split=10, n_estimators=50;, score=0.839 total time=   0.1s
[CV 3/5] END max_depth=10, min_samples_leaf=1, min_samples_split=10, n_estimators=100;, score=0.750 total time=   0.2s
[CV 2/5] END max_depth=10, min_samples_leaf=1, min_samples_split=10, n_estimators=200;, score=0.875 total time=   0.4s
[CV 1/5] END max_depth=10, min_samples_leaf=2, min_samples_split=2, n_estimators=10;, score=0.844 total time=   0.0s
[CV 2/5] END max_depth=10, min_samples_leaf=2, min_samples_split=2, n_estimators=10;, score=0.875 total time=   0.0s
[CV 3/5] END max_depth=10, min_samples_leaf=2, min_samples_split=2, n_estimators=10;, score=0.750 total time=   0.0s
[CV 5/5] END max_depth=10, min_samples_leaf=2, min_samples_split=2, n_estimators=10;, score=0.839 total time=   0.0s
[CV 2/5] END max_depth=10, min_samples_leaf=2, min_samples_split=2, n_estimators=50;, score=0.875 total time=   0.1s
[CV 5/5] END max_depth=10, min_samples_leaf=2, min_samples_split=2, n_estimators=50;, score=0.839 total time=   0.1s
[CV 3/5] END max_depth=10, min_samples_leaf=2, min_samples_split=2, n_estimators=100;, score=0.750 total time=   0.2s
[CV 2/5] END max_depth=10, min_samples_leaf=2, min_samples_split=2, n_estimators=200;, score=0.875 total time=   0.4s
[CV 2/5] END max_depth=10, min_samples_leaf=2, min_samples_split=5, n_estimators=10;, score=0.875 total time=   0.0s
[CV 4/5] END max_depth=10, min_samples_leaf=2, min_samples_split=5, n_estimators=10;, score=0.935 total time=   0.0s
[CV 1/5] END max_depth=10, min_samples_leaf=2, min_samples_split=5, n_estimators=50;, score=0.844 total time=   0.1s
[CV 4/5] END max_depth=10, min_samples_leaf=2, min_samples_split=5, n_estimators=50;, score=0.903 total time=   0.1s
[CV 2/5] END max_depth=10, min_samples_leaf=2, min_samples_split=5, n_estimators=100;, score=0.875 total time=   0.2s
[CV 1/5] END max_depth=10, min_samples_leaf=2, min_samples_split=5, n_estimators=200;, score=0.875 total time=   0.4s
[CV 5/5] END max_depth=10, min_samples_leaf=2, min_samples_split=5, n_estimators=200;, score=0.839 total time=   0.4s
[CV 4/5] END max_depth=10, min_samples_leaf=2, min_samples_split=10, n_estimators=100;, score=0.968 total time=   0.2s
[CV 3/5] END max_depth=10, min_samples_leaf=2, min_samples_split=10, n_estimators=200;, score=0.750 total time=   0.4s
[CV 2/5] END max_depth=10, min_samples_leaf=4, min_samples_split=2, n_estimators=10;, score=0.875 total time=   0.0s
[CV 4/5] END max_depth=10, min_samples_leaf=4, min_samples_split=2, n_estimators=10;, score=0.903 total time=   0.0s
[CV 1/5] END max_depth=10, min_samples_leaf=4, min_samples_split=2, n_estimators=50;, score=0.875 total time=   0.1s
[CV 4/5] END max_depth=10, min_samples_leaf=4, min_samples_split=2, n_estimators=50;, score=1.000 total time=   0.1s
[CV 2/5] END max_depth=10, min_samples_leaf=4, min_samples_split=2, n_estimators=100;, score=0.875 total time=   0.2s
[CV 1/5] END max_depth=10, min_samples_leaf=4, min_samples_split=2, n_estimators=200;, score=0.875 total time=   0.4s
[CV 5/5] END max_depth=10, min_samples_leaf=4, min_samples_split=2, n_estimators=200;, score=0.839 total time=   0.4s
[CV 4/5] END max_depth=10, min_samples_leaf=4, min_samples_split=5, n_estimators=100;, score=0.935 total time=   0.2s
[CV 3/5] END max_depth=10, min_samples_leaf=4, min_samples_split=5, n_estimators=200;, score=0.750 total time=   0.4s
[CV 4/5] END max_depth=10, min_samples_leaf=4, min_samples_split=10, n_estimators=10;, score=0.935 total time=   0.0s
[CV 1/5] END max_depth=10, min_samples_leaf=4, min_samples_split=10, n_estimators=50;, score=0.875 total time=   0.1s
[CV 4/5] END max_depth=10, min_samples_leaf=1, min_samples_split=5, n_estimators=100;, score=0.903 total time=   0.2s
[CV 3/5] END max_depth=10, min_samples_leaf=1, min_samples_split=5, n_estimators=200;, score=0.750 total time=   0.4s
[CV 5/5] END max_depth=10, min_samples_leaf=1, min_samples_split=10, n_estimators=10;, score=0.839 total time=   0.0s
[CV 3/5] END max_depth=10, min_samples_leaf=1, min_samples_split=10, n_estimators=50;, score=0.750 total time=   0.1s
[CV 1/5] END max_depth=10, min_samples_leaf=1, min_samples_split=10, n_estimators=100;, score=0.875 total time=   0.2s
[CV 5/5] END max_depth=10, min_samples_leaf=1, min_samples_split=10, n_estimators=100;, score=0.839 total time=   0.2s
[CV 4/5] END max_depth=10, min_samples_leaf=1, min_samples_split=10, n_estimators=200;, score=0.935 total time=   0.4s
[CV 3/5] END max_depth=10, min_samples_leaf=2, min_samples_split=2, n_estimators=50;, score=0.750 total time=   0.1s
[CV 1/5] END max_depth=10, min_samples_leaf=2, min_samples_split=2, n_estimators=100;, score=0.875 total time=   0.2s
[CV 5/5] END max_depth=10, min_samples_leaf=2, min_samples_split=2, n_estimators=100;, score=0.839 total time=   0.2s
[CV 4/5] END max_depth=10, min_samples_leaf=2, min_samples_split=2, n_estimators=200;, score=0.903 total time=   0.4s
[CV 3/5] END max_depth=10, min_samples_leaf=2, min_samples_split=5, n_estimators=50;, score=0.750 total time=   0.1s
[CV 5/5] END max_depth=10, min_samples_leaf=2, min_samples_split=5, n_estimators=50;, score=0.839 total time=   0.1s
[CV 3/5] END max_depth=10, min_samples_leaf=2, min_samples_split=5, n_estimators=100;, score=0.750 total time=   0.2s
[CV 2/5] END max_depth=10, min_samples_leaf=2, min_samples_split=5, n_estimators=200;, score=0.875 total time=   0.4s
[CV 1/5] END max_depth=10, min_samples_leaf=2, min_samples_split=10, n_estimators=10;, score=0.875 total time=   0.0s
[CV 3/5] END max_depth=10, min_samples_leaf=2, min_samples_split=10, n_estimators=10;, score=0.781 total time=   0.0s
[CV 5/5] END max_depth=10, min_samples_leaf=2, min_samples_split=10, n_estimators=10;, score=0.839 total time=   0.0s
[CV 3/5] END max_depth=10, min_samples_leaf=2, min_samples_split=10, n_estimators=50;, score=0.750 total time=   0.1s
[CV 5/5] END max_depth=10, min_samples_leaf=2, min_samples_split=10, n_estimators=50;, score=0.839 total time=   0.1s
[CV 3/5] END max_depth=10, min_samples_leaf=2, min_samples_split=10, n_estimators=100;, score=0.750 total time=   0.2s
[CV 2/5] END max_depth=10, min_samples_leaf=2, min_samples_split=10, n_estimators=200;, score=0.875 total time=   0.4s
[CV 1/5] END max_depth=10, min_samples_leaf=4, min_samples_split=2, n_estimators=10;, score=0.844 total time=   0.0s
[CV 3/5] END max_depth=10, min_samples_leaf=4, min_samples_split=2, n_estimators=10;, score=0.812 total time=   0.0s
[CV 5/5] END max_depth=10, min_samples_leaf=4, min_samples_split=2, n_estimators=10;, score=0.839 total time=   0.0s
[CV 3/5] END max_depth=10, min_samples_leaf=4, min_samples_split=2, n_estimators=50;, score=0.750 total time=   0.1s
[CV 1/5] END max_depth=10, min_samples_leaf=4, min_samples_split=2, n_estimators=100;, score=0.875 total time=   0.2s
[CV 5/5] END max_depth=10, min_samples_leaf=4, min_samples_split=2, n_estimators=100;, score=0.806 total time=   0.2s
[CV 4/5] END max_depth=10, min_samples_leaf=4, min_samples_split=2, n_estimators=200;, score=0.935 total time=   0.4s
[CV 2/5] END max_depth=10, min_samples_leaf=4, min_samples_split=5, n_estimators=50;, score=0.875 total time=   0.1s
[CV 1/5] END max_depth=10, min_samples_leaf=4, min_samples_split=5, n_estimators=100;, score=0.875 total time=   0.2s
[CV 5/5] END max_depth=10, min_samples_leaf=4, min_samples_split=5, n_estimators=100;, score=0.806 total time=   0.2s
[CV 4/5] END max_depth=10, min_samples_leaf=4, min_samples_split=5, n_estimators=200;, score=0.935 total time=   0.4s
[CV 2/5] END max_depth=10, min_samples_leaf=4, min_samples_split=10, n_estimators=50;, score=0.875 total time=   0.1s
[CV 4/5] END max_depth=10, min_samples_leaf=4, min_samples_split=10, n_estimators=50;, score=1.000 total time=   0.1s
[CV 2/5] END max_depth=10, min_samples_leaf=4, min_samples_split=10, n_estimators=100;, score=0.875 total time=   0.2s
[CV 1/5] END max_depth=10, min_samples_leaf=4, min_samples_split=10, n_estimators=200;, score=0.875 total time=   0.4s
[CV 2/5] END max_depth=20, min_samples_leaf=1, min_samples_split=2, n_estimators=10;, score=0.875 total time=   0.0s
[CV 4/5] END max_depth=20, min_samples_leaf=1, min_samples_split=2, n_estimators=10;, score=0.871 total time=   0.0s
[CV 1/5] END max_depth=20, min_samples_leaf=1, min_samples_split=2, n_estimators=50;, score=0.812 total time=   0.1s
[CV 4/5] END max_depth=20, min_samples_leaf=1, min_samples_split=2, n_estimators=50;, score=0.903 total time=   0.1s
[CV 2/5] END max_depth=20, min_samples_leaf=1, min_samples_split=2, n_estimators=100;, score=0.875 total time=   0.2s
[CV 1/5] END max_depth=20, min_samples_leaf=1, min_samples_split=2, n_estimators=200;, score=0.844 total time=   0.4s
[CV 5/5] END max_depth=20, min_samples_leaf=1, min_samples_split=2, n_estimators=200;, score=0.839 total time=   0.4s
[CV 4/5] END max_depth=20, min_samples_leaf=1, min_samples_split=5, n_estimators=100;, score=0.903 total time=   0.2s
[CV 3/5] END max_depth=20, min_samples_leaf=1, min_samples_split=5, n_estimators=200;, score=0.750 total time=   0.4s
[CV 3/5] END max_depth=20, min_samples_leaf=1, min_samples_split=10, n_estimators=10;, score=0.812 total time=   0.0s
[CV 5/5] END max_depth=20, min_samples_leaf=1, min_samples_split=10, n_estimators=10;, score=0.839 total time=   0.0s
[CV 2/5] END max_depth=20, min_samples_leaf=1, min_samples_split=10, n_estimators=50;, score=0.875 total time=   0.1s
[CV 5/5] END max_depth=20, min_samples_leaf=1, min_samples_split=10, n_estimators=50;, score=0.839 total time=   0.1s
[CV 3/5] END max_depth=20, min_samples_leaf=1, min_samples_split=10, n_estimators=100;, score=0.750 total time=   0.2s
[CV 2/5] END max_depth=20, min_samples_leaf=1, min_samples_split=10, n_estimators=200;, score=0.875 total time=   0.4s
[CV 2/5] END max_depth=20, min_samples_leaf=2, min_samples_split=2, n_estimators=10;, score=0.875 total time=   0.0s
[CV 4/5] END max_depth=20, min_samples_leaf=2, min_samples_split=2, n_estimators=10;, score=0.903 total time=   0.0s
[CV 2/5] END max_depth=20, min_samples_leaf=2, min_samples_split=2, n_estimators=50;, score=0.875 total time=   0.1s
[CV 5/5] END max_depth=20, min_samples_leaf=2, min_samples_split=2, n_estimators=50;, score=0.839 total time=   0.1s
[CV 3/5] END max_depth=20, min_samples_leaf=2, min_samples_split=2, n_estimators=100;, score=0.750 total time=   0.2s
[CV 2/5] END max_depth=20, min_samples_leaf=2, min_samples_split=2, n_estimators=200;, score=0.875 total time=   0.4s
[CV 5/5] END max_depth=20, min_samples_leaf=2, min_samples_split=2, n_estimators=200;, score=0.839 total time=   0.4s
[CV 5/5] END max_depth=20, min_samples_leaf=2, min_samples_split=5, n_estimators=100;, score=0.839 total time=   0.2s
[CV 4/5] END max_depth=20, min_samples_leaf=2, min_samples_split=5, n_estimators=200;, score=0.903 total time=   0.4s
[CV 1/5] END max_depth=20, min_samples_leaf=2, min_samples_split=10, n_estimators=50;, score=0.875 total time=   0.1s
[CV 4/5] END max_depth=20, min_samples_leaf=2, min_samples_split=10, n_estimators=50;, score=1.000 total time=   0.1s
[CV 2/5] END max_depth=20, min_samples_leaf=2, min_samples_split=10, n_estimators=100;, score=0.875 total time=   0.2s
[CV 1/5] END max_depth=20, min_samples_leaf=2, min_samples_split=10, n_estimators=200;, score=0.875 total time=   0.4s
[CV 2/5] END max_depth=20, min_samples_leaf=4, min_samples_split=2, n_estimators=10;, score=0.875 total time=   0.0s
[CV 4/5] END max_depth=20, min_samples_leaf=4, min_samples_split=2, n_estimators=10;, score=0.903 total time=   0.0s
[CV 1/5] END max_depth=20, min_samples_leaf=4, min_samples_split=2, n_estimators=50;, score=0.875 total time=   0.1s
[CV 4/5] END max_depth=20, min_samples_leaf=4, min_samples_split=2, n_estimators=50;, score=1.000 total time=   0.1s
[CV 5/5] END max_depth=10, min_samples_leaf=1, min_samples_split=10, n_estimators=200;, score=0.839 total time=   0.3s
[CV 4/5] END max_depth=10, min_samples_leaf=2, min_samples_split=2, n_estimators=100;, score=0.903 total time=   0.2s
[CV 3/5] END max_depth=10, min_samples_leaf=2, min_samples_split=2, n_estimators=200;, score=0.750 total time=   0.4s
[CV 1/5] END max_depth=10, min_samples_leaf=2, min_samples_split=5, n_estimators=10;, score=0.812 total time=   0.0s
[CV 3/5] END max_depth=10, min_samples_leaf=2, min_samples_split=5, n_estimators=10;, score=0.750 total time=   0.0s
[CV 5/5] END max_depth=10, min_samples_leaf=2, min_samples_split=5, n_estimators=10;, score=0.871 total time=   0.0s
[CV 2/5] END max_depth=10, min_samples_leaf=2, min_samples_split=5, n_estimators=50;, score=0.875 total time=   0.1s
[CV 1/5] END max_depth=10, min_samples_leaf=2, min_samples_split=5, n_estimators=100;, score=0.875 total time=   0.2s
[CV 5/5] END max_depth=10, min_samples_leaf=2, min_samples_split=5, n_estimators=100;, score=0.839 total time=   0.2s
[CV 4/5] END max_depth=10, min_samples_leaf=2, min_samples_split=5, n_estimators=200;, score=0.903 total time=   0.3s
[CV 1/5] END max_depth=10, min_samples_leaf=2, min_samples_split=10, n_estimators=50;, score=0.875 total time=   0.1s
[CV 4/5] END max_depth=10, min_samples_leaf=2, min_samples_split=10, n_estimators=50;, score=1.000 total time=   0.1s
[CV 2/5] END max_depth=10, min_samples_leaf=2, min_samples_split=10, n_estimators=100;, score=0.875 total time=   0.2s
[CV 1/5] END max_depth=10, min_samples_leaf=2, min_samples_split=10, n_estimators=200;, score=0.875 total time=   0.3s
[CV 5/5] END max_depth=10, min_samples_leaf=2, min_samples_split=10, n_estimators=200;, score=0.839 total time=   0.3s
[CV 4/5] END max_depth=10, min_samples_leaf=4, min_samples_split=2, n_estimators=100;, score=0.935 total time=   0.2s
[CV 3/5] END max_depth=10, min_samples_leaf=4, min_samples_split=2, n_estimators=200;, score=0.750 total time=   0.3s
[CV 3/5] END max_depth=10, min_samples_leaf=4, min_samples_split=5, n_estimators=10;, score=0.812 total time=   0.0s
[CV 5/5] END max_depth=10, min_samples_leaf=4, min_samples_split=5, n_estimators=10;, score=0.839 total time=   0.0s
[CV 3/5] END max_depth=10, min_samples_leaf=4, min_samples_split=5, n_estimators=50;, score=0.750 total time=   0.1s
[CV 5/5] END max_depth=10, min_samples_leaf=4, min_samples_split=5, n_estimators=50;, score=0.839 total time=   0.1s
[CV 2/5] END max_depth=10, min_samples_leaf=4, min_samples_split=5, n_estimators=100;, score=0.875 total time=   0.2s
[CV 1/5] END max_depth=10, min_samples_leaf=4, min_samples_split=5, n_estimators=200;, score=0.875 total time=   0.3s
[CV 5/5] END max_depth=10, min_samples_leaf=4, min_samples_split=5, n_estimators=200;, score=0.839 total time=   0.3s
[CV 4/5] END max_depth=10, min_samples_leaf=4, min_samples_split=10, n_estimators=100;, score=0.968 total time=   0.2s
[CV 3/5] END max_depth=10, min_samples_leaf=4, min_samples_split=10, n_estimators=200;, score=0.781 total time=   0.3s
[CV 1/5] END max_depth=20, min_samples_leaf=1, min_samples_split=2, n_estimators=10;, score=0.812 total time=   0.0s
[CV 3/5] END max_depth=20, min_samples_leaf=1, min_samples_split=2, n_estimators=10;, score=0.781 total time=   0.0s
[CV 5/5] END max_depth=20, min_samples_leaf=1, min_samples_split=2, n_estimators=10;, score=0.839 total time=   0.0s
[CV 2/5] END max_depth=20, min_samples_leaf=1, min_samples_split=2, n_estimators=50;, score=0.875 total time=   0.1s
[CV 5/5] END max_depth=20, min_samples_leaf=1, min_samples_split=2, n_estimators=50;, score=0.839 total time=   0.1s
[CV 3/5] END max_depth=20, min_samples_leaf=1, min_samples_split=2, n_estimators=100;, score=0.750 total time=   0.2s
[CV 2/5] END max_depth=20, min_samples_leaf=1, min_samples_split=2, n_estimators=200;, score=0.875 total time=   0.3s
[CV 1/5] END max_depth=20, min_samples_leaf=1, min_samples_split=5, n_estimators=10;, score=0.844 total time=   0.0s
[CV 2/5] END max_depth=20, min_samples_leaf=1, min_samples_split=5, n_estimators=10;, score=0.875 total time=   0.0s
[CV 3/5] END max_depth=20, min_samples_leaf=1, min_samples_split=5, n_estimators=10;, score=0.750 total time=   0.0s
[CV 4/5] END max_depth=20, min_samples_leaf=1, min_samples_split=5, n_estimators=10;, score=0.839 total time=   0.0s
[CV 5/5] END max_depth=20, min_samples_leaf=1, min_samples_split=5, n_estimators=10;, score=0.839 total time=   0.0s
[CV 3/5] END max_depth=20, min_samples_leaf=1, min_samples_split=5, n_estimators=50;, score=0.750 total time=   0.1s
[CV 5/5] END max_depth=20, min_samples_leaf=1, min_samples_split=5, n_estimators=50;, score=0.839 total time=   0.1s
[CV 3/5] END max_depth=20, min_samples_leaf=1, min_samples_split=5, n_estimators=100;, score=0.750 total time=   0.2s
[CV 2/5] END max_depth=20, min_samples_leaf=1, min_samples_split=5, n_estimators=200;, score=0.875 total time=   0.4s
[CV 5/5] END max_depth=20, min_samples_leaf=1, min_samples_split=5, n_estimators=200;, score=0.839 total time=   0.3s
[CV 4/5] END max_depth=20, min_samples_leaf=1, min_samples_split=10, n_estimators=100;, score=0.968 total time=   0.2s
[CV 3/5] END max_depth=20, min_samples_leaf=1, min_samples_split=10, n_estimators=200;, score=0.750 total time=   0.3s
[CV 1/5] END max_depth=20, min_samples_leaf=2, min_samples_split=2, n_estimators=10;, score=0.844 total time=   0.0s
[CV 3/5] END max_depth=20, min_samples_leaf=2, min_samples_split=2, n_estimators=10;, score=0.750 total time=   0.0s
[CV 1/5] END max_depth=20, min_samples_leaf=2, min_samples_split=2, n_estimators=50;, score=0.844 total time=   0.1s
[CV 4/5] END max_depth=20, min_samples_leaf=2, min_samples_split=2, n_estimators=50;, score=0.935 total time=   0.1s
[CV 2/5] END max_depth=20, min_samples_leaf=2, min_samples_split=2, n_estimators=100;, score=0.875 total time=   0.2s
[CV 1/5] END max_depth=20, min_samples_leaf=2, min_samples_split=2, n_estimators=200;, score=0.875 total time=   0.4s
[CV 1/5] END max_depth=20, min_samples_leaf=2, min_samples_split=5, n_estimators=10;, score=0.812 total time=   0.0s
[CV 2/5] END max_depth=20, min_samples_leaf=2, min_samples_split=5, n_estimators=10;, score=0.875 total time=   0.0s
[CV 4/5] END max_depth=20, min_samples_leaf=2, min_samples_split=5, n_estimators=10;, score=0.935 total time=   0.0s
[CV 1/5] END max_depth=20, min_samples_leaf=2, min_samples_split=5, n_estimators=50;, score=0.844 total time=   0.1s
[CV 4/5] END max_depth=20, min_samples_leaf=2, min_samples_split=5, n_estimators=50;, score=0.903 total time=   0.1s
[CV 2/5] END max_depth=20, min_samples_leaf=2, min_samples_split=5, n_estimators=100;, score=0.875 total time=   0.2s
[CV 1/5] END max_depth=20, min_samples_leaf=2, min_samples_split=5, n_estimators=200;, score=0.875 total time=   0.3s
[CV 5/5] END max_depth=20, min_samples_leaf=2, min_samples_split=5, n_estimators=200;, score=0.839 total time=   0.3s
[CV 4/5] END max_depth=20, min_samples_leaf=2, min_samples_split=10, n_estimators=100;, score=0.968 total time=   0.2s
[CV 3/5] END max_depth=20, min_samples_leaf=2, min_samples_split=10, n_estimators=200;, score=0.750 total time=   0.3s
[CV 1/5] END max_depth=20, min_samples_leaf=4, min_samples_split=2, n_estimators=10;, score=0.844 total time=   0.0s
[CV 3/5] END max_depth=20, min_samples_leaf=4, min_samples_split=2, n_estimators=10;, score=0.812 total time=   0.0s
[CV 5/5] END max_depth=20, min_samples_leaf=4, min_samples_split=2, n_estimators=10;, score=0.839 total time=   0.0s
[CV 2/5] END max_depth=20, min_samples_leaf=4, min_samples_split=2, n_estimators=50;, score=0.875 total time=   0.1s
[CV 5/5] END max_depth=20, min_samples_leaf=4, min_samples_split=2, n_estimators=50;, score=0.839 total time=   0.1s
[CV 2/5] END max_depth=20, min_samples_leaf=4, min_samples_split=2, n_estimators=100;, score=0.875 total time=   0.2s
[CV 1/5] END max_depth=20, min_samples_leaf=4, min_samples_split=2, n_estimators=200;, score=0.875 total time=   0.3s
[CV 5/5] END max_depth=20, min_samples_leaf=4, min_samples_split=2, n_estimators=200;, score=0.839 total time=   0.3s
[CV 4/5] END max_depth=10, min_samples_leaf=2, min_samples_split=10, n_estimators=200;, score=0.968 total time=   0.4s
[CV 2/5] END max_depth=10, min_samples_leaf=4, min_samples_split=2, n_estimators=50;, score=0.875 total time=   0.1s
[CV 5/5] END max_depth=10, min_samples_leaf=4, min_samples_split=2, n_estimators=50;, score=0.839 total time=   0.1s
[CV 3/5] END max_depth=10, min_samples_leaf=4, min_samples_split=2, n_estimators=100;, score=0.781 total time=   0.2s
[CV 2/5] END max_depth=10, min_samples_leaf=4, min_samples_split=2, n_estimators=200;, score=0.875 total time=   0.4s
[CV 1/5] END max_depth=10, min_samples_leaf=4, min_samples_split=5, n_estimators=10;, score=0.844 total time=   0.0s
[CV 2/5] END max_depth=10, min_samples_leaf=4, min_samples_split=5, n_estimators=10;, score=0.875 total time=   0.0s
[CV 4/5] END max_depth=10, min_samples_leaf=4, min_samples_split=5, n_estimators=10;, score=0.903 total time=   0.0s
[CV 1/5] END max_depth=10, min_samples_leaf=4, min_samples_split=5, n_estimators=50;, score=0.875 total time=   0.1s
[CV 4/5] END max_depth=10, min_samples_leaf=4, min_samples_split=5, n_estimators=50;, score=1.000 total time=   0.1s
[CV 3/5] END max_depth=10, min_samples_leaf=4, min_samples_split=5, n_estimators=100;, score=0.781 total time=   0.2s
[CV 2/5] END max_depth=10, min_samples_leaf=4, min_samples_split=5, n_estimators=200;, score=0.875 total time=   0.4s
[CV 1/5] END max_depth=10, min_samples_leaf=4, min_samples_split=10, n_estimators=10;, score=0.875 total time=   0.0s
[CV 2/5] END max_depth=10, min_samples_leaf=4, min_samples_split=10, n_estimators=10;, score=0.875 total time=   0.0s
[CV 3/5] END max_depth=10, min_samples_leaf=4, min_samples_split=10, n_estimators=10;, score=0.812 total time=   0.0s
[CV 5/5] END max_depth=10, min_samples_leaf=4, min_samples_split=10, n_estimators=10;, score=0.806 total time=   0.0s
[CV 3/5] END max_depth=10, min_samples_leaf=4, min_samples_split=10, n_estimators=50;, score=0.781 total time=   0.1s
[CV 5/5] END max_depth=10, min_samples_leaf=4, min_samples_split=10, n_estimators=50;, score=0.839 total time=   0.1s
[CV 3/5] END max_depth=10, min_samples_leaf=4, min_samples_split=10, n_estimators=100;, score=0.781 total time=   0.2s
[CV 2/5] END max_depth=10, min_samples_leaf=4, min_samples_split=10, n_estimators=200;, score=0.875 total time=   0.4s
[CV 5/5] END max_depth=10, min_samples_leaf=4, min_samples_split=10, n_estimators=200;, score=0.839 total time=   0.4s
[CV 5/5] END max_depth=20, min_samples_leaf=1, min_samples_split=2, n_estimators=100;, score=0.839 total time=   0.2s
[CV 3/5] END max_depth=20, min_samples_leaf=1, min_samples_split=2, n_estimators=200;, score=0.750 total time=   0.4s
[CV 1/5] END max_depth=20, min_samples_leaf=1, min_samples_split=5, n_estimators=50;, score=0.844 total time=   0.1s
[CV 4/5] END max_depth=20, min_samples_leaf=1, min_samples_split=5, n_estimators=50;, score=0.935 total time=   0.1s
[CV 2/5] END max_depth=20, min_samples_leaf=1, min_samples_split=5, n_estimators=100;, score=0.875 total time=   0.2s
[CV 1/5] END max_depth=20, min_samples_leaf=1, min_samples_split=5, n_estimators=200;, score=0.875 total time=   0.4s
[CV 1/5] END max_depth=20, min_samples_leaf=1, min_samples_split=10, n_estimators=10;, score=0.844 total time=   0.0s
[CV 2/5] END max_depth=20, min_samples_leaf=1, min_samples_split=10, n_estimators=10;, score=0.875 total time=   0.0s
[CV 4/5] END max_depth=20, min_samples_leaf=1, min_samples_split=10, n_estimators=10;, score=0.871 total time=   0.0s
[CV 1/5] END max_depth=20, min_samples_leaf=1, min_samples_split=10, n_estimators=50;, score=0.812 total time=   0.1s
[CV 4/5] END max_depth=20, min_samples_leaf=1, min_samples_split=10, n_estimators=50;, score=1.000 total time=   0.1s
[CV 2/5] END max_depth=20, min_samples_leaf=1, min_samples_split=10, n_estimators=100;, score=0.875 total time=   0.2s
[CV 1/5] END max_depth=20, min_samples_leaf=1, min_samples_split=10, n_estimators=200;, score=0.875 total time=   0.4s
[CV 5/5] END max_depth=20, min_samples_leaf=1, min_samples_split=10, n_estimators=200;, score=0.839 total time=   0.4s
[CV 4/5] END max_depth=20, min_samples_leaf=2, min_samples_split=2, n_estimators=100;, score=0.903 total time=   0.2s
[CV 3/5] END max_depth=20, min_samples_leaf=2, min_samples_split=2, n_estimators=200;, score=0.750 total time=   0.4s
[CV 3/5] END max_depth=20, min_samples_leaf=2, min_samples_split=5, n_estimators=10;, score=0.750 total time=   0.0s
[CV 5/5] END max_depth=20, min_samples_leaf=2, min_samples_split=5, n_estimators=10;, score=0.871 total time=   0.0s
[CV 2/5] END max_depth=20, min_samples_leaf=2, min_samples_split=5, n_estimators=50;, score=0.875 total time=   0.1s
[CV 5/5] END max_depth=20, min_samples_leaf=2, min_samples_split=5, n_estimators=50;, score=0.839 total time=   0.1s
[CV 3/5] END max_depth=20, min_samples_leaf=2, min_samples_split=5, n_estimators=100;, score=0.750 total time=   0.2s
[CV 2/5] END max_depth=20, min_samples_leaf=2, min_samples_split=5, n_estimators=200;, score=0.875 total time=   0.4s
[CV 1/5] END max_depth=20, min_samples_leaf=2, min_samples_split=10, n_estimators=10;, score=0.875 total time=   0.0s
[CV 2/5] END max_depth=20, min_samples_leaf=2, min_samples_split=10, n_estimators=10;, score=0.875 total time=   0.0s
[CV 3/5] END max_depth=20, min_samples_leaf=2, min_samples_split=10, n_estimators=10;, score=0.781 total time=   0.0s
[CV 4/5] END max_depth=20, min_samples_leaf=2, min_samples_split=10, n_estimators=10;, score=0.871 total time=   0.0s
[CV 5/5] END max_depth=20, min_samples_leaf=2, min_samples_split=10, n_estimators=10;, score=0.839 total time=   0.0s
[CV 3/5] END max_depth=20, min_samples_leaf=2, min_samples_split=10, n_estimators=50;, score=0.750 total time=   0.1s
[CV 1/5] END max_depth=20, min_samples_leaf=2, min_samples_split=10, n_estimators=100;, score=0.875 total time=   0.2s
[CV 5/5] END max_depth=20, min_samples_leaf=2, min_samples_split=10, n_estimators=100;, score=0.839 total time=   0.2s
[CV 4/5] END max_depth=20, min_samples_leaf=2, min_samples_split=10, n_estimators=200;, score=0.968 total time=   0.4s
[CV 3/5] END max_depth=20, min_samples_leaf=4, min_samples_split=2, n_estimators=50;, score=0.750 total time=   0.1s
[CV 1/5] END max_depth=20, min_samples_leaf=4, min_samples_split=2, n_estimators=100;, score=0.875 total time=   0.2s
[CV 4/5] END max_depth=20, min_samples_leaf=4, min_samples_split=2, n_estimators=100;, score=0.935 total time=   0.2s
[CV 3/5] END max_depth=20, min_samples_leaf=4, min_samples_split=2, n_estimators=200;, score=0.750 total time=   0.4s
[CV 1/5] END max_depth=20, min_samples_leaf=4, min_samples_split=5, n_estimators=50;, score=0.875 total time=   0.1s
[CV 4/5] END max_depth=20, min_samples_leaf=4, min_samples_split=5, n_estimators=50;, score=1.000 total time=   0.1s
[CV 2/5] END max_depth=20, min_samples_leaf=4, min_samples_split=5, n_estimators=100;, score=0.875 total time=   0.2s
[CV 1/5] END max_depth=20, min_samples_leaf=4, min_samples_split=5, n_estimators=200;, score=0.875 total time=   0.4s
[CV 5/5] END max_depth=20, min_samples_leaf=4, min_samples_split=5, n_estimators=200;, score=0.839 total time=   0.4s
[CV 4/5] END max_depth=20, min_samples_leaf=4, min_samples_split=10, n_estimators=100;, score=0.968 total time=   0.2s
[CV 3/5] END max_depth=20, min_samples_leaf=4, min_samples_split=10, n_estimators=200;, score=0.781 total time=   0.4s
[CV 1/5] END max_depth=30, min_samples_leaf=1, min_samples_split=2, n_estimators=50;, score=0.812 total time=   0.1s
[CV 4/5] END max_depth=30, min_samples_leaf=1, min_samples_split=2, n_estimators=50;, score=0.903 total time=   0.1s
[CV 2/5] END max_depth=30, min_samples_leaf=1, min_samples_split=2, n_estimators=100;, score=0.875 total time=   0.2s
[CV 1/5] END max_depth=30, min_samples_leaf=1, min_samples_split=2, n_estimators=200;, score=0.844 total time=   0.4s
[CV 5/5] END max_depth=30, min_samples_leaf=1, min_samples_split=2, n_estimators=200;, score=0.839 total time=   0.4s
[CV 4/5] END max_depth=30, min_samples_leaf=1, min_samples_split=5, n_estimators=100;, score=0.903 total time=   0.2s
[CV 1/5] END max_depth=10, min_samples_leaf=4, min_samples_split=10, n_estimators=100;, score=0.875 total time=   0.2s
[CV 5/5] END max_depth=10, min_samples_leaf=4, min_samples_split=10, n_estimators=100;, score=0.806 total time=   0.2s
[CV 4/5] END max_depth=10, min_samples_leaf=4, min_samples_split=10, n_estimators=200;, score=0.935 total time=   0.4s
[CV 3/5] END max_depth=20, min_samples_leaf=1, min_samples_split=2, n_estimators=50;, score=0.750 total time=   0.1s
[CV 1/5] END max_depth=20, min_samples_leaf=1, min_samples_split=2, n_estimators=100;, score=0.812 total time=   0.2s
[CV 4/5] END max_depth=20, min_samples_leaf=1, min_samples_split=2, n_estimators=100;, score=0.839 total time=   0.2s
[CV 4/5] END max_depth=20, min_samples_leaf=1, min_samples_split=2, n_estimators=200;, score=0.839 total time=   0.4s
[CV 2/5] END max_depth=20, min_samples_leaf=1, min_samples_split=5, n_estimators=50;, score=0.875 total time=   0.1s
[CV 1/5] END max_depth=20, min_samples_leaf=1, min_samples_split=5, n_estimators=100;, score=0.875 total time=   0.2s
[CV 5/5] END max_depth=20, min_samples_leaf=1, min_samples_split=5, n_estimators=100;, score=0.839 total time=   0.2s
[CV 4/5] END max_depth=20, min_samples_leaf=1, min_samples_split=5, n_estimators=200;, score=0.903 total time=   0.4s
[CV 3/5] END max_depth=20, min_samples_leaf=1, min_samples_split=10, n_estimators=50;, score=0.750 total time=   0.1s
[CV 1/5] END max_depth=20, min_samples_leaf=1, min_samples_split=10, n_estimators=100;, score=0.875 total time=   0.2s
[CV 5/5] END max_depth=20, min_samples_leaf=1, min_samples_split=10, n_estimators=100;, score=0.839 total time=   0.2s
[CV 4/5] END max_depth=20, min_samples_leaf=1, min_samples_split=10, n_estimators=200;, score=0.935 total time=   0.4s
[CV 5/5] END max_depth=20, min_samples_leaf=2, min_samples_split=2, n_estimators=10;, score=0.839 total time=   0.0s
[CV 3/5] END max_depth=20, min_samples_leaf=2, min_samples_split=2, n_estimators=50;, score=0.750 total time=   0.1s
[CV 1/5] END max_depth=20, min_samples_leaf=2, min_samples_split=2, n_estimators=100;, score=0.875 total time=   0.2s
[CV 5/5] END max_depth=20, min_samples_leaf=2, min_samples_split=2, n_estimators=100;, score=0.839 total time=   0.2s
[CV 4/5] END max_depth=20, min_samples_leaf=2, min_samples_split=2, n_estimators=200;, score=0.903 total time=   0.4s
[CV 3/5] END max_depth=20, min_samples_leaf=2, min_samples_split=5, n_estimators=50;, score=0.750 total time=   0.1s
[CV 1/5] END max_depth=20, min_samples_leaf=2, min_samples_split=5, n_estimators=100;, score=0.875 total time=   0.2s
[CV 4/5] END max_depth=20, min_samples_leaf=2, min_samples_split=5, n_estimators=100;, score=0.903 total time=   0.2s
[CV 3/5] END max_depth=20, min_samples_leaf=2, min_samples_split=5, n_estimators=200;, score=0.750 total time=   0.4s
[CV 2/5] END max_depth=20, min_samples_leaf=2, min_samples_split=10, n_estimators=50;, score=0.875 total time=   0.1s
[CV 5/5] END max_depth=20, min_samples_leaf=2, min_samples_split=10, n_estimators=50;, score=0.839 total time=   0.1s
[CV 3/5] END max_depth=20, min_samples_leaf=2, min_samples_split=10, n_estimators=100;, score=0.750 total time=   0.2s
[CV 2/5] END max_depth=20, min_samples_leaf=2, min_samples_split=10, n_estimators=200;, score=0.875 total time=   0.4s
[CV 5/5] END max_depth=20, min_samples_leaf=2, min_samples_split=10, n_estimators=200;, score=0.839 total time=   0.4s
[CV 5/5] END max_depth=20, min_samples_leaf=4, min_samples_split=2, n_estimators=100;, score=0.806 total time=   0.2s
[CV 4/5] END max_depth=20, min_samples_leaf=4, min_samples_split=2, n_estimators=200;, score=0.935 total time=   0.4s
[CV 3/5] END max_depth=20, min_samples_leaf=4, min_samples_split=5, n_estimators=50;, score=0.750 total time=   0.1s
[CV 1/5] END max_depth=20, min_samples_leaf=4, min_samples_split=5, n_estimators=100;, score=0.875 total time=   0.2s
[CV 5/5] END max_depth=20, min_samples_leaf=4, min_samples_split=5, n_estimators=100;, score=0.806 total time=   0.2s
[CV 4/5] END max_depth=20, min_samples_leaf=4, min_samples_split=5, n_estimators=200;, score=0.935 total time=   0.4s
[CV 3/5] END max_depth=20, min_samples_leaf=4, min_samples_split=10, n_estimators=50;, score=0.781 total time=   0.1s
[CV 5/5] END max_depth=20, min_samples_leaf=4, min_samples_split=10, n_estimators=50;, score=0.839 total time=   0.1s
[CV 3/5] END max_depth=20, min_samples_leaf=4, min_samples_split=10, n_estimators=100;, score=0.781 total time=   0.2s
[CV 2/5] END max_depth=20, min_samples_leaf=4, min_samples_split=10, n_estimators=200;, score=0.875 total time=   0.4s
[CV 5/5] END max_depth=20, min_samples_leaf=4, min_samples_split=10, n_estimators=200;, score=0.839 total time=   0.4s
[CV 4/5] END max_depth=30, min_samples_leaf=1, min_samples_split=2, n_estimators=100;, score=0.839 total time=   0.2s
[CV 3/5] END max_depth=30, min_samples_leaf=1, min_samples_split=2, n_estimators=200;, score=0.750 total time=   0.4s
[CV 5/5] END max_depth=30, min_samples_leaf=1, min_samples_split=5, n_estimators=10;, score=0.839 total time=   0.0s
[CV 3/5] END max_depth=30, min_samples_leaf=1, min_samples_split=5, n_estimators=50;, score=0.750 total time=   0.1s
[CV 5/5] END max_depth=30, min_samples_leaf=1, min_samples_split=5, n_estimators=50;, score=0.839 total time=   0.1s
[CV 3/5] END max_depth=30, min_samples_leaf=1, min_samples_split=5, n_estimators=100;, score=0.750 total time=   0.2s
[CV 2/5] END max_depth=30, min_samples_leaf=1, min_samples_split=5, n_estimators=200;, score=0.875 total time=   0.4s
[CV 1/5] END max_depth=30, min_samples_leaf=1, min_samples_split=10, n_estimators=10;, score=0.844 total time=   0.0s
[CV 3/5] END max_depth=30, min_samples_leaf=1, min_samples_split=10, n_estimators=10;, score=0.812 total time=   0.0s
[CV 5/5] END max_depth=30, min_samples_leaf=1, min_samples_split=10, n_estimators=10;, score=0.839 total time=   0.0s
[CV 3/5] END max_depth=30, min_samples_leaf=1, min_samples_split=10, n_estimators=50;, score=0.750 total time=   0.1s
[CV 1/5] END max_depth=30, min_samples_leaf=1, min_samples_split=10, n_estimators=100;, score=0.875 total time=   0.2s
[CV 5/5] END max_depth=30, min_samples_leaf=1, min_samples_split=10, n_estimators=100;, score=0.839 total time=   0.2s
[CV 4/5] END max_depth=30, min_samples_leaf=1, min_samples_split=10, n_estimators=200;, score=0.935 total time=   0.4s
[CV 4/5] END max_depth=30, min_samples_leaf=2, min_samples_split=2, n_estimators=10;, score=0.903 total time=   0.0s
[CV 2/5] END max_depth=30, min_samples_leaf=2, min_samples_split=2, n_estimators=50;, score=0.875 total time=   0.1s
[CV 4/5] END max_depth=30, min_samples_leaf=2, min_samples_split=2, n_estimators=50;, score=0.935 total time=   0.1s
[CV 3/5] END max_depth=30, min_samples_leaf=2, min_samples_split=2, n_estimators=100;, score=0.750 total time=   0.2s
[CV 2/5] END max_depth=30, min_samples_leaf=2, min_samples_split=2, n_estimators=200;, score=0.875 total time=   0.4s
[CV 5/5] END max_depth=30, min_samples_leaf=2, min_samples_split=2, n_estimators=200;, score=0.839 total time=   0.4s
[CV 4/5] END max_depth=30, min_samples_leaf=2, min_samples_split=5, n_estimators=100;, score=0.903 total time=   0.2s
[CV 3/5] END max_depth=30, min_samples_leaf=2, min_samples_split=5, n_estimators=200;, score=0.750 total time=   0.4s
[CV 1/5] END max_depth=30, min_samples_leaf=2, min_samples_split=10, n_estimators=50;, score=0.875 total time=   0.1s
[CV 4/5] END max_depth=30, min_samples_leaf=2, min_samples_split=10, n_estimators=50;, score=1.000 total time=   0.1s
[CV 2/5] END max_depth=30, min_samples_leaf=2, min_samples_split=10, n_estimators=100;, score=0.875 total time=   0.2s
[CV 1/5] END max_depth=30, min_samples_leaf=2, min_samples_split=10, n_estimators=200;, score=0.875 total time=   0.4s
[CV 5/5] END max_depth=30, min_samples_leaf=2, min_samples_split=10, n_estimators=200;, score=0.839 total time=   0.4s
[CV 4/5] END max_depth=30, min_samples_leaf=4, min_samples_split=2, n_estimators=100;, score=0.935 total time=   0.2s
[CV 3/5] END max_depth=30, min_samples_leaf=4, min_samples_split=2, n_estimators=200;, score=0.750 total time=   0.4s
[CV 3/5] END max_depth=20, min_samples_leaf=4, min_samples_split=2, n_estimators=100;, score=0.781 total time=   0.2s
[CV 2/5] END max_depth=20, min_samples_leaf=4, min_samples_split=2, n_estimators=200;, score=0.875 total time=   0.4s
[CV 1/5] END max_depth=20, min_samples_leaf=4, min_samples_split=5, n_estimators=10;, score=0.844 total time=   0.0s
[CV 2/5] END max_depth=20, min_samples_leaf=4, min_samples_split=5, n_estimators=10;, score=0.875 total time=   0.0s
[CV 3/5] END max_depth=20, min_samples_leaf=4, min_samples_split=5, n_estimators=10;, score=0.812 total time=   0.0s
[CV 4/5] END max_depth=20, min_samples_leaf=4, min_samples_split=5, n_estimators=10;, score=0.903 total time=   0.0s
[CV 5/5] END max_depth=20, min_samples_leaf=4, min_samples_split=5, n_estimators=10;, score=0.839 total time=   0.0s
[CV 2/5] END max_depth=20, min_samples_leaf=4, min_samples_split=5, n_estimators=50;, score=0.875 total time=   0.1s
[CV 5/5] END max_depth=20, min_samples_leaf=4, min_samples_split=5, n_estimators=50;, score=0.839 total time=   0.1s
[CV 3/5] END max_depth=20, min_samples_leaf=4, min_samples_split=5, n_estimators=100;, score=0.781 total time=   0.2s
[CV 2/5] END max_depth=20, min_samples_leaf=4, min_samples_split=5, n_estimators=200;, score=0.875 total time=   0.4s
[CV 2/5] END max_depth=20, min_samples_leaf=4, min_samples_split=10, n_estimators=10;, score=0.875 total time=   0.0s
[CV 4/5] END max_depth=20, min_samples_leaf=4, min_samples_split=10, n_estimators=10;, score=0.935 total time=   0.0s
[CV 1/5] END max_depth=20, min_samples_leaf=4, min_samples_split=10, n_estimators=50;, score=0.875 total time=   0.1s
[CV 4/5] END max_depth=20, min_samples_leaf=4, min_samples_split=10, n_estimators=50;, score=1.000 total time=   0.1s
[CV 2/5] END max_depth=20, min_samples_leaf=4, min_samples_split=10, n_estimators=100;, score=0.875 total time=   0.2s
[CV 1/5] END max_depth=20, min_samples_leaf=4, min_samples_split=10, n_estimators=200;, score=0.875 total time=   0.4s
[CV 1/5] END max_depth=30, min_samples_leaf=1, min_samples_split=2, n_estimators=10;, score=0.812 total time=   0.0s
[CV 2/5] END max_depth=30, min_samples_leaf=1, min_samples_split=2, n_estimators=10;, score=0.875 total time=   0.0s
[CV 3/5] END max_depth=30, min_samples_leaf=1, min_samples_split=2, n_estimators=10;, score=0.781 total time=   0.0s
[CV 5/5] END max_depth=30, min_samples_leaf=1, min_samples_split=2, n_estimators=10;, score=0.839 total time=   0.0s
[CV 3/5] END max_depth=30, min_samples_leaf=1, min_samples_split=2, n_estimators=50;, score=0.750 total time=   0.1s
[CV 1/5] END max_depth=30, min_samples_leaf=1, min_samples_split=2, n_estimators=100;, score=0.812 total time=   0.2s
[CV 5/5] END max_depth=30, min_samples_leaf=1, min_samples_split=2, n_estimators=100;, score=0.839 total time=   0.2s
[CV 4/5] END max_depth=30, min_samples_leaf=1, min_samples_split=2, n_estimators=200;, score=0.839 total time=   0.4s
[CV 2/5] END max_depth=30, min_samples_leaf=1, min_samples_split=5, n_estimators=50;, score=0.875 total time=   0.1s
[CV 1/5] END max_depth=30, min_samples_leaf=1, min_samples_split=5, n_estimators=100;, score=0.875 total time=   0.2s
[CV 5/5] END max_depth=30, min_samples_leaf=1, min_samples_split=5, n_estimators=100;, score=0.839 total time=   0.2s
[CV 4/5] END max_depth=30, min_samples_leaf=1, min_samples_split=5, n_estimators=200;, score=0.903 total time=   0.4s
[CV 1/5] END max_depth=30, min_samples_leaf=1, min_samples_split=10, n_estimators=50;, score=0.812 total time=   0.1s
[CV 4/5] END max_depth=30, min_samples_leaf=1, min_samples_split=10, n_estimators=50;, score=1.000 total time=   0.1s
[CV 3/5] END max_depth=30, min_samples_leaf=1, min_samples_split=10, n_estimators=100;, score=0.750 total time=   0.2s
[CV 3/5] END max_depth=30, min_samples_leaf=1, min_samples_split=10, n_estimators=200;, score=0.750 total time=   0.4s
[CV 2/5] END max_depth=30, min_samples_leaf=2, min_samples_split=2, n_estimators=10;, score=0.875 total time=   0.0s
[CV 5/5] END max_depth=30, min_samples_leaf=2, min_samples_split=2, n_estimators=10;, score=0.839 total time=   0.0s
[CV 3/5] END max_depth=30, min_samples_leaf=2, min_samples_split=2, n_estimators=50;, score=0.750 total time=   0.1s
[CV 5/5] END max_depth=30, min_samples_leaf=2, min_samples_split=2, n_estimators=50;, score=0.839 total time=   0.1s
[CV 2/5] END max_depth=30, min_samples_leaf=2, min_samples_split=2, n_estimators=100;, score=0.875 total time=   0.2s
[CV 1/5] END max_depth=30, min_samples_leaf=2, min_samples_split=2, n_estimators=200;, score=0.875 total time=   0.4s
[CV 1/5] END max_depth=30, min_samples_leaf=2, min_samples_split=5, n_estimators=10;, score=0.812 total time=   0.0s
[CV 2/5] END max_depth=30, min_samples_leaf=2, min_samples_split=5, n_estimators=10;, score=0.875 total time=   0.0s
[CV 3/5] END max_depth=30, min_samples_leaf=2, min_samples_split=5, n_estimators=10;, score=0.750 total time=   0.0s
[CV 1/5] END max_depth=30, min_samples_leaf=2, min_samples_split=5, n_estimators=50;, score=0.844 total time=   0.1s
[CV 5/5] END max_depth=30, min_samples_leaf=2, min_samples_split=5, n_estimators=50;, score=0.839 total time=   0.1s
[CV 3/5] END max_depth=30, min_samples_leaf=2, min_samples_split=5, n_estimators=100;, score=0.750 total time=   0.2s
[CV 1/5] END max_depth=30, min_samples_leaf=2, min_samples_split=5, n_estimators=200;, score=0.875 total time=   0.4s
[CV 1/5] END max_depth=30, min_samples_leaf=2, min_samples_split=10, n_estimators=10;, score=0.875 total time=   0.0s
[CV 2/5] END max_depth=30, min_samples_leaf=2, min_samples_split=10, n_estimators=10;, score=0.875 total time=   0.0s
[CV 3/5] END max_depth=30, min_samples_leaf=2, min_samples_split=10, n_estimators=10;, score=0.781 total time=   0.0s
[CV 4/5] END max_depth=30, min_samples_leaf=2, min_samples_split=10, n_estimators=10;, score=0.871 total time=   0.0s
[CV 5/5] END max_depth=30, min_samples_leaf=2, min_samples_split=10, n_estimators=10;, score=0.839 total time=   0.0s
[CV 2/5] END max_depth=30, min_samples_leaf=2, min_samples_split=10, n_estimators=50;, score=0.875 total time=   0.1s
[CV 1/5] END max_depth=30, min_samples_leaf=2, min_samples_split=10, n_estimators=100;, score=0.875 total time=   0.2s
[CV 5/5] END max_depth=30, min_samples_leaf=2, min_samples_split=10, n_estimators=100;, score=0.839 total time=   0.2s
[CV 4/5] END max_depth=30, min_samples_leaf=2, min_samples_split=10, n_estimators=200;, score=0.968 total time=   0.4s
[CV 3/5] END max_depth=30, min_samples_leaf=4, min_samples_split=2, n_estimators=50;, score=0.750 total time=   0.1s
[CV 1/5] END max_depth=30, min_samples_leaf=4, min_samples_split=2, n_estimators=100;, score=0.875 total time=   0.2s
[CV 5/5] END max_depth=30, min_samples_leaf=4, min_samples_split=2, n_estimators=100;, score=0.806 total time=   0.2s
[CV 4/5] END max_depth=30, min_samples_leaf=4, min_samples_split=2, n_estimators=200;, score=0.935 total time=   0.4s
[CV 1/5] END max_depth=30, min_samples_leaf=4, min_samples_split=5, n_estimators=50;, score=0.875 total time=   0.1s
[CV 4/5] END max_depth=30, min_samples_leaf=4, min_samples_split=5, n_estimators=50;, score=1.000 total time=   0.1s
[CV 2/5] END max_depth=30, min_samples_leaf=4, min_samples_split=5, n_estimators=100;, score=0.875 total time=   0.2s
[CV 1/5] END max_depth=30, min_samples_leaf=4, min_samples_split=5, n_estimators=200;, score=0.875 total time=   0.4s
[CV 3/5] END max_depth=30, min_samples_leaf=4, min_samples_split=10, n_estimators=10;, score=0.812 total time=   0.0s
[CV 5/5] END max_depth=30, min_samples_leaf=4, min_samples_split=10, n_estimators=10;, score=0.806 total time=   0.0s
[CV 2/5] END max_depth=30, min_samples_leaf=4, min_samples_split=10, n_estimators=50;, score=0.875 total time=   0.1s
[CV 5/5] END max_depth=30, min_samples_leaf=4, min_samples_split=10, n_estimators=50;, score=0.839 total time=   0.1s
[CV 2/5] END max_depth=30, min_samples_leaf=4, min_samples_split=10, n_estimators=100;, score=0.875 total time=   0.2s
[CV 1/5] END max_depth=30, min_samples_leaf=4, min_samples_split=10, n_estimators=200;, score=0.875 total time=   0.4s
Model stored to the following path: results/model.pkl
ROC curve saved to results/outputROC.png
Confusion Matrix Stored at results/confusion_matrix.png!
Entry stored to results/results.csv
[CV 3/5] END max_depth=30, min_samples_leaf=1, min_samples_split=5, n_estimators=200;, score=0.750 total time=   0.4s
[CV 2/5] END max_depth=30, min_samples_leaf=1, min_samples_split=10, n_estimators=10;, score=0.875 total time=   0.0s
[CV 4/5] END max_depth=30, min_samples_leaf=1, min_samples_split=10, n_estimators=10;, score=0.871 total time=   0.0s
[CV 2/5] END max_depth=30, min_samples_leaf=1, min_samples_split=10, n_estimators=50;, score=0.875 total time=   0.1s
[CV 5/5] END max_depth=30, min_samples_leaf=1, min_samples_split=10, n_estimators=50;, score=0.839 total time=   0.1s
[CV 2/5] END max_depth=30, min_samples_leaf=1, min_samples_split=10, n_estimators=100;, score=0.875 total time=   0.2s
[CV 1/5] END max_depth=30, min_samples_leaf=1, min_samples_split=10, n_estimators=200;, score=0.875 total time=   0.4s
[CV 5/5] END max_depth=30, min_samples_leaf=1, min_samples_split=10, n_estimators=200;, score=0.839 total time=   0.4s
[CV 4/5] END max_depth=30, min_samples_leaf=2, min_samples_split=2, n_estimators=100;, score=0.903 total time=   0.2s
[CV 4/5] END max_depth=30, min_samples_leaf=2, min_samples_split=2, n_estimators=200;, score=0.903 total time=   0.4s
[CV 5/5] END max_depth=30, min_samples_leaf=2, min_samples_split=5, n_estimators=10;, score=0.871 total time=   0.0s
[CV 3/5] END max_depth=30, min_samples_leaf=2, min_samples_split=5, n_estimators=50;, score=0.750 total time=   0.1s
[CV 1/5] END max_depth=30, min_samples_leaf=2, min_samples_split=5, n_estimators=100;, score=0.875 total time=   0.2s
[CV 5/5] END max_depth=30, min_samples_leaf=2, min_samples_split=5, n_estimators=100;, score=0.839 total time=   0.2s
[CV 4/5] END max_depth=30, min_samples_leaf=2, min_samples_split=5, n_estimators=200;, score=0.903 total time=   0.4s
[CV 3/5] END max_depth=30, min_samples_leaf=2, min_samples_split=10, n_estimators=50;, score=0.750 total time=   0.1s
[CV 5/5] END max_depth=30, min_samples_leaf=2, min_samples_split=10, n_estimators=50;, score=0.839 total time=   0.1s
[CV 3/5] END max_depth=30, min_samples_leaf=2, min_samples_split=10, n_estimators=100;, score=0.750 total time=   0.2s
[CV 2/5] END max_depth=30, min_samples_leaf=2, min_samples_split=10, n_estimators=200;, score=0.875 total time=   0.4s
[CV 1/5] END max_depth=30, min_samples_leaf=4, min_samples_split=2, n_estimators=10;, score=0.844 total time=   0.0s
[CV 3/5] END max_depth=30, min_samples_leaf=4, min_samples_split=2, n_estimators=10;, score=0.812 total time=   0.0s
[CV 5/5] END max_depth=30, min_samples_leaf=4, min_samples_split=2, n_estimators=10;, score=0.839 total time=   0.0s
[CV 2/5] END max_depth=30, min_samples_leaf=4, min_samples_split=2, n_estimators=50;, score=0.875 total time=   0.1s
[CV 5/5] END max_depth=30, min_samples_leaf=4, min_samples_split=2, n_estimators=50;, score=0.839 total time=   0.1s
[CV 3/5] END max_depth=30, min_samples_leaf=4, min_samples_split=2, n_estimators=100;, score=0.781 total time=   0.2s
[CV 2/5] END max_depth=30, min_samples_leaf=4, min_samples_split=2, n_estimators=200;, score=0.875 total time=   0.4s
[CV 1/5] END max_depth=30, min_samples_leaf=4, min_samples_split=5, n_estimators=10;, score=0.844 total time=   0.0s
[CV 2/5] END max_depth=30, min_samples_leaf=4, min_samples_split=5, n_estimators=10;, score=0.875 total time=   0.0s
[CV 4/5] END max_depth=30, min_samples_leaf=4, min_samples_split=5, n_estimators=10;, score=0.903 total time=   0.0s
[CV 5/5] END max_depth=30, min_samples_leaf=4, min_samples_split=5, n_estimators=10;, score=0.839 total time=   0.0s
[CV 3/5] END max_depth=30, min_samples_leaf=4, min_samples_split=5, n_estimators=50;, score=0.750 total time=   0.1s
[CV 5/5] END max_depth=30, min_samples_leaf=4, min_samples_split=5, n_estimators=50;, score=0.839 total time=   0.1s
[CV 3/5] END max_depth=30, min_samples_leaf=4, min_samples_split=5, n_estimators=100;, score=0.781 total time=   0.2s
[CV 2/5] END max_depth=30, min_samples_leaf=4, min_samples_split=5, n_estimators=200;, score=0.875 total time=   0.4s
[CV 1/5] END max_depth=30, min_samples_leaf=4, min_samples_split=10, n_estimators=10;, score=0.875 total time=   0.0s
[CV 2/5] END max_depth=30, min_samples_leaf=4, min_samples_split=10, n_estimators=10;, score=0.875 total time=   0.0s
[CV 4/5] END max_depth=30, min_samples_leaf=4, min_samples_split=10, n_estimators=10;, score=0.935 total time=   0.0s
[CV 1/5] END max_depth=30, min_samples_leaf=4, min_samples_split=10, n_estimators=50;, score=0.875 total time=   0.1s
[CV 4/5] END max_depth=30, min_samples_leaf=4, min_samples_split=10, n_estimators=50;, score=1.000 total time=   0.1s
[CV 3/5] END max_depth=30, min_samples_leaf=4, min_samples_split=10, n_estimators=100;, score=0.781 total time=   0.2s
[CV 2/5] END max_depth=30, min_samples_leaf=4, min_samples_split=10, n_estimators=200;, score=0.875 total time=   0.4s
[CV 4/5] END max_depth=20, min_samples_leaf=4, min_samples_split=5, n_estimators=100;, score=0.935 total time=   0.2s
[CV 3/5] END max_depth=20, min_samples_leaf=4, min_samples_split=5, n_estimators=200;, score=0.750 total time=   0.3s
[CV 1/5] END max_depth=20, min_samples_leaf=4, min_samples_split=10, n_estimators=10;, score=0.875 total time=   0.0s
[CV 3/5] END max_depth=20, min_samples_leaf=4, min_samples_split=10, n_estimators=10;, score=0.812 total time=   0.0s
[CV 5/5] END max_depth=20, min_samples_leaf=4, min_samples_split=10, n_estimators=10;, score=0.806 total time=   0.0s
[CV 2/5] END max_depth=20, min_samples_leaf=4, min_samples_split=10, n_estimators=50;, score=0.875 total time=   0.1s
[CV 1/5] END max_depth=20, min_samples_leaf=4, min_samples_split=10, n_estimators=100;, score=0.875 total time=   0.2s
[CV 5/5] END max_depth=20, min_samples_leaf=4, min_samples_split=10, n_estimators=100;, score=0.806 total time=   0.2s
[CV 4/5] END max_depth=20, min_samples_leaf=4, min_samples_split=10, n_estimators=200;, score=0.935 total time=   0.3s
[CV 4/5] END max_depth=30, min_samples_leaf=1, min_samples_split=2, n_estimators=10;, score=0.871 total time=   0.0s
[CV 2/5] END max_depth=30, min_samples_leaf=1, min_samples_split=2, n_estimators=50;, score=0.875 total time=   0.1s
[CV 5/5] END max_depth=30, min_samples_leaf=1, min_samples_split=2, n_estimators=50;, score=0.839 total time=   0.1s
[CV 3/5] END max_depth=30, min_samples_leaf=1, min_samples_split=2, n_estimators=100;, score=0.750 total time=   0.2s
[CV 2/5] END max_depth=30, min_samples_leaf=1, min_samples_split=2, n_estimators=200;, score=0.875 total time=   0.3s
[CV 1/5] END max_depth=30, min_samples_leaf=1, min_samples_split=5, n_estimators=10;, score=0.844 total time=   0.0s
[CV 2/5] END max_depth=30, min_samples_leaf=1, min_samples_split=5, n_estimators=10;, score=0.875 total time=   0.0s
[CV 3/5] END max_depth=30, min_samples_leaf=1, min_samples_split=5, n_estimators=10;, score=0.750 total time=   0.0s
[CV 4/5] END max_depth=30, min_samples_leaf=1, min_samples_split=5, n_estimators=10;, score=0.839 total time=   0.0s
[CV 1/5] END max_depth=30, min_samples_leaf=1, min_samples_split=5, n_estimators=50;, score=0.844 total time=   0.1s
[CV 4/5] END max_depth=30, min_samples_leaf=1, min_samples_split=5, n_estimators=50;, score=0.935 total time=   0.1s
[CV 2/5] END max_depth=30, min_samples_leaf=1, min_samples_split=5, n_estimators=100;, score=0.875 total time=   0.2s
[CV 1/5] END max_depth=30, min_samples_leaf=1, min_samples_split=5, n_estimators=200;, score=0.875 total time=   0.4s
[CV 5/5] END max_depth=30, min_samples_leaf=1, min_samples_split=5, n_estimators=200;, score=0.839 total time=   0.3s
[CV 4/5] END max_depth=30, min_samples_leaf=1, min_samples_split=10, n_estimators=100;, score=0.968 total time=   0.2s
[CV 2/5] END max_depth=30, min_samples_leaf=1, min_samples_split=10, n_estimators=200;, score=0.875 total time=   0.4s
[CV 1/5] END max_depth=30, min_samples_leaf=2, min_samples_split=2, n_estimators=10;, score=0.844 total time=   0.0s
[CV 3/5] END max_depth=30, min_samples_leaf=2, min_samples_split=2, n_estimators=10;, score=0.750 total time=   0.0s
[CV 1/5] END max_depth=30, min_samples_leaf=2, min_samples_split=2, n_estimators=50;, score=0.844 total time=   0.1s
[CV 1/5] END max_depth=30, min_samples_leaf=2, min_samples_split=2, n_estimators=100;, score=0.875 total time=   0.2s
[CV 5/5] END max_depth=30, min_samples_leaf=2, min_samples_split=2, n_estimators=100;, score=0.839 total time=   0.2s
[CV 3/5] END max_depth=30, min_samples_leaf=2, min_samples_split=2, n_estimators=200;, score=0.750 total time=   0.3s
[CV 4/5] END max_depth=30, min_samples_leaf=2, min_samples_split=5, n_estimators=10;, score=0.935 total time=   0.0s
[CV 2/5] END max_depth=30, min_samples_leaf=2, min_samples_split=5, n_estimators=50;, score=0.875 total time=   0.1s
[CV 4/5] END max_depth=30, min_samples_leaf=2, min_samples_split=5, n_estimators=50;, score=0.903 total time=   0.1s
[CV 2/5] END max_depth=30, min_samples_leaf=2, min_samples_split=5, n_estimators=100;, score=0.875 total time=   0.2s
[CV 2/5] END max_depth=30, min_samples_leaf=2, min_samples_split=5, n_estimators=200;, score=0.875 total time=   0.3s
[CV 5/5] END max_depth=30, min_samples_leaf=2, min_samples_split=5, n_estimators=200;, score=0.839 total time=   0.3s
[CV 4/5] END max_depth=30, min_samples_leaf=2, min_samples_split=10, n_estimators=100;, score=0.968 total time=   0.2s
[CV 3/5] END max_depth=30, min_samples_leaf=2, min_samples_split=10, n_estimators=200;, score=0.750 total time=   0.3s
[CV 2/5] END max_depth=30, min_samples_leaf=4, min_samples_split=2, n_estimators=10;, score=0.875 total time=   0.0s
[CV 4/5] END max_depth=30, min_samples_leaf=4, min_samples_split=2, n_estimators=10;, score=0.903 total time=   0.0s
[CV 1/5] END max_depth=30, min_samples_leaf=4, min_samples_split=2, n_estimators=50;, score=0.875 total time=   0.1s
[CV 4/5] END max_depth=30, min_samples_leaf=4, min_samples_split=2, n_estimators=50;, score=1.000 total time=   0.1s
[CV 2/5] END max_depth=30, min_samples_leaf=4, min_samples_split=2, n_estimators=100;, score=0.875 total time=   0.2s
[CV 1/5] END max_depth=30, min_samples_leaf=4, min_samples_split=2, n_estimators=200;, score=0.875 total time=   0.3s
[CV 5/5] END max_depth=30, min_samples_leaf=4, min_samples_split=2, n_estimators=200;, score=0.839 total time=   0.3s
[CV 4/5] END max_depth=30, min_samples_leaf=4, min_samples_split=5, n_estimators=100;, score=0.935 total time=   0.2s
[CV 3/5] END max_depth=30, min_samples_leaf=4, min_samples_split=5, n_estimators=200;, score=0.750 total time=   0.3s
[CV 5/5] END max_depth=30, min_samples_leaf=4, min_samples_split=5, n_estimators=200;, score=0.839 total time=   0.3s
[CV 4/5] END max_depth=30, min_samples_leaf=4, min_samples_split=10, n_estimators=100;, score=0.968 total time=   0.2s
[CV 3/5] END max_depth=30, min_samples_leaf=4, min_samples_split=10, n_estimators=200;, score=0.781 total time=   0.3s
[CV 3/5] END max_depth=30, min_samples_leaf=4, min_samples_split=5, n_estimators=10;, score=0.812 total time=   0.0s
[CV 2/5] END max_depth=30, min_samples_leaf=4, min_samples_split=5, n_estimators=50;, score=0.875 total time=   0.1s
[CV 1/5] END max_depth=30, min_samples_leaf=4, min_samples_split=5, n_estimators=100;, score=0.875 total time=   0.2s
[CV 5/5] END max_depth=30, min_samples_leaf=4, min_samples_split=5, n_estimators=100;, score=0.806 total time=   0.2s
[CV 4/5] END max_depth=30, min_samples_leaf=4, min_samples_split=5, n_estimators=200;, score=0.935 total time=   0.4s
[CV 3/5] END max_depth=30, min_samples_leaf=4, min_samples_split=10, n_estimators=50;, score=0.781 total time=   0.1s
[CV 1/5] END max_depth=30, min_samples_leaf=4, min_samples_split=10, n_estimators=100;, score=0.875 total time=   0.2s
[CV 5/5] END max_depth=30, min_samples_leaf=4, min_samples_split=10, n_estimators=100;, score=0.806 total time=   0.2s
[CV 4/5] END max_depth=30, min_samples_leaf=4, min_samples_split=10, n_estimators=200;, score=0.935 total time=   0.4s
[CV 5/5] END max_depth=30, min_samples_leaf=4, min_samples_split=10, n_estimators=200;, score=0.839 total time=   0.4s
