nohup: ignoring input
/home/rsethi1/venv/lib/python3.10/site-packages/sklearn/utils/validation.py:1143: DataConversionWarning: A column-vector y was passed when a 1d array was expected. Please change the shape of y to (n_samples, ), for example using ravel().
  y = column_or_1d(y, warn=True)
/home/rsethi1/venv/lib/python3.10/site-packages/sklearn/utils/validation.py:1143: DataConversionWarning: A column-vector y was passed when a 1d array was expected. Please change the shape of y to (n_samples, ), for example using ravel().
  y = column_or_1d(y, warn=True)
/home/rsethi1/venv/lib/python3.10/site-packages/sklearn/utils/validation.py:1143: DataConversionWarning: A column-vector y was passed when a 1d array was expected. Please change the shape of y to (n_samples, ), for example using ravel().
  y = column_or_1d(y, warn=True)
/home/rsethi1/venv/lib/python3.10/site-packages/sklearn/utils/validation.py:1143: DataConversionWarning: A column-vector y was passed when a 1d array was expected. Please change the shape of y to (n_samples, ), for example using ravel().
  y = column_or_1d(y, warn=True)
           names  importances
1        RgStart    -0.044269
2           RMSF    -0.022134
3  negativeFasta     0.000000
4  positiveFasta     0.000000
5     negativepH     0.024242
6     positivepH     0.024242
0         RgHist     0.483117
           names  importances
2  negativeFasta     0.000000
3  positiveFasta     0.000000
1           RMSF     0.025296
4     negativepH     0.048485
5     positivepH     0.048485
0         RgHist     0.467446
           names  importances
2  positiveFasta     0.000000
3     negativepH     0.012121
4     positivepH     0.012121
1           RMSF     0.013175
0         RgHist     0.501668
        names  importances
1        RMSF    -0.011067
2  negativepH     0.048485
3  positivepH     0.048485
0      RgHist     0.426840
        names  importances
1  negativepH     0.080632
2  positivepH     0.080632
0      RgHist     0.597327
Confusion Matrix Stored at ./results/svmSelectedCM.png!
Model stored to the following path: ./models/svmSelected.pkl
Entry stored to ./results/results.csv
