nohup: ignoring input
/home/rsethi1/venv/lib/python3.10/site-packages/sklearn/utils/validation.py:1143: DataConversionWarning: A column-vector y was passed when a 1d array was expected. Please change the shape of y to (n_samples, ), for example using ravel().
  y = column_or_1d(y, warn=True)
/home/rsethi1/venv/lib/python3.10/site-packages/sklearn/utils/validation.py:1143: DataConversionWarning: A column-vector y was passed when a 1d array was expected. Please change the shape of y to (n_samples, ), for example using ravel().
  y = column_or_1d(y, warn=True)
/home/rsethi1/venv/lib/python3.10/site-packages/sklearn/utils/validation.py:1143: DataConversionWarning: A column-vector y was passed when a 1d array was expected. Please change the shape of y to (n_samples, ), for example using ravel().
  y = column_or_1d(y, warn=True)
           names  importances
1        RgStart    -0.020290
3  negativeFasta     0.000000
4  positiveFasta     0.000000
2           RMSF     0.033202
5     negativepH     0.079578
6     positivepH     0.079578
0         RgHist     0.519006
           names  importances
2  negativeFasta     0.000000
3  positiveFasta     0.000000
1           RMSF     0.056390
4     negativepH     0.079578
5     positivepH     0.079578
0         RgHist     0.364860
           names  importances
2  positiveFasta     0.000000
1           RMSF     0.011989
3     negativepH     0.079578
4     positivepH     0.079578
0         RgHist     0.453153
        names  importances
1        RMSF     0.033202
2  negativepH     0.056390
3  positivepH     0.056390
0      RgHist     0.600553
Confusion Matrix Stored at ./results/svmSelectedLinearCM.png!
Model stored to the following path: ./models/svmSelectedLinear.pkl
Entry stored to ./results/results.csv
