nohup: ignoring input
Fitting 5 folds for each of 144 candidates, totalling 720 fits
[CV 2/5] END max_depth=None, min_samples_leaf=1, min_samples_split=2, n_estimators=10;, score=0.846 total time=   0.0s
[CV 5/5] END max_depth=None, min_samples_leaf=1, min_samples_split=2, n_estimators=10;, score=0.800 total time=   0.0s
[CV 1/5] END max_depth=None, min_samples_leaf=1, min_samples_split=2, n_estimators=50;, score=0.727 total time=   0.1s
[CV 2/5] END max_depth=None, min_samples_leaf=1, min_samples_split=2, n_estimators=50;, score=0.846 total time=   0.1s
[CV 3/5] END max_depth=None, min_samples_leaf=1, min_samples_split=2, n_estimators=50;, score=0.667 total time=   0.1s
[CV 4/5] END max_depth=None, min_samples_leaf=1, min_samples_split=2, n_estimators=50;, score=0.857 total time=   0.1s
[CV 5/5] END max_depth=None, min_samples_leaf=1, min_samples_split=2, n_estimators=50;, score=0.815 total time=   0.1s
[CV 1/5] END max_depth=None, min_samples_leaf=1, min_samples_split=2, n_estimators=100;, score=0.727 total time=   0.2s
[CV 2/5] END max_depth=None, min_samples_leaf=1, min_samples_split=2, n_estimators=100;, score=0.846 total time=   0.2s
[CV 3/5] END max_depth=None, min_samples_leaf=1, min_samples_split=2, n_estimators=100;, score=0.667 total time=   0.2s
[CV 4/5] END max_depth=None, min_samples_leaf=1, min_samples_split=2, n_estimators=100;, score=0.762 total time=   0.2s
[CV 5/5] END max_depth=None, min_samples_leaf=1, min_samples_split=2, n_estimators=100;, score=0.815 total time=   0.2s
[CV 1/5] END max_depth=None, min_samples_leaf=1, min_samples_split=2, n_estimators=200;, score=0.783 total time=   0.4s
[CV 2/5] END max_depth=None, min_samples_leaf=1, min_samples_split=2, n_estimators=200;, score=0.846 total time=   0.4s
[CV 4/5] END max_depth=None, min_samples_leaf=1, min_samples_split=2, n_estimators=200;, score=0.762 total time=   0.4s
[CV 1/5] END max_depth=None, min_samples_leaf=1, min_samples_split=5, n_estimators=10;, score=0.800 total time=   0.0s
[CV 2/5] END max_depth=None, min_samples_leaf=1, min_samples_split=5, n_estimators=10;, score=0.846 total time=   0.0s
[CV 3/5] END max_depth=None, min_samples_leaf=1, min_samples_split=5, n_estimators=10;, score=0.667 total time=   0.0s
[CV 4/5] END max_depth=None, min_samples_leaf=1, min_samples_split=5, n_estimators=10;, score=0.737 total time=   0.0s
[CV 5/5] END max_depth=None, min_samples_leaf=1, min_samples_split=5, n_estimators=10;, score=0.815 total time=   0.0s
[CV 1/5] END max_depth=None, min_samples_leaf=1, min_samples_split=5, n_estimators=50;, score=0.783 total time=   0.1s
[CV 3/5] END max_depth=None, min_samples_leaf=1, min_samples_split=5, n_estimators=50;, score=0.667 total time=   0.1s
[CV 5/5] END max_depth=None, min_samples_leaf=1, min_samples_split=5, n_estimators=50;, score=0.815 total time=   0.1s
[CV 2/5] END max_depth=None, min_samples_leaf=1, min_samples_split=5, n_estimators=100;, score=0.846 total time=   0.2s
[CV 3/5] END max_depth=None, min_samples_leaf=1, min_samples_split=5, n_estimators=100;, score=0.667 total time=   0.2s
[CV 3/5] END max_depth=None, min_samples_leaf=1, min_samples_split=5, n_estimators=200;, score=0.667 total time=   0.4s
[CV 1/5] END max_depth=None, min_samples_leaf=1, min_samples_split=10, n_estimators=10;, score=0.783 total time=   0.0s
[CV 3/5] END max_depth=None, min_samples_leaf=1, min_samples_split=10, n_estimators=10;, score=0.769 total time=   0.0s
[CV 5/5] END max_depth=None, min_samples_leaf=1, min_samples_split=10, n_estimators=10;, score=0.815 total time=   0.0s
[CV 2/5] END max_depth=None, min_samples_leaf=1, min_samples_split=10, n_estimators=50;, score=0.846 total time=   0.1s
[CV 4/5] END max_depth=None, min_samples_leaf=1, min_samples_split=10, n_estimators=50;, score=1.000 total time=   0.1s
[CV 2/5] END max_depth=None, min_samples_leaf=1, min_samples_split=10, n_estimators=100;, score=0.846 total time=   0.2s
[CV 1/5] END max_depth=None, min_samples_leaf=1, min_samples_split=10, n_estimators=200;, score=0.833 total time=   0.4s
[CV 5/5] END max_depth=None, min_samples_leaf=1, min_samples_split=10, n_estimators=200;, score=0.815 total time=   0.4s
[CV 4/5] END max_depth=None, min_samples_leaf=2, min_samples_split=2, n_estimators=100;, score=0.857 total time=   0.2s
[CV 3/5] END max_depth=None, min_samples_leaf=2, min_samples_split=2, n_estimators=200;, score=0.667 total time=   0.4s
[CV 5/5] END max_depth=None, min_samples_leaf=2, min_samples_split=2, n_estimators=200;, score=0.815 total time=   0.4s
[CV 4/5] END max_depth=None, min_samples_leaf=2, min_samples_split=5, n_estimators=100;, score=0.857 total time=   0.2s
[CV 3/5] END max_depth=None, min_samples_leaf=2, min_samples_split=5, n_estimators=200;, score=0.667 total time=   0.4s
[CV 5/5] END max_depth=None, min_samples_leaf=2, min_samples_split=10, n_estimators=10;, score=0.815 total time=   0.0s
[CV 2/5] END max_depth=None, min_samples_leaf=2, min_samples_split=10, n_estimators=50;, score=0.846 total time=   0.1s
[CV 5/5] END max_depth=None, min_samples_leaf=2, min_samples_split=10, n_estimators=50;, score=0.815 total time=   0.1s
[CV 3/5] END max_depth=None, min_samples_leaf=2, min_samples_split=10, n_estimators=100;, score=0.667 total time=   0.2s
[CV 1/5] END max_depth=None, min_samples_leaf=2, min_samples_split=10, n_estimators=200;, score=0.833 total time=   0.4s
[CV 5/5] END max_depth=None, min_samples_leaf=2, min_samples_split=10, n_estimators=200;, score=0.815 total time=   0.4s
[CV 4/5] END max_depth=None, min_samples_leaf=4, min_samples_split=2, n_estimators=100;, score=0.909 total time=   0.2s
[CV 3/5] END max_depth=None, min_samples_leaf=4, min_samples_split=2, n_estimators=200;, score=0.667 total time=   0.4s
[CV 2/5] END max_depth=None, min_samples_leaf=4, min_samples_split=5, n_estimators=10;, score=0.846 total time=   0.0s
[CV 4/5] END max_depth=None, min_samples_leaf=4, min_samples_split=5, n_estimators=10;, score=0.857 total time=   0.0s
[CV 1/5] END max_depth=None, min_samples_leaf=4, min_samples_split=5, n_estimators=50;, score=0.833 total time=   0.1s
[CV 5/5] END max_depth=None, min_samples_leaf=4, min_samples_split=5, n_estimators=50;, score=0.815 total time=   0.1s
[CV 3/5] END max_depth=None, min_samples_leaf=4, min_samples_split=5, n_estimators=100;, score=0.696 total time=   0.2s
[CV 2/5] END max_depth=None, min_samples_leaf=4, min_samples_split=5, n_estimators=200;, score=0.846 total time=   0.4s
[CV 5/5] END max_depth=None, min_samples_leaf=4, min_samples_split=5, n_estimators=200;, score=0.815 total time=   0.4s
[CV 3/5] END max_depth=None, min_samples_leaf=4, min_samples_split=10, n_estimators=100;, score=0.696 total time=   0.2s
[CV 3/5] END max_depth=None, min_samples_leaf=4, min_samples_split=10, n_estimators=200;, score=0.696 total time=   0.4s
[CV 3/5] END max_depth=10, min_samples_leaf=1, min_samples_split=2, n_estimators=10;, score=0.720 total time=   0.0s
[CV 5/5] END max_depth=10, min_samples_leaf=1, min_samples_split=2, n_estimators=10;, score=0.800 total time=   0.0s
[CV 2/5] END max_depth=10, min_samples_leaf=1, min_samples_split=2, n_estimators=50;, score=0.846 total time=   0.1s
[CV 5/5] END max_depth=10, min_samples_leaf=1, min_samples_split=2, n_estimators=50;, score=0.815 total time=   0.1s
[CV 3/5] END max_depth=10, min_samples_leaf=1, min_samples_split=2, n_estimators=100;, score=0.667 total time=   0.2s
[CV 2/5] END max_depth=10, min_samples_leaf=1, min_samples_split=2, n_estimators=200;, score=0.846 total time=   0.4s
[CV 5/5] END max_depth=10, min_samples_leaf=1, min_samples_split=2, n_estimators=200;, score=0.815 total time=   0.4s
[CV 4/5] END max_depth=10, min_samples_leaf=1, min_samples_split=5, n_estimators=100;, score=0.857 total time=   0.2s
[CV 3/5] END max_depth=10, min_samples_leaf=1, min_samples_split=5, n_estimators=200;, score=0.667 total time=   0.4s
[CV 2/5] END max_depth=10, min_samples_leaf=1, min_samples_split=10, n_estimators=10;, score=0.846 total time=   0.0s
[CV 4/5] END max_depth=10, min_samples_leaf=1, min_samples_split=10, n_estimators=10;, score=0.800 total time=   0.0s
[CV 1/5] END max_depth=10, min_samples_leaf=1, min_samples_split=10, n_estimators=50;, score=0.727 total time=   0.1s
[CV 3/5] END max_depth=None, min_samples_leaf=1, min_samples_split=2, n_estimators=10;, score=0.720 total time=   0.0s
[CV 4/5] END max_depth=None, min_samples_leaf=1, min_samples_split=5, n_estimators=200;, score=0.857 total time=   0.4s
[CV 5/5] END max_depth=None, min_samples_leaf=1, min_samples_split=10, n_estimators=50;, score=0.815 total time=   0.1s
[CV 3/5] END max_depth=None, min_samples_leaf=1, min_samples_split=10, n_estimators=100;, score=0.667 total time=   0.2s
[CV 2/5] END max_depth=None, min_samples_leaf=1, min_samples_split=10, n_estimators=200;, score=0.846 total time=   0.4s
[CV 1/5] END max_depth=None, min_samples_leaf=2, min_samples_split=2, n_estimators=10;, score=0.800 total time=   0.0s
[CV 2/5] END max_depth=None, min_samples_leaf=2, min_samples_split=2, n_estimators=10;, score=0.846 total time=   0.0s
[CV 3/5] END max_depth=None, min_samples_leaf=2, min_samples_split=2, n_estimators=10;, score=0.667 total time=   0.0s
[CV 5/5] END max_depth=None, min_samples_leaf=2, min_samples_split=2, n_estimators=10;, score=0.815 total time=   0.0s
[CV 2/5] END max_depth=None, min_samples_leaf=2, min_samples_split=2, n_estimators=50;, score=0.846 total time=   0.1s
[CV 5/5] END max_depth=None, min_samples_leaf=2, min_samples_split=2, n_estimators=50;, score=0.815 total time=   0.1s
[CV 3/5] END max_depth=None, min_samples_leaf=2, min_samples_split=2, n_estimators=100;, score=0.667 total time=   0.2s
[CV 2/5] END max_depth=None, min_samples_leaf=2, min_samples_split=2, n_estimators=200;, score=0.846 total time=   0.4s
[CV 2/5] END max_depth=None, min_samples_leaf=2, min_samples_split=5, n_estimators=10;, score=0.846 total time=   0.0s
[CV 4/5] END max_depth=None, min_samples_leaf=2, min_samples_split=5, n_estimators=10;, score=0.900 total time=   0.0s
[CV 1/5] END max_depth=None, min_samples_leaf=2, min_samples_split=5, n_estimators=50;, score=0.783 total time=   0.1s
[CV 5/5] END max_depth=None, min_samples_leaf=2, min_samples_split=5, n_estimators=50;, score=0.815 total time=   0.1s
[CV 3/5] END max_depth=None, min_samples_leaf=2, min_samples_split=5, n_estimators=100;, score=0.667 total time=   0.2s
[CV 2/5] END max_depth=None, min_samples_leaf=2, min_samples_split=5, n_estimators=200;, score=0.846 total time=   0.4s
[CV 1/5] END max_depth=None, min_samples_leaf=2, min_samples_split=10, n_estimators=10;, score=0.833 total time=   0.0s
[CV 2/5] END max_depth=None, min_samples_leaf=2, min_samples_split=10, n_estimators=10;, score=0.846 total time=   0.0s
[CV 3/5] END max_depth=None, min_samples_leaf=2, min_samples_split=10, n_estimators=10;, score=0.741 total time=   0.0s
[CV 4/5] END max_depth=None, min_samples_leaf=2, min_samples_split=10, n_estimators=10;, score=0.800 total time=   0.0s
[CV 1/5] END max_depth=None, min_samples_leaf=2, min_samples_split=10, n_estimators=50;, score=0.833 total time=   0.1s
[CV 4/5] END max_depth=None, min_samples_leaf=2, min_samples_split=10, n_estimators=50;, score=1.000 total time=   0.1s
[CV 2/5] END max_depth=None, min_samples_leaf=2, min_samples_split=10, n_estimators=100;, score=0.846 total time=   0.2s
[CV 2/5] END max_depth=None, min_samples_leaf=2, min_samples_split=10, n_estimators=200;, score=0.846 total time=   0.4s
[CV 1/5] END max_depth=None, min_samples_leaf=4, min_samples_split=2, n_estimators=10;, score=0.783 total time=   0.0s
[CV 2/5] END max_depth=None, min_samples_leaf=4, min_samples_split=2, n_estimators=10;, score=0.846 total time=   0.0s
[CV 3/5] END max_depth=None, min_samples_leaf=4, min_samples_split=2, n_estimators=10;, score=0.769 total time=   0.0s
[CV 4/5] END max_depth=None, min_samples_leaf=4, min_samples_split=2, n_estimators=10;, score=0.857 total time=   0.0s
[CV 1/5] END max_depth=None, min_samples_leaf=4, min_samples_split=2, n_estimators=50;, score=0.833 total time=   0.1s
[CV 4/5] END max_depth=None, min_samples_leaf=4, min_samples_split=2, n_estimators=50;, score=1.000 total time=   0.1s
[CV 2/5] END max_depth=None, min_samples_leaf=4, min_samples_split=2, n_estimators=100;, score=0.846 total time=   0.2s
[CV 1/5] END max_depth=None, min_samples_leaf=4, min_samples_split=2, n_estimators=200;, score=0.833 total time=   0.4s
[CV 5/5] END max_depth=None, min_samples_leaf=4, min_samples_split=2, n_estimators=200;, score=0.815 total time=   0.4s
[CV 4/5] END max_depth=None, min_samples_leaf=4, min_samples_split=5, n_estimators=100;, score=0.909 total time=   0.2s
[CV 3/5] END max_depth=None, min_samples_leaf=4, min_samples_split=5, n_estimators=200;, score=0.667 total time=   0.4s
[CV 1/5] END max_depth=None, min_samples_leaf=4, min_samples_split=10, n_estimators=50;, score=0.833 total time=   0.1s
[CV 5/5] END max_depth=None, min_samples_leaf=4, min_samples_split=10, n_estimators=50;, score=0.815 total time=   0.1s
[CV 2/5] END max_depth=None, min_samples_leaf=4, min_samples_split=10, n_estimators=100;, score=0.846 total time=   0.2s
[CV 1/5] END max_depth=None, min_samples_leaf=4, min_samples_split=10, n_estimators=200;, score=0.833 total time=   0.4s
[CV 5/5] END max_depth=None, min_samples_leaf=4, min_samples_split=10, n_estimators=200;, score=0.815 total time=   0.4s
[CV 4/5] END max_depth=10, min_samples_leaf=1, min_samples_split=2, n_estimators=100;, score=0.818 total time=   0.2s
[CV 3/5] END max_depth=10, min_samples_leaf=1, min_samples_split=2, n_estimators=200;, score=0.667 total time=   0.4s
[CV 1/5] END max_depth=10, min_samples_leaf=1, min_samples_split=5, n_estimators=50;, score=0.783 total time=   0.1s
[CV 4/5] END max_depth=10, min_samples_leaf=1, min_samples_split=5, n_estimators=50;, score=0.909 total time=   0.1s
[CV 2/5] END max_depth=10, min_samples_leaf=1, min_samples_split=5, n_estimators=100;, score=0.846 total time=   0.2s
[CV 1/5] END max_depth=10, min_samples_leaf=1, min_samples_split=5, n_estimators=200;, score=0.833 total time=   0.4s
[CV 1/5] END max_depth=10, min_samples_leaf=1, min_samples_split=10, n_estimators=10;, score=0.783 total time=   0.0s
[CV 3/5] END max_depth=10, min_samples_leaf=1, min_samples_split=10, n_estimators=10;, score=0.769 total time=   0.0s
[CV 5/5] END max_depth=10, min_samples_leaf=1, min_samples_split=10, n_estimators=10;, score=0.815 total time=   0.0s
[CV 2/5] END max_depth=10, min_samples_leaf=1, min_samples_split=10, n_estimators=50;, score=0.846 total time=   0.1s
[CV 4/5] END max_depth=10, min_samples_leaf=1, min_samples_split=10, n_estimators=50;, score=1.000 total time=   0.1s
[CV 2/5] END max_depth=10, min_samples_leaf=1, min_samples_split=10, n_estimators=100;, score=0.846 total time=   0.2s
[CV 1/5] END max_depth=10, min_samples_leaf=1, min_samples_split=10, n_estimators=200;, score=0.833 total time=   0.4s
[CV 1/5] END max_depth=10, min_samples_leaf=2, min_samples_split=2, n_estimators=10;, score=0.800 total time=   0.0s
[CV 2/5] END max_depth=10, min_samples_leaf=2, min_samples_split=2, n_estimators=10;, score=0.846 total time=   0.0s
[CV 3/5] END max_depth=10, min_samples_leaf=2, min_samples_split=2, n_estimators=10;, score=0.667 total time=   0.0s
[CV 4/5] END max_depth=10, min_samples_leaf=2, min_samples_split=2, n_estimators=10;, score=0.842 total time=   0.0s
[CV 1/5] END max_depth=10, min_samples_leaf=2, min_samples_split=2, n_estimators=50;, score=0.783 total time=   0.1s
[CV 5/5] END max_depth=10, min_samples_leaf=2, min_samples_split=2, n_estimators=50;, score=0.815 total time=   0.1s
[CV 3/5] END max_depth=10, min_samples_leaf=2, min_samples_split=2, n_estimators=100;, score=0.667 total time=   0.2s
[CV 2/5] END max_depth=10, min_samples_leaf=2, min_samples_split=2, n_estimators=200;, score=0.846 total time=   0.4s
[CV 1/5] END max_depth=10, min_samples_leaf=2, min_samples_split=5, n_estimators=10;, score=0.750 total time=   0.0s
[CV 2/5] END max_depth=10, min_samples_leaf=2, min_samples_split=5, n_estimators=10;, score=0.846 total time=   0.0s
[CV 4/5] END max_depth=10, min_samples_leaf=2, min_samples_split=5, n_estimators=10;, score=0.900 total time=   0.0s
[CV 1/5] END max_depth=10, min_samples_leaf=2, min_samples_split=5, n_estimators=50;, score=0.783 total time=   0.1s
[CV 4/5] END max_depth=None, min_samples_leaf=1, min_samples_split=2, n_estimators=10;, score=0.818 total time=   0.0s
[CV 5/5] END max_depth=None, min_samples_leaf=1, min_samples_split=5, n_estimators=100;, score=0.815 total time=   0.2s
[CV 2/5] END max_depth=None, min_samples_leaf=1, min_samples_split=5, n_estimators=200;, score=0.846 total time=   0.4s
[CV 2/5] END max_depth=None, min_samples_leaf=1, min_samples_split=10, n_estimators=10;, score=0.846 total time=   0.0s
[CV 4/5] END max_depth=None, min_samples_leaf=1, min_samples_split=10, n_estimators=10;, score=0.800 total time=   0.0s
[CV 1/5] END max_depth=None, min_samples_leaf=1, min_samples_split=10, n_estimators=50;, score=0.727 total time=   0.1s
[CV 3/5] END max_depth=None, min_samples_leaf=1, min_samples_split=10, n_estimators=50;, score=0.667 total time=   0.1s
[CV 1/5] END max_depth=None, min_samples_leaf=1, min_samples_split=10, n_estimators=100;, score=0.833 total time=   0.2s
[CV 5/5] END max_depth=None, min_samples_leaf=1, min_samples_split=10, n_estimators=100;, score=0.815 total time=   0.2s
[CV 4/5] END max_depth=None, min_samples_leaf=1, min_samples_split=10, n_estimators=200;, score=0.909 total time=   0.4s
[CV 3/5] END max_depth=None, min_samples_leaf=2, min_samples_split=2, n_estimators=50;, score=0.667 total time=   0.1s
[CV 1/5] END max_depth=None, min_samples_leaf=2, min_samples_split=2, n_estimators=100;, score=0.833 total time=   0.2s
[CV 5/5] END max_depth=None, min_samples_leaf=2, min_samples_split=2, n_estimators=100;, score=0.815 total time=   0.2s
[CV 4/5] END max_depth=None, min_samples_leaf=2, min_samples_split=2, n_estimators=200;, score=0.857 total time=   0.4s
[CV 4/5] END max_depth=None, min_samples_leaf=2, min_samples_split=5, n_estimators=50;, score=0.857 total time=   0.1s
[CV 2/5] END max_depth=None, min_samples_leaf=2, min_samples_split=5, n_estimators=100;, score=0.846 total time=   0.2s
[CV 5/5] END max_depth=None, min_samples_leaf=2, min_samples_split=5, n_estimators=100;, score=0.815 total time=   0.2s
[CV 4/5] END max_depth=None, min_samples_leaf=2, min_samples_split=5, n_estimators=200;, score=0.857 total time=   0.4s
[CV 3/5] END max_depth=None, min_samples_leaf=2, min_samples_split=10, n_estimators=50;, score=0.667 total time=   0.1s
[CV 1/5] END max_depth=None, min_samples_leaf=2, min_samples_split=10, n_estimators=100;, score=0.833 total time=   0.2s
[CV 5/5] END max_depth=None, min_samples_leaf=2, min_samples_split=10, n_estimators=100;, score=0.815 total time=   0.2s
[CV 4/5] END max_depth=None, min_samples_leaf=2, min_samples_split=10, n_estimators=200;, score=0.957 total time=   0.4s
[CV 3/5] END max_depth=None, min_samples_leaf=4, min_samples_split=2, n_estimators=50;, score=0.667 total time=   0.1s
[CV 1/5] END max_depth=None, min_samples_leaf=4, min_samples_split=2, n_estimators=100;, score=0.833 total time=   0.2s
[CV 5/5] END max_depth=None, min_samples_leaf=4, min_samples_split=2, n_estimators=100;, score=0.769 total time=   0.2s
[CV 4/5] END max_depth=None, min_samples_leaf=4, min_samples_split=2, n_estimators=200;, score=0.909 total time=   0.4s
[CV 3/5] END max_depth=None, min_samples_leaf=4, min_samples_split=5, n_estimators=50;, score=0.667 total time=   0.1s
[CV 1/5] END max_depth=None, min_samples_leaf=4, min_samples_split=5, n_estimators=100;, score=0.833 total time=   0.2s
[CV 5/5] END max_depth=None, min_samples_leaf=4, min_samples_split=5, n_estimators=100;, score=0.769 total time=   0.2s
[CV 4/5] END max_depth=None, min_samples_leaf=4, min_samples_split=5, n_estimators=200;, score=0.909 total time=   0.4s
[CV 5/5] END max_depth=None, min_samples_leaf=4, min_samples_split=10, n_estimators=10;, score=0.769 total time=   0.0s
[CV 3/5] END max_depth=None, min_samples_leaf=4, min_samples_split=10, n_estimators=50;, score=0.696 total time=   0.1s
[CV 4/5] END max_depth=None, min_samples_leaf=4, min_samples_split=10, n_estimators=50;, score=1.000 total time=   0.1s
[CV 4/5] END max_depth=None, min_samples_leaf=4, min_samples_split=10, n_estimators=100;, score=0.957 total time=   0.2s
[CV 2/5] END max_depth=None, min_samples_leaf=4, min_samples_split=10, n_estimators=200;, score=0.846 total time=   0.4s
[CV 1/5] END max_depth=10, min_samples_leaf=1, min_samples_split=2, n_estimators=10;, score=0.783 total time=   0.0s
[CV 2/5] END max_depth=10, min_samples_leaf=1, min_samples_split=2, n_estimators=10;, score=0.846 total time=   0.0s
[CV 4/5] END max_depth=10, min_samples_leaf=1, min_samples_split=2, n_estimators=10;, score=0.818 total time=   0.0s
[CV 1/5] END max_depth=10, min_samples_leaf=1, min_samples_split=2, n_estimators=50;, score=0.727 total time=   0.1s
[CV 4/5] END max_depth=10, min_samples_leaf=1, min_samples_split=2, n_estimators=50;, score=0.857 total time=   0.1s
[CV 2/5] END max_depth=10, min_samples_leaf=1, min_samples_split=2, n_estimators=100;, score=0.846 total time=   0.2s
[CV 1/5] END max_depth=10, min_samples_leaf=1, min_samples_split=2, n_estimators=200;, score=0.833 total time=   0.4s
[CV 1/5] END max_depth=10, min_samples_leaf=1, min_samples_split=5, n_estimators=10;, score=0.800 total time=   0.0s
[CV 2/5] END max_depth=10, min_samples_leaf=1, min_samples_split=5, n_estimators=10;, score=0.846 total time=   0.0s
[CV 3/5] END max_depth=10, min_samples_leaf=1, min_samples_split=5, n_estimators=10;, score=0.667 total time=   0.0s
[CV 4/5] END max_depth=10, min_samples_leaf=1, min_samples_split=5, n_estimators=10;, score=0.737 total time=   0.0s
[CV 5/5] END max_depth=10, min_samples_leaf=1, min_samples_split=5, n_estimators=10;, score=0.815 total time=   0.0s
[CV 2/5] END max_depth=10, min_samples_leaf=1, min_samples_split=5, n_estimators=50;, score=0.846 total time=   0.1s
[CV 5/5] END max_depth=10, min_samples_leaf=1, min_samples_split=5, n_estimators=50;, score=0.815 total time=   0.1s
[CV 3/5] END max_depth=10, min_samples_leaf=1, min_samples_split=5, n_estimators=100;, score=0.667 total time=   0.2s
[CV 2/5] END max_depth=10, min_samples_leaf=1, min_samples_split=5, n_estimators=200;, score=0.846 total time=   0.4s
[CV 5/5] END max_depth=10, min_samples_leaf=1, min_samples_split=5, n_estimators=200;, score=0.815 total time=   0.4s
[CV 4/5] END max_depth=10, min_samples_leaf=1, min_samples_split=10, n_estimators=100;, score=0.957 total time=   0.2s
[CV 3/5] END max_depth=10, min_samples_leaf=1, min_samples_split=10, n_estimators=200;, score=0.667 total time=   0.4s
[CV 5/5] END max_depth=10, min_samples_leaf=2, min_samples_split=2, n_estimators=10;, score=0.815 total time=   0.0s
[CV 2/5] END max_depth=10, min_samples_leaf=2, min_samples_split=2, n_estimators=50;, score=0.846 total time=   0.1s
[CV 4/5] END max_depth=10, min_samples_leaf=2, min_samples_split=2, n_estimators=50;, score=0.900 total time=   0.1s
[CV 2/5] END max_depth=10, min_samples_leaf=2, min_samples_split=2, n_estimators=100;, score=0.846 total time=   0.2s
[CV 1/5] END max_depth=10, min_samples_leaf=2, min_samples_split=2, n_estimators=200;, score=0.833 total time=   0.4s
[CV 5/5] END max_depth=10, min_samples_leaf=2, min_samples_split=2, n_estimators=200;, score=0.815 total time=   0.4s
[CV 4/5] END max_depth=10, min_samples_leaf=2, min_samples_split=5, n_estimators=100;, score=0.857 total time=   0.2s
[CV 3/5] END max_depth=10, min_samples_leaf=2, min_samples_split=5, n_estimators=200;, score=0.667 total time=   0.4s
[CV 2/5] END max_depth=10, min_samples_leaf=2, min_samples_split=10, n_estimators=10;, score=0.846 total time=   0.0s
[CV 4/5] END max_depth=10, min_samples_leaf=2, min_samples_split=10, n_estimators=10;, score=0.800 total time=   0.0s
[CV 1/5] END max_depth=10, min_samples_leaf=2, min_samples_split=10, n_estimators=50;, score=0.833 total time=   0.1s
[CV 5/5] END max_depth=10, min_samples_leaf=2, min_samples_split=10, n_estimators=50;, score=0.815 total time=   0.1s
[CV 3/5] END max_depth=10, min_samples_leaf=2, min_samples_split=10, n_estimators=100;, score=0.667 total time=   0.2s
[CV 2/5] END max_depth=10, min_samples_leaf=2, min_samples_split=10, n_estimators=200;, score=0.846 total time=   0.4s
[CV 1/5] END max_depth=None, min_samples_leaf=1, min_samples_split=2, n_estimators=10;, score=0.727 total time=   0.0s
[CV 3/5] END max_depth=None, min_samples_leaf=1, min_samples_split=2, n_estimators=200;, score=0.667 total time=   0.4s
[CV 5/5] END max_depth=None, min_samples_leaf=1, min_samples_split=2, n_estimators=200;, score=0.815 total time=   0.4s
[CV 2/5] END max_depth=None, min_samples_leaf=1, min_samples_split=5, n_estimators=50;, score=0.846 total time=   0.1s
[CV 4/5] END max_depth=None, min_samples_leaf=1, min_samples_split=5, n_estimators=50;, score=0.909 total time=   0.1s
[CV 1/5] END max_depth=None, min_samples_leaf=1, min_samples_split=5, n_estimators=100;, score=0.833 total time=   0.2s
[CV 4/5] END max_depth=None, min_samples_leaf=1, min_samples_split=5, n_estimators=100;, score=0.857 total time=   0.2s
[CV 1/5] END max_depth=None, min_samples_leaf=1, min_samples_split=5, n_estimators=200;, score=0.833 total time=   0.4s
[CV 5/5] END max_depth=None, min_samples_leaf=1, min_samples_split=5, n_estimators=200;, score=0.815 total time=   0.4s
[CV 4/5] END max_depth=None, min_samples_leaf=1, min_samples_split=10, n_estimators=100;, score=0.957 total time=   0.2s
[CV 3/5] END max_depth=None, min_samples_leaf=1, min_samples_split=10, n_estimators=200;, score=0.667 total time=   0.4s
[CV 4/5] END max_depth=None, min_samples_leaf=2, min_samples_split=2, n_estimators=10;, score=0.842 total time=   0.0s
[CV 1/5] END max_depth=None, min_samples_leaf=2, min_samples_split=2, n_estimators=50;, score=0.783 total time=   0.1s
[CV 4/5] END max_depth=None, min_samples_leaf=2, min_samples_split=2, n_estimators=50;, score=0.900 total time=   0.1s
[CV 2/5] END max_depth=None, min_samples_leaf=2, min_samples_split=2, n_estimators=100;, score=0.846 total time=   0.2s
[CV 1/5] END max_depth=None, min_samples_leaf=2, min_samples_split=2, n_estimators=200;, score=0.833 total time=   0.4s
[CV 1/5] END max_depth=None, min_samples_leaf=2, min_samples_split=5, n_estimators=10;, score=0.750 total time=   0.0s
[CV 3/5] END max_depth=None, min_samples_leaf=2, min_samples_split=5, n_estimators=10;, score=0.667 total time=   0.0s
[CV 5/5] END max_depth=None, min_samples_leaf=2, min_samples_split=5, n_estimators=10;, score=0.846 total time=   0.0s
[CV 2/5] END max_depth=None, min_samples_leaf=2, min_samples_split=5, n_estimators=50;, score=0.846 total time=   0.1s
[CV 3/5] END max_depth=None, min_samples_leaf=2, min_samples_split=5, n_estimators=50;, score=0.667 total time=   0.1s
[CV 1/5] END max_depth=None, min_samples_leaf=2, min_samples_split=5, n_estimators=100;, score=0.833 total time=   0.2s
[CV 1/5] END max_depth=None, min_samples_leaf=2, min_samples_split=5, n_estimators=200;, score=0.833 total time=   0.4s
[CV 5/5] END max_depth=None, min_samples_leaf=2, min_samples_split=5, n_estimators=200;, score=0.815 total time=   0.4s
[CV 4/5] END max_depth=None, min_samples_leaf=2, min_samples_split=10, n_estimators=100;, score=0.957 total time=   0.2s
[CV 3/5] END max_depth=None, min_samples_leaf=2, min_samples_split=10, n_estimators=200;, score=0.667 total time=   0.4s
[CV 5/5] END max_depth=None, min_samples_leaf=4, min_samples_split=2, n_estimators=10;, score=0.815 total time=   0.0s
[CV 2/5] END max_depth=None, min_samples_leaf=4, min_samples_split=2, n_estimators=50;, score=0.846 total time=   0.1s
[CV 5/5] END max_depth=None, min_samples_leaf=4, min_samples_split=2, n_estimators=50;, score=0.815 total time=   0.1s
[CV 3/5] END max_depth=None, min_samples_leaf=4, min_samples_split=2, n_estimators=100;, score=0.696 total time=   0.2s
[CV 2/5] END max_depth=None, min_samples_leaf=4, min_samples_split=2, n_estimators=200;, score=0.846 total time=   0.4s
[CV 1/5] END max_depth=None, min_samples_leaf=4, min_samples_split=5, n_estimators=10;, score=0.783 total time=   0.0s
[CV 3/5] END max_depth=None, min_samples_leaf=4, min_samples_split=5, n_estimators=10;, score=0.769 total time=   0.0s
[CV 5/5] END max_depth=None, min_samples_leaf=4, min_samples_split=5, n_estimators=10;, score=0.815 total time=   0.0s
[CV 2/5] END max_depth=None, min_samples_leaf=4, min_samples_split=5, n_estimators=50;, score=0.846 total time=   0.1s
[CV 4/5] END max_depth=None, min_samples_leaf=4, min_samples_split=5, n_estimators=50;, score=1.000 total time=   0.1s
[CV 2/5] END max_depth=None, min_samples_leaf=4, min_samples_split=5, n_estimators=100;, score=0.846 total time=   0.2s
[CV 1/5] END max_depth=None, min_samples_leaf=4, min_samples_split=5, n_estimators=200;, score=0.833 total time=   0.4s
[CV 1/5] END max_depth=None, min_samples_leaf=4, min_samples_split=10, n_estimators=10;, score=0.833 total time=   0.0s
[CV 2/5] END max_depth=None, min_samples_leaf=4, min_samples_split=10, n_estimators=10;, score=0.846 total time=   0.0s
[CV 3/5] END max_depth=None, min_samples_leaf=4, min_samples_split=10, n_estimators=10;, score=0.769 total time=   0.0s
[CV 4/5] END max_depth=None, min_samples_leaf=4, min_samples_split=10, n_estimators=10;, score=0.900 total time=   0.0s
[CV 2/5] END max_depth=None, min_samples_leaf=4, min_samples_split=10, n_estimators=50;, score=0.846 total time=   0.1s
[CV 1/5] END max_depth=None, min_samples_leaf=4, min_samples_split=10, n_estimators=100;, score=0.833 total time=   0.2s
[CV 5/5] END max_depth=None, min_samples_leaf=4, min_samples_split=10, n_estimators=100;, score=0.769 total time=   0.2s
[CV 4/5] END max_depth=None, min_samples_leaf=4, min_samples_split=10, n_estimators=200;, score=0.917 total time=   0.4s
[CV 3/5] END max_depth=10, min_samples_leaf=1, min_samples_split=2, n_estimators=50;, score=0.667 total time=   0.1s
[CV 1/5] END max_depth=10, min_samples_leaf=1, min_samples_split=2, n_estimators=100;, score=0.833 total time=   0.2s
[CV 5/5] END max_depth=10, min_samples_leaf=1, min_samples_split=2, n_estimators=100;, score=0.815 total time=   0.2s
[CV 4/5] END max_depth=10, min_samples_leaf=1, min_samples_split=2, n_estimators=200;, score=0.762 total time=   0.4s
[CV 3/5] END max_depth=10, min_samples_leaf=1, min_samples_split=5, n_estimators=50;, score=0.667 total time=   0.1s
[CV 1/5] END max_depth=10, min_samples_leaf=1, min_samples_split=5, n_estimators=100;, score=0.833 total time=   0.2s
[CV 5/5] END max_depth=10, min_samples_leaf=1, min_samples_split=5, n_estimators=100;, score=0.815 total time=   0.2s
[CV 4/5] END max_depth=10, min_samples_leaf=1, min_samples_split=5, n_estimators=200;, score=0.857 total time=   0.4s
[CV 3/5] END max_depth=10, min_samples_leaf=1, min_samples_split=10, n_estimators=50;, score=0.667 total time=   0.1s
[CV 1/5] END max_depth=10, min_samples_leaf=1, min_samples_split=10, n_estimators=100;, score=0.833 total time=   0.2s
[CV 5/5] END max_depth=10, min_samples_leaf=1, min_samples_split=10, n_estimators=100;, score=0.815 total time=   0.2s
[CV 4/5] END max_depth=10, min_samples_leaf=1, min_samples_split=10, n_estimators=200;, score=0.909 total time=   0.4s
[CV 3/5] END max_depth=10, min_samples_leaf=2, min_samples_split=2, n_estimators=50;, score=0.667 total time=   0.1s
[CV 1/5] END max_depth=10, min_samples_leaf=2, min_samples_split=2, n_estimators=100;, score=0.833 total time=   0.2s
[CV 5/5] END max_depth=10, min_samples_leaf=2, min_samples_split=2, n_estimators=100;, score=0.815 total time=   0.2s
[CV 4/5] END max_depth=10, min_samples_leaf=2, min_samples_split=2, n_estimators=200;, score=0.857 total time=   0.4s
[CV 3/5] END max_depth=10, min_samples_leaf=2, min_samples_split=5, n_estimators=50;, score=0.667 total time=   0.1s
[CV 1/5] END max_depth=10, min_samples_leaf=2, min_samples_split=5, n_estimators=100;, score=0.833 total time=   0.2s
[CV 1/5] END max_depth=10, min_samples_leaf=2, min_samples_split=5, n_estimators=200;, score=0.833 total time=   0.4s
[CV 5/5] END max_depth=10, min_samples_leaf=2, min_samples_split=5, n_estimators=200;, score=0.815 total time=   0.4s
[CV 4/5] END max_depth=10, min_samples_leaf=2, min_samples_split=10, n_estimators=100;, score=0.957 total time=   0.2s
[CV 3/5] END max_depth=10, min_samples_leaf=2, min_samples_split=10, n_estimators=200;, score=0.667 total time=   0.4s
[CV 5/5] END max_depth=10, min_samples_leaf=1, min_samples_split=10, n_estimators=50;, score=0.815 total time=   0.1s
[CV 3/5] END max_depth=10, min_samples_leaf=1, min_samples_split=10, n_estimators=100;, score=0.667 total time=   0.2s
[CV 2/5] END max_depth=10, min_samples_leaf=1, min_samples_split=10, n_estimators=200;, score=0.846 total time=   0.4s
[CV 5/5] END max_depth=10, min_samples_leaf=1, min_samples_split=10, n_estimators=200;, score=0.815 total time=   0.4s
[CV 4/5] END max_depth=10, min_samples_leaf=2, min_samples_split=2, n_estimators=100;, score=0.857 total time=   0.2s
[CV 3/5] END max_depth=10, min_samples_leaf=2, min_samples_split=2, n_estimators=200;, score=0.667 total time=   0.4s
[CV 3/5] END max_depth=10, min_samples_leaf=2, min_samples_split=5, n_estimators=10;, score=0.667 total time=   0.0s
[CV 5/5] END max_depth=10, min_samples_leaf=2, min_samples_split=5, n_estimators=10;, score=0.846 total time=   0.0s
[CV 2/5] END max_depth=10, min_samples_leaf=2, min_samples_split=5, n_estimators=50;, score=0.846 total time=   0.1s
[CV 5/5] END max_depth=10, min_samples_leaf=2, min_samples_split=5, n_estimators=50;, score=0.815 total time=   0.1s
[CV 3/5] END max_depth=10, min_samples_leaf=2, min_samples_split=5, n_estimators=100;, score=0.667 total time=   0.2s
[CV 5/5] END max_depth=10, min_samples_leaf=2, min_samples_split=5, n_estimators=100;, score=0.815 total time=   0.2s
[CV 4/5] END max_depth=10, min_samples_leaf=2, min_samples_split=5, n_estimators=200;, score=0.857 total time=   0.4s
[CV 3/5] END max_depth=10, min_samples_leaf=2, min_samples_split=10, n_estimators=50;, score=0.667 total time=   0.1s
[CV 1/5] END max_depth=10, min_samples_leaf=2, min_samples_split=10, n_estimators=100;, score=0.833 total time=   0.2s
[CV 5/5] END max_depth=10, min_samples_leaf=2, min_samples_split=10, n_estimators=100;, score=0.815 total time=   0.2s
[CV 4/5] END max_depth=10, min_samples_leaf=2, min_samples_split=10, n_estimators=200;, score=0.957 total time=   0.4s
[CV 3/5] END max_depth=10, min_samples_leaf=4, min_samples_split=2, n_estimators=50;, score=0.667 total time=   0.1s
[CV 1/5] END max_depth=10, min_samples_leaf=4, min_samples_split=2, n_estimators=100;, score=0.833 total time=   0.2s
[CV 5/5] END max_depth=10, min_samples_leaf=4, min_samples_split=2, n_estimators=100;, score=0.769 total time=   0.2s
[CV 4/5] END max_depth=10, min_samples_leaf=4, min_samples_split=2, n_estimators=200;, score=0.909 total time=   0.4s
[CV 3/5] END max_depth=10, min_samples_leaf=4, min_samples_split=5, n_estimators=50;, score=0.667 total time=   0.1s
[CV 4/5] END max_depth=10, min_samples_leaf=4, min_samples_split=5, n_estimators=50;, score=1.000 total time=   0.1s
[CV 2/5] END max_depth=10, min_samples_leaf=4, min_samples_split=5, n_estimators=100;, score=0.846 total time=   0.2s
[CV 1/5] END max_depth=10, min_samples_leaf=4, min_samples_split=5, n_estimators=200;, score=0.833 total time=   0.3s
[CV 5/5] END max_depth=10, min_samples_leaf=4, min_samples_split=5, n_estimators=200;, score=0.815 total time=   0.4s
[CV 4/5] END max_depth=10, min_samples_leaf=4, min_samples_split=10, n_estimators=100;, score=0.957 total time=   0.2s
[CV 3/5] END max_depth=10, min_samples_leaf=4, min_samples_split=10, n_estimators=200;, score=0.696 total time=   0.3s
[CV 2/5] END max_depth=20, min_samples_leaf=1, min_samples_split=2, n_estimators=10;, score=0.846 total time=   0.0s
[CV 4/5] END max_depth=20, min_samples_leaf=1, min_samples_split=2, n_estimators=10;, score=0.818 total time=   0.0s
[CV 2/5] END max_depth=20, min_samples_leaf=1, min_samples_split=2, n_estimators=50;, score=0.846 total time=   0.1s
[CV 1/5] END max_depth=20, min_samples_leaf=1, min_samples_split=2, n_estimators=100;, score=0.727 total time=   0.2s
[CV 5/5] END max_depth=20, min_samples_leaf=1, min_samples_split=2, n_estimators=100;, score=0.815 total time=   0.2s
[CV 4/5] END max_depth=20, min_samples_leaf=1, min_samples_split=2, n_estimators=200;, score=0.762 total time=   0.4s
[CV 5/5] END max_depth=20, min_samples_leaf=1, min_samples_split=5, n_estimators=10;, score=0.815 total time=   0.0s
[CV 2/5] END max_depth=20, min_samples_leaf=1, min_samples_split=5, n_estimators=50;, score=0.846 total time=   0.1s
[CV 5/5] END max_depth=20, min_samples_leaf=1, min_samples_split=5, n_estimators=50;, score=0.815 total time=   0.1s
[CV 2/5] END max_depth=20, min_samples_leaf=1, min_samples_split=5, n_estimators=100;, score=0.846 total time=   0.2s
[CV 2/5] END max_depth=20, min_samples_leaf=1, min_samples_split=5, n_estimators=200;, score=0.846 total time=   0.4s
[CV 1/5] END max_depth=20, min_samples_leaf=1, min_samples_split=10, n_estimators=10;, score=0.783 total time=   0.0s
[CV 2/5] END max_depth=20, min_samples_leaf=1, min_samples_split=10, n_estimators=10;, score=0.846 total time=   0.0s
[CV 3/5] END max_depth=20, min_samples_leaf=1, min_samples_split=10, n_estimators=10;, score=0.769 total time=   0.0s
[CV 5/5] END max_depth=20, min_samples_leaf=1, min_samples_split=10, n_estimators=10;, score=0.815 total time=   0.0s
[CV 2/5] END max_depth=20, min_samples_leaf=1, min_samples_split=10, n_estimators=50;, score=0.846 total time=   0.1s
[CV 5/5] END max_depth=20, min_samples_leaf=1, min_samples_split=10, n_estimators=50;, score=0.815 total time=   0.1s
[CV 3/5] END max_depth=20, min_samples_leaf=1, min_samples_split=10, n_estimators=100;, score=0.667 total time=   0.2s
[CV 2/5] END max_depth=20, min_samples_leaf=1, min_samples_split=10, n_estimators=200;, score=0.846 total time=   0.4s
[CV 5/5] END max_depth=20, min_samples_leaf=1, min_samples_split=10, n_estimators=200;, score=0.815 total time=   0.4s
[CV 4/5] END max_depth=20, min_samples_leaf=2, min_samples_split=2, n_estimators=100;, score=0.857 total time=   0.2s
[CV 3/5] END max_depth=20, min_samples_leaf=2, min_samples_split=2, n_estimators=200;, score=0.667 total time=   0.4s
[CV 2/5] END max_depth=20, min_samples_leaf=2, min_samples_split=5, n_estimators=10;, score=0.846 total time=   0.0s
[CV 4/5] END max_depth=20, min_samples_leaf=2, min_samples_split=5, n_estimators=10;, score=0.900 total time=   0.0s
[CV 1/5] END max_depth=20, min_samples_leaf=2, min_samples_split=5, n_estimators=50;, score=0.783 total time=   0.1s
[CV 5/5] END max_depth=20, min_samples_leaf=2, min_samples_split=5, n_estimators=50;, score=0.815 total time=   0.1s
[CV 3/5] END max_depth=20, min_samples_leaf=2, min_samples_split=5, n_estimators=100;, score=0.667 total time=   0.2s
[CV 1/5] END max_depth=20, min_samples_leaf=2, min_samples_split=5, n_estimators=200;, score=0.833 total time=   0.4s
[CV 5/5] END max_depth=20, min_samples_leaf=2, min_samples_split=5, n_estimators=200;, score=0.815 total time=   0.4s
[CV 4/5] END max_depth=20, min_samples_leaf=2, min_samples_split=10, n_estimators=100;, score=0.957 total time=   0.2s
[CV 3/5] END max_depth=20, min_samples_leaf=2, min_samples_split=10, n_estimators=200;, score=0.667 total time=   0.4s
[CV 3/5] END max_depth=20, min_samples_leaf=4, min_samples_split=2, n_estimators=10;, score=0.769 total time=   0.0s
[CV 5/5] END max_depth=20, min_samples_leaf=4, min_samples_split=2, n_estimators=10;, score=0.815 total time=   0.0s
[CV 2/5] END max_depth=20, min_samples_leaf=4, min_samples_split=2, n_estimators=50;, score=0.846 total time=   0.1s
[CV 5/5] END max_depth=20, min_samples_leaf=4, min_samples_split=2, n_estimators=50;, score=0.815 total time=   0.1s
[CV 3/5] END max_depth=20, min_samples_leaf=4, min_samples_split=2, n_estimators=100;, score=0.696 total time=   0.2s
[CV 1/5] END max_depth=20, min_samples_leaf=4, min_samples_split=2, n_estimators=200;, score=0.833 total time=   0.4s
[CV 5/5] END max_depth=20, min_samples_leaf=4, min_samples_split=2, n_estimators=200;, score=0.815 total time=   0.4s
[CV 4/5] END max_depth=20, min_samples_leaf=4, min_samples_split=5, n_estimators=100;, score=0.909 total time=   0.2s
[CV 3/5] END max_depth=20, min_samples_leaf=4, min_samples_split=5, n_estimators=200;, score=0.667 total time=   0.4s
[CV 3/5] END max_depth=20, min_samples_leaf=4, min_samples_split=10, n_estimators=10;, score=0.769 total time=   0.0s
[CV 4/5] END max_depth=10, min_samples_leaf=2, min_samples_split=5, n_estimators=50;, score=0.857 total time=   0.1s
[CV 2/5] END max_depth=10, min_samples_leaf=2, min_samples_split=5, n_estimators=100;, score=0.846 total time=   0.2s
[CV 2/5] END max_depth=10, min_samples_leaf=2, min_samples_split=5, n_estimators=200;, score=0.846 total time=   0.4s
[CV 1/5] END max_depth=10, min_samples_leaf=2, min_samples_split=10, n_estimators=10;, score=0.833 total time=   0.0s
[CV 3/5] END max_depth=10, min_samples_leaf=2, min_samples_split=10, n_estimators=10;, score=0.741 total time=   0.0s
[CV 5/5] END max_depth=10, min_samples_leaf=2, min_samples_split=10, n_estimators=10;, score=0.815 total time=   0.0s
[CV 2/5] END max_depth=10, min_samples_leaf=2, min_samples_split=10, n_estimators=50;, score=0.846 total time=   0.1s
[CV 4/5] END max_depth=10, min_samples_leaf=2, min_samples_split=10, n_estimators=50;, score=1.000 total time=   0.1s
[CV 2/5] END max_depth=10, min_samples_leaf=2, min_samples_split=10, n_estimators=100;, score=0.846 total time=   0.2s
[CV 1/5] END max_depth=10, min_samples_leaf=2, min_samples_split=10, n_estimators=200;, score=0.833 total time=   0.4s
[CV 5/5] END max_depth=10, min_samples_leaf=2, min_samples_split=10, n_estimators=200;, score=0.815 total time=   0.4s
[CV 4/5] END max_depth=10, min_samples_leaf=4, min_samples_split=2, n_estimators=100;, score=0.909 total time=   0.2s
[CV 3/5] END max_depth=10, min_samples_leaf=4, min_samples_split=2, n_estimators=200;, score=0.667 total time=   0.4s
[CV 4/5] END max_depth=10, min_samples_leaf=4, min_samples_split=5, n_estimators=10;, score=0.857 total time=   0.0s
[CV 1/5] END max_depth=10, min_samples_leaf=4, min_samples_split=5, n_estimators=50;, score=0.833 total time=   0.1s
[CV 1/5] END max_depth=10, min_samples_leaf=4, min_samples_split=5, n_estimators=100;, score=0.833 total time=   0.2s
[CV 5/5] END max_depth=10, min_samples_leaf=4, min_samples_split=5, n_estimators=100;, score=0.769 total time=   0.2s
[CV 4/5] END max_depth=10, min_samples_leaf=4, min_samples_split=5, n_estimators=200;, score=0.909 total time=   0.4s
[CV 1/5] END max_depth=10, min_samples_leaf=4, min_samples_split=10, n_estimators=50;, score=0.833 total time=   0.1s
[CV 4/5] END max_depth=10, min_samples_leaf=4, min_samples_split=10, n_estimators=50;, score=1.000 total time=   0.1s
[CV 2/5] END max_depth=10, min_samples_leaf=4, min_samples_split=10, n_estimators=100;, score=0.846 total time=   0.2s
[CV 2/5] END max_depth=10, min_samples_leaf=4, min_samples_split=10, n_estimators=200;, score=0.846 total time=   0.4s
[CV 5/5] END max_depth=10, min_samples_leaf=4, min_samples_split=10, n_estimators=200;, score=0.815 total time=   0.4s
[CV 4/5] END max_depth=20, min_samples_leaf=1, min_samples_split=2, n_estimators=100;, score=0.762 total time=   0.2s
[CV 3/5] END max_depth=20, min_samples_leaf=1, min_samples_split=2, n_estimators=200;, score=0.667 total time=   0.4s
[CV 3/5] END max_depth=20, min_samples_leaf=1, min_samples_split=5, n_estimators=50;, score=0.667 total time=   0.1s
[CV 4/5] END max_depth=20, min_samples_leaf=1, min_samples_split=5, n_estimators=50;, score=0.909 total time=   0.1s
[CV 3/5] END max_depth=20, min_samples_leaf=1, min_samples_split=5, n_estimators=100;, score=0.667 total time=   0.2s
[CV 1/5] END max_depth=20, min_samples_leaf=1, min_samples_split=5, n_estimators=200;, score=0.833 total time=   0.4s
[CV 5/5] END max_depth=20, min_samples_leaf=1, min_samples_split=5, n_estimators=200;, score=0.815 total time=   0.4s
[CV 4/5] END max_depth=20, min_samples_leaf=1, min_samples_split=10, n_estimators=100;, score=0.957 total time=   0.2s
[CV 3/5] END max_depth=20, min_samples_leaf=1, min_samples_split=10, n_estimators=200;, score=0.667 total time=   0.4s
[CV 5/5] END max_depth=20, min_samples_leaf=2, min_samples_split=2, n_estimators=10;, score=0.815 total time=   0.0s
[CV 2/5] END max_depth=20, min_samples_leaf=2, min_samples_split=2, n_estimators=50;, score=0.846 total time=   0.1s
[CV 5/5] END max_depth=20, min_samples_leaf=2, min_samples_split=2, n_estimators=50;, score=0.815 total time=   0.1s
[CV 3/5] END max_depth=20, min_samples_leaf=2, min_samples_split=2, n_estimators=100;, score=0.667 total time=   0.2s
[CV 2/5] END max_depth=20, min_samples_leaf=2, min_samples_split=2, n_estimators=200;, score=0.846 total time=   0.4s
[CV 1/5] END max_depth=20, min_samples_leaf=2, min_samples_split=5, n_estimators=10;, score=0.750 total time=   0.0s
[CV 3/5] END max_depth=20, min_samples_leaf=2, min_samples_split=5, n_estimators=10;, score=0.667 total time=   0.0s
[CV 5/5] END max_depth=20, min_samples_leaf=2, min_samples_split=5, n_estimators=10;, score=0.846 total time=   0.0s
[CV 2/5] END max_depth=20, min_samples_leaf=2, min_samples_split=5, n_estimators=50;, score=0.846 total time=   0.1s
[CV 4/5] END max_depth=20, min_samples_leaf=2, min_samples_split=5, n_estimators=50;, score=0.857 total time=   0.1s
[CV 2/5] END max_depth=20, min_samples_leaf=2, min_samples_split=5, n_estimators=100;, score=0.846 total time=   0.2s
[CV 2/5] END max_depth=20, min_samples_leaf=2, min_samples_split=5, n_estimators=200;, score=0.846 total time=   0.4s
[CV 1/5] END max_depth=20, min_samples_leaf=2, min_samples_split=10, n_estimators=10;, score=0.833 total time=   0.0s
[CV 2/5] END max_depth=20, min_samples_leaf=2, min_samples_split=10, n_estimators=10;, score=0.846 total time=   0.0s
[CV 3/5] END max_depth=20, min_samples_leaf=2, min_samples_split=10, n_estimators=10;, score=0.741 total time=   0.0s
[CV 5/5] END max_depth=20, min_samples_leaf=2, min_samples_split=10, n_estimators=10;, score=0.815 total time=   0.0s
[CV 2/5] END max_depth=20, min_samples_leaf=2, min_samples_split=10, n_estimators=50;, score=0.846 total time=   0.1s
[CV 5/5] END max_depth=20, min_samples_leaf=2, min_samples_split=10, n_estimators=50;, score=0.815 total time=   0.1s
[CV 3/5] END max_depth=20, min_samples_leaf=2, min_samples_split=10, n_estimators=100;, score=0.667 total time=   0.2s
[CV 2/5] END max_depth=20, min_samples_leaf=2, min_samples_split=10, n_estimators=200;, score=0.846 total time=   0.4s
[CV 1/5] END max_depth=20, min_samples_leaf=4, min_samples_split=2, n_estimators=10;, score=0.783 total time=   0.0s
[CV 2/5] END max_depth=20, min_samples_leaf=4, min_samples_split=2, n_estimators=10;, score=0.846 total time=   0.0s
[CV 4/5] END max_depth=20, min_samples_leaf=4, min_samples_split=2, n_estimators=10;, score=0.857 total time=   0.0s
[CV 1/5] END max_depth=20, min_samples_leaf=4, min_samples_split=2, n_estimators=50;, score=0.833 total time=   0.1s
[CV 4/5] END max_depth=20, min_samples_leaf=4, min_samples_split=2, n_estimators=50;, score=1.000 total time=   0.1s
[CV 2/5] END max_depth=20, min_samples_leaf=4, min_samples_split=2, n_estimators=100;, score=0.846 total time=   0.2s
[CV 2/5] END max_depth=20, min_samples_leaf=4, min_samples_split=2, n_estimators=200;, score=0.846 total time=   0.4s
[CV 1/5] END max_depth=20, min_samples_leaf=4, min_samples_split=5, n_estimators=10;, score=0.783 total time=   0.0s
[CV 2/5] END max_depth=20, min_samples_leaf=4, min_samples_split=5, n_estimators=10;, score=0.846 total time=   0.0s
[CV 4/5] END max_depth=20, min_samples_leaf=4, min_samples_split=5, n_estimators=10;, score=0.857 total time=   0.0s
[CV 1/5] END max_depth=20, min_samples_leaf=4, min_samples_split=5, n_estimators=50;, score=0.833 total time=   0.1s
[CV 4/5] END max_depth=20, min_samples_leaf=4, min_samples_split=5, n_estimators=50;, score=1.000 total time=   0.1s
[CV 2/5] END max_depth=20, min_samples_leaf=4, min_samples_split=5, n_estimators=100;, score=0.846 total time=   0.2s
[CV 1/5] END max_depth=20, min_samples_leaf=4, min_samples_split=5, n_estimators=200;, score=0.833 total time=   0.4s
[CV 1/5] END max_depth=20, min_samples_leaf=4, min_samples_split=10, n_estimators=10;, score=0.833 total time=   0.0s
[CV 2/5] END max_depth=20, min_samples_leaf=4, min_samples_split=10, n_estimators=10;, score=0.846 total time=   0.0s
[CV 4/5] END max_depth=20, min_samples_leaf=4, min_samples_split=10, n_estimators=10;, score=0.900 total time=   0.0s
[CV 1/5] END max_depth=10, min_samples_leaf=4, min_samples_split=2, n_estimators=10;, score=0.783 total time=   0.0s
[CV 2/5] END max_depth=10, min_samples_leaf=4, min_samples_split=2, n_estimators=10;, score=0.846 total time=   0.0s
[CV 3/5] END max_depth=10, min_samples_leaf=4, min_samples_split=2, n_estimators=10;, score=0.769 total time=   0.0s
[CV 5/5] END max_depth=10, min_samples_leaf=4, min_samples_split=2, n_estimators=10;, score=0.815 total time=   0.0s
[CV 2/5] END max_depth=10, min_samples_leaf=4, min_samples_split=2, n_estimators=50;, score=0.846 total time=   0.1s
[CV 5/5] END max_depth=10, min_samples_leaf=4, min_samples_split=2, n_estimators=50;, score=0.815 total time=   0.1s
[CV 3/5] END max_depth=10, min_samples_leaf=4, min_samples_split=2, n_estimators=100;, score=0.696 total time=   0.2s
[CV 2/5] END max_depth=10, min_samples_leaf=4, min_samples_split=2, n_estimators=200;, score=0.846 total time=   0.4s
[CV 1/5] END max_depth=10, min_samples_leaf=4, min_samples_split=5, n_estimators=10;, score=0.783 total time=   0.0s
[CV 2/5] END max_depth=10, min_samples_leaf=4, min_samples_split=5, n_estimators=10;, score=0.846 total time=   0.0s
[CV 3/5] END max_depth=10, min_samples_leaf=4, min_samples_split=5, n_estimators=10;, score=0.769 total time=   0.0s
[CV 5/5] END max_depth=10, min_samples_leaf=4, min_samples_split=5, n_estimators=10;, score=0.815 total time=   0.0s
[CV 2/5] END max_depth=10, min_samples_leaf=4, min_samples_split=5, n_estimators=50;, score=0.846 total time=   0.1s
[CV 5/5] END max_depth=10, min_samples_leaf=4, min_samples_split=5, n_estimators=50;, score=0.815 total time=   0.1s
[CV 3/5] END max_depth=10, min_samples_leaf=4, min_samples_split=5, n_estimators=100;, score=0.696 total time=   0.2s
[CV 2/5] END max_depth=10, min_samples_leaf=4, min_samples_split=5, n_estimators=200;, score=0.846 total time=   0.4s
[CV 1/5] END max_depth=10, min_samples_leaf=4, min_samples_split=10, n_estimators=10;, score=0.833 total time=   0.0s
[CV 2/5] END max_depth=10, min_samples_leaf=4, min_samples_split=10, n_estimators=10;, score=0.846 total time=   0.0s
[CV 3/5] END max_depth=10, min_samples_leaf=4, min_samples_split=10, n_estimators=10;, score=0.769 total time=   0.0s
[CV 5/5] END max_depth=10, min_samples_leaf=4, min_samples_split=10, n_estimators=10;, score=0.769 total time=   0.0s
[CV 3/5] END max_depth=10, min_samples_leaf=4, min_samples_split=10, n_estimators=50;, score=0.696 total time=   0.1s
[CV 1/5] END max_depth=10, min_samples_leaf=4, min_samples_split=10, n_estimators=100;, score=0.833 total time=   0.2s
[CV 5/5] END max_depth=10, min_samples_leaf=4, min_samples_split=10, n_estimators=100;, score=0.769 total time=   0.2s
[CV 4/5] END max_depth=10, min_samples_leaf=4, min_samples_split=10, n_estimators=200;, score=0.917 total time=   0.4s
[CV 1/5] END max_depth=20, min_samples_leaf=1, min_samples_split=2, n_estimators=50;, score=0.727 total time=   0.1s
[CV 4/5] END max_depth=20, min_samples_leaf=1, min_samples_split=2, n_estimators=50;, score=0.857 total time=   0.1s
[CV 3/5] END max_depth=20, min_samples_leaf=1, min_samples_split=2, n_estimators=100;, score=0.667 total time=   0.2s
[CV 2/5] END max_depth=20, min_samples_leaf=1, min_samples_split=2, n_estimators=200;, score=0.846 total time=   0.4s
[CV 5/5] END max_depth=20, min_samples_leaf=1, min_samples_split=2, n_estimators=200;, score=0.815 total time=   0.4s
[CV 4/5] END max_depth=20, min_samples_leaf=1, min_samples_split=5, n_estimators=100;, score=0.857 total time=   0.2s
[CV 3/5] END max_depth=20, min_samples_leaf=1, min_samples_split=5, n_estimators=200;, score=0.667 total time=   0.4s
[CV 4/5] END max_depth=20, min_samples_leaf=1, min_samples_split=10, n_estimators=10;, score=0.800 total time=   0.0s
[CV 1/5] END max_depth=20, min_samples_leaf=1, min_samples_split=10, n_estimators=50;, score=0.727 total time=   0.1s
[CV 4/5] END max_depth=20, min_samples_leaf=1, min_samples_split=10, n_estimators=50;, score=1.000 total time=   0.1s
[CV 2/5] END max_depth=20, min_samples_leaf=1, min_samples_split=10, n_estimators=100;, score=0.846 total time=   0.2s
[CV 1/5] END max_depth=20, min_samples_leaf=1, min_samples_split=10, n_estimators=200;, score=0.833 total time=   0.4s
[CV 1/5] END max_depth=20, min_samples_leaf=2, min_samples_split=2, n_estimators=10;, score=0.800 total time=   0.0s
[CV 2/5] END max_depth=20, min_samples_leaf=2, min_samples_split=2, n_estimators=10;, score=0.846 total time=   0.0s
[CV 3/5] END max_depth=20, min_samples_leaf=2, min_samples_split=2, n_estimators=10;, score=0.667 total time=   0.0s
[CV 4/5] END max_depth=20, min_samples_leaf=2, min_samples_split=2, n_estimators=10;, score=0.842 total time=   0.0s
[CV 1/5] END max_depth=20, min_samples_leaf=2, min_samples_split=2, n_estimators=50;, score=0.783 total time=   0.1s
[CV 4/5] END max_depth=20, min_samples_leaf=2, min_samples_split=2, n_estimators=50;, score=0.900 total time=   0.1s
[CV 2/5] END max_depth=20, min_samples_leaf=2, min_samples_split=2, n_estimators=100;, score=0.846 total time=   0.2s
[CV 1/5] END max_depth=20, min_samples_leaf=2, min_samples_split=2, n_estimators=200;, score=0.833 total time=   0.4s
[CV 5/5] END max_depth=20, min_samples_leaf=2, min_samples_split=2, n_estimators=200;, score=0.815 total time=   0.4s
[CV 4/5] END max_depth=20, min_samples_leaf=2, min_samples_split=5, n_estimators=100;, score=0.857 total time=   0.2s
[CV 3/5] END max_depth=20, min_samples_leaf=2, min_samples_split=5, n_estimators=200;, score=0.667 total time=   0.4s
[CV 4/5] END max_depth=20, min_samples_leaf=2, min_samples_split=10, n_estimators=10;, score=0.800 total time=   0.0s
[CV 1/5] END max_depth=20, min_samples_leaf=2, min_samples_split=10, n_estimators=50;, score=0.833 total time=   0.1s
[CV 4/5] END max_depth=20, min_samples_leaf=2, min_samples_split=10, n_estimators=50;, score=1.000 total time=   0.1s
[CV 2/5] END max_depth=20, min_samples_leaf=2, min_samples_split=10, n_estimators=100;, score=0.846 total time=   0.2s
[CV 1/5] END max_depth=20, min_samples_leaf=2, min_samples_split=10, n_estimators=200;, score=0.833 total time=   0.4s
[CV 5/5] END max_depth=20, min_samples_leaf=2, min_samples_split=10, n_estimators=200;, score=0.815 total time=   0.4s
[CV 4/5] END max_depth=20, min_samples_leaf=4, min_samples_split=2, n_estimators=100;, score=0.909 total time=   0.2s
[CV 3/5] END max_depth=20, min_samples_leaf=4, min_samples_split=2, n_estimators=200;, score=0.667 total time=   0.4s
[CV 3/5] END max_depth=20, min_samples_leaf=4, min_samples_split=5, n_estimators=10;, score=0.769 total time=   0.0s
[CV 5/5] END max_depth=20, min_samples_leaf=4, min_samples_split=5, n_estimators=10;, score=0.815 total time=   0.0s
[CV 2/5] END max_depth=20, min_samples_leaf=4, min_samples_split=5, n_estimators=50;, score=0.846 total time=   0.1s
[CV 5/5] END max_depth=20, min_samples_leaf=4, min_samples_split=5, n_estimators=50;, score=0.815 total time=   0.1s
[CV 3/5] END max_depth=20, min_samples_leaf=4, min_samples_split=5, n_estimators=100;, score=0.696 total time=   0.2s
[CV 2/5] END max_depth=20, min_samples_leaf=4, min_samples_split=5, n_estimators=200;, score=0.846 total time=   0.4s
[CV 5/5] END max_depth=20, min_samples_leaf=4, min_samples_split=5, n_estimators=200;, score=0.815 total time=   0.4s
[CV 4/5] END max_depth=20, min_samples_leaf=4, min_samples_split=10, n_estimators=100;, score=0.957 total time=   0.2s
[CV 3/5] END max_depth=20, min_samples_leaf=4, min_samples_split=10, n_estimators=200;, score=0.696 total time=   0.4s
[CV 5/5] END max_depth=30, min_samples_leaf=1, min_samples_split=2, n_estimators=10;, score=0.800 total time=   0.0s
[CV 2/5] END max_depth=30, min_samples_leaf=1, min_samples_split=2, n_estimators=50;, score=0.846 total time=   0.1s
[CV 5/5] END max_depth=30, min_samples_leaf=1, min_samples_split=2, n_estimators=50;, score=0.815 total time=   0.1s
[CV 3/5] END max_depth=30, min_samples_leaf=1, min_samples_split=2, n_estimators=100;, score=0.667 total time=   0.2s
[CV 5/5] END max_depth=30, min_samples_leaf=1, min_samples_split=2, n_estimators=100;, score=0.815 total time=   0.2s
[CV 4/5] END max_depth=10, min_samples_leaf=4, min_samples_split=2, n_estimators=10;, score=0.857 total time=   0.0s
[CV 1/5] END max_depth=10, min_samples_leaf=4, min_samples_split=2, n_estimators=50;, score=0.833 total time=   0.1s
[CV 4/5] END max_depth=10, min_samples_leaf=4, min_samples_split=2, n_estimators=50;, score=1.000 total time=   0.1s
[CV 2/5] END max_depth=10, min_samples_leaf=4, min_samples_split=2, n_estimators=100;, score=0.846 total time=   0.2s
[CV 1/5] END max_depth=10, min_samples_leaf=4, min_samples_split=2, n_estimators=200;, score=0.833 total time=   0.4s
[CV 5/5] END max_depth=10, min_samples_leaf=4, min_samples_split=2, n_estimators=200;, score=0.815 total time=   0.4s
[CV 4/5] END max_depth=10, min_samples_leaf=4, min_samples_split=5, n_estimators=100;, score=0.909 total time=   0.2s
[CV 3/5] END max_depth=10, min_samples_leaf=4, min_samples_split=5, n_estimators=200;, score=0.667 total time=   0.4s
[CV 4/5] END max_depth=10, min_samples_leaf=4, min_samples_split=10, n_estimators=10;, score=0.900 total time=   0.0s
[CV 2/5] END max_depth=10, min_samples_leaf=4, min_samples_split=10, n_estimators=50;, score=0.846 total time=   0.1s
[CV 5/5] END max_depth=10, min_samples_leaf=4, min_samples_split=10, n_estimators=50;, score=0.815 total time=   0.1s
[CV 3/5] END max_depth=10, min_samples_leaf=4, min_samples_split=10, n_estimators=100;, score=0.696 total time=   0.2s
[CV 1/5] END max_depth=10, min_samples_leaf=4, min_samples_split=10, n_estimators=200;, score=0.833 total time=   0.4s
[CV 1/5] END max_depth=20, min_samples_leaf=1, min_samples_split=2, n_estimators=10;, score=0.727 total time=   0.0s
[CV 3/5] END max_depth=20, min_samples_leaf=1, min_samples_split=2, n_estimators=10;, score=0.720 total time=   0.0s
[CV 5/5] END max_depth=20, min_samples_leaf=1, min_samples_split=2, n_estimators=10;, score=0.800 total time=   0.0s
[CV 3/5] END max_depth=20, min_samples_leaf=1, min_samples_split=2, n_estimators=50;, score=0.667 total time=   0.1s
[CV 5/5] END max_depth=20, min_samples_leaf=1, min_samples_split=2, n_estimators=50;, score=0.815 total time=   0.1s
[CV 2/5] END max_depth=20, min_samples_leaf=1, min_samples_split=2, n_estimators=100;, score=0.846 total time=   0.2s
[CV 1/5] END max_depth=20, min_samples_leaf=1, min_samples_split=2, n_estimators=200;, score=0.783 total time=   0.4s
[CV 1/5] END max_depth=20, min_samples_leaf=1, min_samples_split=5, n_estimators=10;, score=0.800 total time=   0.0s
[CV 2/5] END max_depth=20, min_samples_leaf=1, min_samples_split=5, n_estimators=10;, score=0.846 total time=   0.0s
[CV 3/5] END max_depth=20, min_samples_leaf=1, min_samples_split=5, n_estimators=10;, score=0.667 total time=   0.0s
[CV 4/5] END max_depth=20, min_samples_leaf=1, min_samples_split=5, n_estimators=10;, score=0.737 total time=   0.0s
[CV 1/5] END max_depth=20, min_samples_leaf=1, min_samples_split=5, n_estimators=50;, score=0.783 total time=   0.1s
[CV 1/5] END max_depth=20, min_samples_leaf=1, min_samples_split=5, n_estimators=100;, score=0.833 total time=   0.2s
[CV 5/5] END max_depth=20, min_samples_leaf=1, min_samples_split=5, n_estimators=100;, score=0.815 total time=   0.2s
[CV 4/5] END max_depth=20, min_samples_leaf=1, min_samples_split=5, n_estimators=200;, score=0.857 total time=   0.4s
[CV 3/5] END max_depth=20, min_samples_leaf=1, min_samples_split=10, n_estimators=50;, score=0.667 total time=   0.1s
[CV 1/5] END max_depth=20, min_samples_leaf=1, min_samples_split=10, n_estimators=100;, score=0.833 total time=   0.2s
[CV 5/5] END max_depth=20, min_samples_leaf=1, min_samples_split=10, n_estimators=100;, score=0.815 total time=   0.2s
[CV 4/5] END max_depth=20, min_samples_leaf=1, min_samples_split=10, n_estimators=200;, score=0.909 total time=   0.4s
[CV 3/5] END max_depth=20, min_samples_leaf=2, min_samples_split=2, n_estimators=50;, score=0.667 total time=   0.1s
[CV 1/5] END max_depth=20, min_samples_leaf=2, min_samples_split=2, n_estimators=100;, score=0.833 total time=   0.2s
[CV 5/5] END max_depth=20, min_samples_leaf=2, min_samples_split=2, n_estimators=100;, score=0.815 total time=   0.2s
[CV 4/5] END max_depth=20, min_samples_leaf=2, min_samples_split=2, n_estimators=200;, score=0.857 total time=   0.4s
[CV 3/5] END max_depth=20, min_samples_leaf=2, min_samples_split=5, n_estimators=50;, score=0.667 total time=   0.1s
[CV 1/5] END max_depth=20, min_samples_leaf=2, min_samples_split=5, n_estimators=100;, score=0.833 total time=   0.2s
[CV 5/5] END max_depth=20, min_samples_leaf=2, min_samples_split=5, n_estimators=100;, score=0.815 total time=   0.2s
[CV 4/5] END max_depth=20, min_samples_leaf=2, min_samples_split=5, n_estimators=200;, score=0.857 total time=   0.4s
[CV 3/5] END max_depth=20, min_samples_leaf=2, min_samples_split=10, n_estimators=50;, score=0.667 total time=   0.1s
[CV 1/5] END max_depth=20, min_samples_leaf=2, min_samples_split=10, n_estimators=100;, score=0.833 total time=   0.2s
[CV 5/5] END max_depth=20, min_samples_leaf=2, min_samples_split=10, n_estimators=100;, score=0.815 total time=   0.2s
[CV 4/5] END max_depth=20, min_samples_leaf=2, min_samples_split=10, n_estimators=200;, score=0.957 total time=   0.4s
[CV 3/5] END max_depth=20, min_samples_leaf=4, min_samples_split=2, n_estimators=50;, score=0.667 total time=   0.1s
[CV 1/5] END max_depth=20, min_samples_leaf=4, min_samples_split=2, n_estimators=100;, score=0.833 total time=   0.2s
[CV 5/5] END max_depth=20, min_samples_leaf=4, min_samples_split=2, n_estimators=100;, score=0.769 total time=   0.2s
[CV 4/5] END max_depth=20, min_samples_leaf=4, min_samples_split=2, n_estimators=200;, score=0.909 total time=   0.4s
[CV 3/5] END max_depth=20, min_samples_leaf=4, min_samples_split=5, n_estimators=50;, score=0.667 total time=   0.1s
[CV 1/5] END max_depth=20, min_samples_leaf=4, min_samples_split=5, n_estimators=100;, score=0.833 total time=   0.2s
[CV 5/5] END max_depth=20, min_samples_leaf=4, min_samples_split=5, n_estimators=100;, score=0.769 total time=   0.2s
[CV 4/5] END max_depth=20, min_samples_leaf=4, min_samples_split=5, n_estimators=200;, score=0.909 total time=   0.4s
[CV 3/5] END max_depth=20, min_samples_leaf=4, min_samples_split=10, n_estimators=50;, score=0.696 total time=   0.1s
[CV 1/5] END max_depth=20, min_samples_leaf=4, min_samples_split=10, n_estimators=100;, score=0.833 total time=   0.2s
[CV 5/5] END max_depth=20, min_samples_leaf=4, min_samples_split=10, n_estimators=100;, score=0.769 total time=   0.2s
[CV 4/5] END max_depth=20, min_samples_leaf=4, min_samples_split=10, n_estimators=200;, score=0.917 total time=   0.4s
[CV 4/5] END max_depth=30, min_samples_leaf=1, min_samples_split=2, n_estimators=50;, score=0.857 total time=   0.1s
[CV 2/5] END max_depth=30, min_samples_leaf=1, min_samples_split=2, n_estimators=100;, score=0.846 total time=   0.2s
[CV 1/5] END max_depth=30, min_samples_leaf=1, min_samples_split=2, n_estimators=200;, score=0.783 total time=   0.4s
[CV 1/5] END max_depth=30, min_samples_leaf=1, min_samples_split=5, n_estimators=10;, score=0.800 total time=   0.0s
[CV 2/5] END max_depth=30, min_samples_leaf=1, min_samples_split=5, n_estimators=10;, score=0.846 total time=   0.0s
[CV 3/5] END max_depth=30, min_samples_leaf=1, min_samples_split=5, n_estimators=10;, score=0.667 total time=   0.0s
[CV 5/5] END max_depth=30, min_samples_leaf=1, min_samples_split=5, n_estimators=10;, score=0.815 total time=   0.0s
[CV 2/5] END max_depth=30, min_samples_leaf=1, min_samples_split=5, n_estimators=50;, score=0.846 total time=   0.1s
[CV 4/5] END max_depth=30, min_samples_leaf=1, min_samples_split=5, n_estimators=50;, score=0.909 total time=   0.1s
[CV 2/5] END max_depth=30, min_samples_leaf=1, min_samples_split=5, n_estimators=100;, score=0.846 total time=   0.2s
[CV 2/5] END max_depth=30, min_samples_leaf=1, min_samples_split=5, n_estimators=200;, score=0.846 total time=   0.4s
[CV 1/5] END max_depth=30, min_samples_leaf=1, min_samples_split=10, n_estimators=10;, score=0.783 total time=   0.0s
[CV 2/5] END max_depth=30, min_samples_leaf=1, min_samples_split=10, n_estimators=10;, score=0.846 total time=   0.0s
Model stored to the following path: ./models/rf2.pkl
ROC curve saved to ./results/rocs/rf2ROC.png
Confusion Matrix Stored at ./results/cms/rf2CM.png!
Entry stored to ./results/results.csv
[CV 5/5] END max_depth=20, min_samples_leaf=4, min_samples_split=10, n_estimators=10;, score=0.769 total time=   0.0s
[CV 2/5] END max_depth=20, min_samples_leaf=4, min_samples_split=10, n_estimators=50;, score=0.846 total time=   0.1s
[CV 5/5] END max_depth=20, min_samples_leaf=4, min_samples_split=10, n_estimators=50;, score=0.815 total time=   0.1s
[CV 3/5] END max_depth=20, min_samples_leaf=4, min_samples_split=10, n_estimators=100;, score=0.696 total time=   0.2s
[CV 2/5] END max_depth=20, min_samples_leaf=4, min_samples_split=10, n_estimators=200;, score=0.846 total time=   0.4s
[CV 1/5] END max_depth=30, min_samples_leaf=1, min_samples_split=2, n_estimators=10;, score=0.727 total time=   0.0s
[CV 2/5] END max_depth=30, min_samples_leaf=1, min_samples_split=2, n_estimators=10;, score=0.846 total time=   0.0s
[CV 3/5] END max_depth=30, min_samples_leaf=1, min_samples_split=2, n_estimators=10;, score=0.720 total time=   0.0s
[CV 4/5] END max_depth=30, min_samples_leaf=1, min_samples_split=2, n_estimators=10;, score=0.818 total time=   0.0s
[CV 1/5] END max_depth=30, min_samples_leaf=1, min_samples_split=2, n_estimators=50;, score=0.727 total time=   0.1s
[CV 3/5] END max_depth=30, min_samples_leaf=1, min_samples_split=2, n_estimators=50;, score=0.667 total time=   0.1s
[CV 1/5] END max_depth=30, min_samples_leaf=1, min_samples_split=2, n_estimators=100;, score=0.727 total time=   0.2s
[CV 2/5] END max_depth=30, min_samples_leaf=1, min_samples_split=2, n_estimators=200;, score=0.846 total time=   0.4s
[CV 5/5] END max_depth=30, min_samples_leaf=1, min_samples_split=2, n_estimators=200;, score=0.815 total time=   0.4s
[CV 4/5] END max_depth=30, min_samples_leaf=1, min_samples_split=5, n_estimators=100;, score=0.857 total time=   0.2s
[CV 3/5] END max_depth=30, min_samples_leaf=1, min_samples_split=5, n_estimators=200;, score=0.667 total time=   0.4s
[CV 4/5] END max_depth=30, min_samples_leaf=1, min_samples_split=10, n_estimators=10;, score=0.800 total time=   0.0s
[CV 5/5] END max_depth=30, min_samples_leaf=1, min_samples_split=10, n_estimators=10;, score=0.815 total time=   0.0s
[CV 2/5] END max_depth=30, min_samples_leaf=1, min_samples_split=10, n_estimators=50;, score=0.846 total time=   0.1s
[CV 5/5] END max_depth=30, min_samples_leaf=1, min_samples_split=10, n_estimators=50;, score=0.815 total time=   0.1s
[CV 3/5] END max_depth=30, min_samples_leaf=1, min_samples_split=10, n_estimators=100;, score=0.667 total time=   0.2s
[CV 1/5] END max_depth=30, min_samples_leaf=1, min_samples_split=10, n_estimators=200;, score=0.833 total time=   0.4s
[CV 5/5] END max_depth=30, min_samples_leaf=1, min_samples_split=10, n_estimators=200;, score=0.815 total time=   0.4s
[CV 4/5] END max_depth=30, min_samples_leaf=2, min_samples_split=2, n_estimators=100;, score=0.857 total time=   0.2s
[CV 3/5] END max_depth=30, min_samples_leaf=2, min_samples_split=2, n_estimators=200;, score=0.667 total time=   0.4s
[CV 1/5] END max_depth=30, min_samples_leaf=2, min_samples_split=5, n_estimators=10;, score=0.750 total time=   0.0s
[CV 3/5] END max_depth=30, min_samples_leaf=2, min_samples_split=5, n_estimators=10;, score=0.667 total time=   0.0s
[CV 5/5] END max_depth=30, min_samples_leaf=2, min_samples_split=5, n_estimators=10;, score=0.846 total time=   0.0s
[CV 2/5] END max_depth=30, min_samples_leaf=2, min_samples_split=5, n_estimators=50;, score=0.846 total time=   0.1s
[CV 5/5] END max_depth=30, min_samples_leaf=2, min_samples_split=5, n_estimators=50;, score=0.815 total time=   0.1s
[CV 3/5] END max_depth=30, min_samples_leaf=2, min_samples_split=5, n_estimators=100;, score=0.667 total time=   0.2s
[CV 2/5] END max_depth=30, min_samples_leaf=2, min_samples_split=5, n_estimators=200;, score=0.846 total time=   0.4s
[CV 1/5] END max_depth=30, min_samples_leaf=2, min_samples_split=10, n_estimators=10;, score=0.833 total time=   0.0s
[CV 2/5] END max_depth=30, min_samples_leaf=2, min_samples_split=10, n_estimators=10;, score=0.846 total time=   0.0s
[CV 3/5] END max_depth=30, min_samples_leaf=2, min_samples_split=10, n_estimators=10;, score=0.741 total time=   0.0s
[CV 5/5] END max_depth=30, min_samples_leaf=2, min_samples_split=10, n_estimators=10;, score=0.815 total time=   0.0s
[CV 2/5] END max_depth=30, min_samples_leaf=2, min_samples_split=10, n_estimators=50;, score=0.846 total time=   0.1s
[CV 4/5] END max_depth=30, min_samples_leaf=2, min_samples_split=10, n_estimators=50;, score=1.000 total time=   0.1s
[CV 1/5] END max_depth=30, min_samples_leaf=2, min_samples_split=10, n_estimators=100;, score=0.833 total time=   0.2s
[CV 5/5] END max_depth=30, min_samples_leaf=2, min_samples_split=10, n_estimators=100;, score=0.815 total time=   0.2s
[CV 4/5] END max_depth=30, min_samples_leaf=2, min_samples_split=10, n_estimators=200;, score=0.957 total time=   0.4s
[CV 3/5] END max_depth=30, min_samples_leaf=4, min_samples_split=2, n_estimators=50;, score=0.667 total time=   0.1s
[CV 1/5] END max_depth=30, min_samples_leaf=4, min_samples_split=2, n_estimators=100;, score=0.833 total time=   0.2s
[CV 5/5] END max_depth=30, min_samples_leaf=4, min_samples_split=2, n_estimators=100;, score=0.769 total time=   0.2s
[CV 4/5] END max_depth=30, min_samples_leaf=4, min_samples_split=2, n_estimators=200;, score=0.909 total time=   0.4s
[CV 3/5] END max_depth=30, min_samples_leaf=4, min_samples_split=5, n_estimators=50;, score=0.667 total time=   0.1s
[CV 1/5] END max_depth=30, min_samples_leaf=4, min_samples_split=5, n_estimators=100;, score=0.833 total time=   0.2s
[CV 5/5] END max_depth=30, min_samples_leaf=4, min_samples_split=5, n_estimators=100;, score=0.769 total time=   0.2s
[CV 4/5] END max_depth=30, min_samples_leaf=4, min_samples_split=5, n_estimators=200;, score=0.909 total time=   0.4s
[CV 3/5] END max_depth=30, min_samples_leaf=4, min_samples_split=10, n_estimators=50;, score=0.696 total time=   0.1s
[CV 5/5] END max_depth=30, min_samples_leaf=4, min_samples_split=10, n_estimators=50;, score=0.815 total time=   0.1s
[CV 3/5] END max_depth=30, min_samples_leaf=4, min_samples_split=10, n_estimators=100;, score=0.696 total time=   0.2s
[CV 2/5] END max_depth=30, min_samples_leaf=4, min_samples_split=10, n_estimators=200;, score=0.846 total time=   0.4s
[CV 4/5] END max_depth=30, min_samples_leaf=1, min_samples_split=2, n_estimators=200;, score=0.762 total time=   0.4s
[CV 5/5] END max_depth=30, min_samples_leaf=1, min_samples_split=5, n_estimators=50;, score=0.815 total time=   0.1s
[CV 3/5] END max_depth=30, min_samples_leaf=1, min_samples_split=5, n_estimators=100;, score=0.667 total time=   0.2s
[CV 1/5] END max_depth=30, min_samples_leaf=1, min_samples_split=5, n_estimators=200;, score=0.833 total time=   0.4s
[CV 5/5] END max_depth=30, min_samples_leaf=1, min_samples_split=5, n_estimators=200;, score=0.815 total time=   0.4s
[CV 4/5] END max_depth=30, min_samples_leaf=1, min_samples_split=10, n_estimators=100;, score=0.957 total time=   0.2s
[CV 3/5] END max_depth=30, min_samples_leaf=1, min_samples_split=10, n_estimators=200;, score=0.667 total time=   0.4s
[CV 3/5] END max_depth=30, min_samples_leaf=2, min_samples_split=2, n_estimators=10;, score=0.667 total time=   0.0s
[CV 5/5] END max_depth=30, min_samples_leaf=2, min_samples_split=2, n_estimators=10;, score=0.815 total time=   0.0s
[CV 2/5] END max_depth=30, min_samples_leaf=2, min_samples_split=2, n_estimators=50;, score=0.846 total time=   0.1s
[CV 4/5] END max_depth=30, min_samples_leaf=2, min_samples_split=2, n_estimators=50;, score=0.900 total time=   0.1s
[CV 2/5] END max_depth=30, min_samples_leaf=2, min_samples_split=2, n_estimators=100;, score=0.846 total time=   0.2s
[CV 1/5] END max_depth=30, min_samples_leaf=2, min_samples_split=2, n_estimators=200;, score=0.833 total time=   0.4s
[CV 5/5] END max_depth=30, min_samples_leaf=2, min_samples_split=2, n_estimators=200;, score=0.815 total time=   0.4s
[CV 4/5] END max_depth=30, min_samples_leaf=2, min_samples_split=5, n_estimators=100;, score=0.857 total time=   0.2s
[CV 3/5] END max_depth=30, min_samples_leaf=2, min_samples_split=5, n_estimators=200;, score=0.667 total time=   0.4s
[CV 4/5] END max_depth=30, min_samples_leaf=2, min_samples_split=10, n_estimators=10;, score=0.800 total time=   0.0s
[CV 1/5] END max_depth=30, min_samples_leaf=2, min_samples_split=10, n_estimators=50;, score=0.833 total time=   0.1s
[CV 5/5] END max_depth=30, min_samples_leaf=2, min_samples_split=10, n_estimators=50;, score=0.815 total time=   0.1s
[CV 3/5] END max_depth=30, min_samples_leaf=2, min_samples_split=10, n_estimators=100;, score=0.667 total time=   0.2s
[CV 2/5] END max_depth=30, min_samples_leaf=2, min_samples_split=10, n_estimators=200;, score=0.846 total time=   0.4s
[CV 5/5] END max_depth=30, min_samples_leaf=2, min_samples_split=10, n_estimators=200;, score=0.815 total time=   0.4s
[CV 4/5] END max_depth=30, min_samples_leaf=4, min_samples_split=2, n_estimators=100;, score=0.909 total time=   0.2s
[CV 3/5] END max_depth=30, min_samples_leaf=4, min_samples_split=2, n_estimators=200;, score=0.667 total time=   0.4s
[CV 4/5] END max_depth=30, min_samples_leaf=4, min_samples_split=5, n_estimators=10;, score=0.857 total time=   0.0s
[CV 1/5] END max_depth=30, min_samples_leaf=4, min_samples_split=5, n_estimators=50;, score=0.833 total time=   0.1s
[CV 4/5] END max_depth=30, min_samples_leaf=4, min_samples_split=5, n_estimators=50;, score=1.000 total time=   0.1s
[CV 2/5] END max_depth=30, min_samples_leaf=4, min_samples_split=5, n_estimators=100;, score=0.846 total time=   0.2s
[CV 1/5] END max_depth=30, min_samples_leaf=4, min_samples_split=5, n_estimators=200;, score=0.833 total time=   0.4s
[CV 1/5] END max_depth=30, min_samples_leaf=4, min_samples_split=10, n_estimators=10;, score=0.833 total time=   0.0s
[CV 2/5] END max_depth=30, min_samples_leaf=4, min_samples_split=10, n_estimators=10;, score=0.846 total time=   0.0s
[CV 3/5] END max_depth=30, min_samples_leaf=4, min_samples_split=10, n_estimators=10;, score=0.769 total time=   0.0s
[CV 4/5] END max_depth=30, min_samples_leaf=4, min_samples_split=10, n_estimators=10;, score=0.900 total time=   0.0s
[CV 5/5] END max_depth=30, min_samples_leaf=4, min_samples_split=10, n_estimators=10;, score=0.769 total time=   0.0s
[CV 2/5] END max_depth=30, min_samples_leaf=4, min_samples_split=10, n_estimators=50;, score=0.846 total time=   0.1s
[CV 1/5] END max_depth=30, min_samples_leaf=4, min_samples_split=10, n_estimators=100;, score=0.833 total time=   0.2s
[CV 5/5] END max_depth=30, min_samples_leaf=4, min_samples_split=10, n_estimators=100;, score=0.769 total time=   0.2s
[CV 4/5] END max_depth=30, min_samples_leaf=4, min_samples_split=10, n_estimators=200;, score=0.917 total time=   0.4s
[CV 1/5] END max_depth=20, min_samples_leaf=4, min_samples_split=10, n_estimators=50;, score=0.833 total time=   0.1s
[CV 4/5] END max_depth=20, min_samples_leaf=4, min_samples_split=10, n_estimators=50;, score=1.000 total time=   0.1s
[CV 2/5] END max_depth=20, min_samples_leaf=4, min_samples_split=10, n_estimators=100;, score=0.846 total time=   0.2s
[CV 1/5] END max_depth=20, min_samples_leaf=4, min_samples_split=10, n_estimators=200;, score=0.833 total time=   0.4s
[CV 5/5] END max_depth=20, min_samples_leaf=4, min_samples_split=10, n_estimators=200;, score=0.815 total time=   0.4s
[CV 4/5] END max_depth=30, min_samples_leaf=1, min_samples_split=2, n_estimators=100;, score=0.762 total time=   0.2s
[CV 3/5] END max_depth=30, min_samples_leaf=1, min_samples_split=2, n_estimators=200;, score=0.667 total time=   0.4s
[CV 4/5] END max_depth=30, min_samples_leaf=1, min_samples_split=5, n_estimators=10;, score=0.737 total time=   0.0s
[CV 1/5] END max_depth=30, min_samples_leaf=1, min_samples_split=5, n_estimators=50;, score=0.783 total time=   0.1s
[CV 3/5] END max_depth=30, min_samples_leaf=1, min_samples_split=5, n_estimators=50;, score=0.667 total time=   0.1s
[CV 1/5] END max_depth=30, min_samples_leaf=1, min_samples_split=5, n_estimators=100;, score=0.833 total time=   0.2s
[CV 5/5] END max_depth=30, min_samples_leaf=1, min_samples_split=5, n_estimators=100;, score=0.815 total time=   0.2s
[CV 4/5] END max_depth=30, min_samples_leaf=1, min_samples_split=5, n_estimators=200;, score=0.857 total time=   0.4s
[CV 4/5] END max_depth=30, min_samples_leaf=1, min_samples_split=10, n_estimators=50;, score=1.000 total time=   0.1s
[CV 2/5] END max_depth=30, min_samples_leaf=1, min_samples_split=10, n_estimators=100;, score=0.846 total time=   0.2s
[CV 2/5] END max_depth=30, min_samples_leaf=1, min_samples_split=10, n_estimators=200;, score=0.846 total time=   0.4s
[CV 1/5] END max_depth=30, min_samples_leaf=2, min_samples_split=2, n_estimators=10;, score=0.800 total time=   0.0s
[CV 2/5] END max_depth=30, min_samples_leaf=2, min_samples_split=2, n_estimators=10;, score=0.846 total time=   0.0s
[CV 4/5] END max_depth=30, min_samples_leaf=2, min_samples_split=2, n_estimators=10;, score=0.842 total time=   0.0s
[CV 1/5] END max_depth=30, min_samples_leaf=2, min_samples_split=2, n_estimators=50;, score=0.783 total time=   0.1s
[CV 3/5] END max_depth=30, min_samples_leaf=2, min_samples_split=2, n_estimators=50;, score=0.667 total time=   0.1s
[CV 1/5] END max_depth=30, min_samples_leaf=2, min_samples_split=2, n_estimators=100;, score=0.833 total time=   0.2s
[CV 5/5] END max_depth=30, min_samples_leaf=2, min_samples_split=2, n_estimators=100;, score=0.815 total time=   0.2s
[CV 4/5] END max_depth=30, min_samples_leaf=2, min_samples_split=2, n_estimators=200;, score=0.857 total time=   0.4s
[CV 3/5] END max_depth=30, min_samples_leaf=2, min_samples_split=5, n_estimators=50;, score=0.667 total time=   0.1s
[CV 2/5] END max_depth=30, min_samples_leaf=2, min_samples_split=5, n_estimators=100;, score=0.846 total time=   0.2s
[CV 1/5] END max_depth=30, min_samples_leaf=2, min_samples_split=5, n_estimators=200;, score=0.833 total time=   0.4s
[CV 5/5] END max_depth=30, min_samples_leaf=2, min_samples_split=5, n_estimators=200;, score=0.815 total time=   0.4s
[CV 4/5] END max_depth=30, min_samples_leaf=2, min_samples_split=10, n_estimators=100;, score=0.957 total time=   0.2s
[CV 3/5] END max_depth=30, min_samples_leaf=2, min_samples_split=10, n_estimators=200;, score=0.667 total time=   0.4s
[CV 5/5] END max_depth=30, min_samples_leaf=4, min_samples_split=2, n_estimators=10;, score=0.815 total time=   0.0s
[CV 2/5] END max_depth=30, min_samples_leaf=4, min_samples_split=2, n_estimators=50;, score=0.846 total time=   0.1s
[CV 5/5] END max_depth=30, min_samples_leaf=4, min_samples_split=2, n_estimators=50;, score=0.815 total time=   0.1s
[CV 3/5] END max_depth=30, min_samples_leaf=4, min_samples_split=2, n_estimators=100;, score=0.696 total time=   0.2s
[CV 1/5] END max_depth=30, min_samples_leaf=4, min_samples_split=2, n_estimators=200;, score=0.833 total time=   0.4s
[CV 1/5] END max_depth=30, min_samples_leaf=4, min_samples_split=5, n_estimators=10;, score=0.783 total time=   0.0s
[CV 2/5] END max_depth=30, min_samples_leaf=4, min_samples_split=5, n_estimators=10;, score=0.846 total time=   0.0s
[CV 3/5] END max_depth=30, min_samples_leaf=4, min_samples_split=5, n_estimators=10;, score=0.769 total time=   0.0s
[CV 5/5] END max_depth=30, min_samples_leaf=4, min_samples_split=5, n_estimators=10;, score=0.815 total time=   0.0s
[CV 2/5] END max_depth=30, min_samples_leaf=4, min_samples_split=5, n_estimators=50;, score=0.846 total time=   0.1s
[CV 5/5] END max_depth=30, min_samples_leaf=4, min_samples_split=5, n_estimators=50;, score=0.815 total time=   0.1s
[CV 3/5] END max_depth=30, min_samples_leaf=4, min_samples_split=5, n_estimators=100;, score=0.696 total time=   0.2s
[CV 2/5] END max_depth=30, min_samples_leaf=4, min_samples_split=5, n_estimators=200;, score=0.846 total time=   0.4s
[CV 5/5] END max_depth=30, min_samples_leaf=4, min_samples_split=5, n_estimators=200;, score=0.815 total time=   0.4s
[CV 4/5] END max_depth=30, min_samples_leaf=4, min_samples_split=10, n_estimators=100;, score=0.957 total time=   0.2s
[CV 3/5] END max_depth=30, min_samples_leaf=4, min_samples_split=10, n_estimators=200;, score=0.696 total time=   0.4s
[CV 3/5] END max_depth=30, min_samples_leaf=1, min_samples_split=10, n_estimators=10;, score=0.769 total time=   0.0s
[CV 1/5] END max_depth=30, min_samples_leaf=1, min_samples_split=10, n_estimators=50;, score=0.727 total time=   0.1s
[CV 3/5] END max_depth=30, min_samples_leaf=1, min_samples_split=10, n_estimators=50;, score=0.667 total time=   0.1s
[CV 1/5] END max_depth=30, min_samples_leaf=1, min_samples_split=10, n_estimators=100;, score=0.833 total time=   0.2s
[CV 5/5] END max_depth=30, min_samples_leaf=1, min_samples_split=10, n_estimators=100;, score=0.815 total time=   0.2s
[CV 4/5] END max_depth=30, min_samples_leaf=1, min_samples_split=10, n_estimators=200;, score=0.909 total time=   0.4s
[CV 5/5] END max_depth=30, min_samples_leaf=2, min_samples_split=2, n_estimators=50;, score=0.815 total time=   0.1s
[CV 3/5] END max_depth=30, min_samples_leaf=2, min_samples_split=2, n_estimators=100;, score=0.667 total time=   0.2s
[CV 2/5] END max_depth=30, min_samples_leaf=2, min_samples_split=2, n_estimators=200;, score=0.846 total time=   0.4s
[CV 2/5] END max_depth=30, min_samples_leaf=2, min_samples_split=5, n_estimators=10;, score=0.846 total time=   0.0s
[CV 4/5] END max_depth=30, min_samples_leaf=2, min_samples_split=5, n_estimators=10;, score=0.900 total time=   0.0s
[CV 1/5] END max_depth=30, min_samples_leaf=2, min_samples_split=5, n_estimators=50;, score=0.783 total time=   0.1s
[CV 4/5] END max_depth=30, min_samples_leaf=2, min_samples_split=5, n_estimators=50;, score=0.857 total time=   0.1s
[CV 1/5] END max_depth=30, min_samples_leaf=2, min_samples_split=5, n_estimators=100;, score=0.833 total time=   0.2s
[CV 5/5] END max_depth=30, min_samples_leaf=2, min_samples_split=5, n_estimators=100;, score=0.815 total time=   0.2s
[CV 4/5] END max_depth=30, min_samples_leaf=2, min_samples_split=5, n_estimators=200;, score=0.857 total time=   0.4s
[CV 3/5] END max_depth=30, min_samples_leaf=2, min_samples_split=10, n_estimators=50;, score=0.667 total time=   0.1s
[CV 2/5] END max_depth=30, min_samples_leaf=2, min_samples_split=10, n_estimators=100;, score=0.846 total time=   0.2s
[CV 1/5] END max_depth=30, min_samples_leaf=2, min_samples_split=10, n_estimators=200;, score=0.833 total time=   0.4s
[CV 1/5] END max_depth=30, min_samples_leaf=4, min_samples_split=2, n_estimators=10;, score=0.783 total time=   0.0s
[CV 2/5] END max_depth=30, min_samples_leaf=4, min_samples_split=2, n_estimators=10;, score=0.846 total time=   0.0s
[CV 3/5] END max_depth=30, min_samples_leaf=4, min_samples_split=2, n_estimators=10;, score=0.769 total time=   0.0s
[CV 4/5] END max_depth=30, min_samples_leaf=4, min_samples_split=2, n_estimators=10;, score=0.857 total time=   0.0s
[CV 1/5] END max_depth=30, min_samples_leaf=4, min_samples_split=2, n_estimators=50;, score=0.833 total time=   0.1s
[CV 4/5] END max_depth=30, min_samples_leaf=4, min_samples_split=2, n_estimators=50;, score=1.000 total time=   0.1s
[CV 2/5] END max_depth=30, min_samples_leaf=4, min_samples_split=2, n_estimators=100;, score=0.846 total time=   0.2s
[CV 2/5] END max_depth=30, min_samples_leaf=4, min_samples_split=2, n_estimators=200;, score=0.846 total time=   0.4s
[CV 5/5] END max_depth=30, min_samples_leaf=4, min_samples_split=2, n_estimators=200;, score=0.815 total time=   0.4s
[CV 4/5] END max_depth=30, min_samples_leaf=4, min_samples_split=5, n_estimators=100;, score=0.909 total time=   0.2s
[CV 3/5] END max_depth=30, min_samples_leaf=4, min_samples_split=5, n_estimators=200;, score=0.667 total time=   0.4s
[CV 1/5] END max_depth=30, min_samples_leaf=4, min_samples_split=10, n_estimators=50;, score=0.833 total time=   0.1s
[CV 4/5] END max_depth=30, min_samples_leaf=4, min_samples_split=10, n_estimators=50;, score=1.000 total time=   0.1s
[CV 2/5] END max_depth=30, min_samples_leaf=4, min_samples_split=10, n_estimators=100;, score=0.846 total time=   0.2s
[CV 1/5] END max_depth=30, min_samples_leaf=4, min_samples_split=10, n_estimators=200;, score=0.833 total time=   0.4s
[CV 5/5] END max_depth=30, min_samples_leaf=4, min_samples_split=10, n_estimators=200;, score=0.815 total time=   0.4s
