nohup: ignoring input
Fitting 5 folds for each of 50 candidates, totalling 250 fits
/home/rsethi1/venv/lib/python3.10/site-packages/sklearn/utils/validation.py:1143: DataConversionWarning: A column-vector y was passed when a 1d array was expected. Please change the shape of y to (n_samples, ), for example using ravel().
  y = column_or_1d(y, warn=True)
/home/rsethi1/venv/lib/python3.10/site-packages/sklearn/utils/validation.py:1143: DataConversionWarning: A column-vector y was passed when a 1d array was expected. Please change the shape of y to (n_samples, ), for example using ravel().
  y = column_or_1d(y, warn=True)
/home/rsethi1/venv/lib/python3.10/site-packages/sklearn/utils/validation.py:1143: DataConversionWarning: A column-vector y was passed when a 1d array was expected. Please change the shape of y to (n_samples, ), for example using ravel().
  y = column_or_1d(y, warn=True)
/home/rsethi1/venv/lib/python3.10/site-packages/sklearn/utils/validation.py:1143: DataConversionWarning: A column-vector y was passed when a 1d array was expected. Please change the shape of y to (n_samples, ), for example using ravel().
  y = column_or_1d(y, warn=True)
/home/rsethi1/venv/lib/python3.10/site-packages/sklearn/utils/validation.py:1143: DataConversionWarning: A column-vector y was passed when a 1d array was expected. Please change the shape of y to (n_samples, ), for example using ravel().
  y = column_or_1d(y, warn=True)
/home/rsethi1/venv/lib/python3.10/site-packages/sklearn/utils/validation.py:1143: DataConversionWarning: A column-vector y was passed when a 1d array was expected. Please change the shape of y to (n_samples, ), for example using ravel().
  y = column_or_1d(y, warn=True)
/home/rsethi1/venv/lib/python3.10/site-packages/sklearn/utils/validation.py:1143: DataConversionWarning: A column-vector y was passed when a 1d array was expected. Please change the shape of y to (n_samples, ), for example using ravel().
  y = column_or_1d(y, warn=True)
/home/rsethi1/venv/lib/python3.10/site-packages/sklearn/utils/validation.py:1143: DataConversionWarning: A column-vector y was passed when a 1d array was expected. Please change the shape of y to (n_samples, ), for example using ravel().
  y = column_or_1d(y, warn=True)
/home/rsethi1/venv/lib/python3.10/site-packages/sklearn/utils/validation.py:1143: DataConversionWarning: A column-vector y was passed when a 1d array was expected. Please change the shape of y to (n_samples, ), for example using ravel().
  y = column_or_1d(y, warn=True)
/home/rsethi1/venv/lib/python3.10/site-packages/sklearn/utils/validation.py:1143: DataConversionWarning: A column-vector y was passed when a 1d array was expected. Please change the shape of y to (n_samples, ), for example using ravel().
  y = column_or_1d(y, warn=True)
/home/rsethi1/venv/lib/python3.10/site-packages/sklearn/utils/validation.py:1143: DataConversionWarning: A column-vector y was passed when a 1d array was expected. Please change the shape of y to (n_samples, ), for example using ravel().
  y = column_or_1d(y, warn=True)
/home/rsethi1/venv/lib/python3.10/site-packages/sklearn/utils/validation.py:1143: DataConversionWarning: A column-vector y was passed when a 1d array was expected. Please change the shape of y to (n_samples, ), for example using ravel().
  y = column_or_1d(y, warn=True)
/home/rsethi1/venv/lib/python3.10/site-packages/sklearn/utils/validation.py:1143: DataConversionWarning: A column-vector y was passed when a 1d array was expected. Please change the shape of y to (n_samples, ), for example using ravel().
  y = column_or_1d(y, warn=True)
/home/rsethi1/venv/lib/python3.10/site-packages/sklearn/utils/validation.py:1143: DataConversionWarning: A column-vector y was passed when a 1d array was expected. Please change the shape of y to (n_samples, ), for example using ravel().
  y = column_or_1d(y, warn=True)
/home/rsethi1/venv/lib/python3.10/site-packages/sklearn/utils/validation.py:1143: DataConversionWarning: A column-vector y was passed when a 1d array was expected. Please change the shape of y to (n_samples, ), for example using ravel().
  y = column_or_1d(y, warn=True)
/home/rsethi1/venv/lib/python3.10/site-packages/sklearn/utils/validation.py:1143: DataConversionWarning: A column-vector y was passed when a 1d array was expected. Please change the shape of y to (n_samples, ), for example using ravel().
  y = column_or_1d(y, warn=True)
/home/rsethi1/venv/lib/python3.10/site-packages/sklearn/utils/validation.py:1143: DataConversionWarning: A column-vector y was passed when a 1d array was expected. Please change the shape of y to (n_samples, ), for example using ravel().
  y = column_or_1d(y, warn=True)
/home/rsethi1/venv/lib/python3.10/site-packages/sklearn/utils/validation.py:1143: DataConversionWarning: A column-vector y was passed when a 1d array was expected. Please change the shape of y to (n_samples, ), for example using ravel().
  y = column_or_1d(y, warn=True)
/home/rsethi1/venv/lib/python3.10/site-packages/sklearn/utils/validation.py:1143: DataConversionWarning: A column-vector y was passed when a 1d array was expected. Please change the shape of y to (n_samples, ), for example using ravel().
  y = column_or_1d(y, warn=True)
/home/rsethi1/venv/lib/python3.10/site-packages/sklearn/utils/validation.py:1143: DataConversionWarning: A column-vector y was passed when a 1d array was expected. Please change the shape of y to (n_samples, ), for example using ravel().
  y = column_or_1d(y, warn=True)
/home/rsethi1/venv/lib/python3.10/site-packages/sklearn/utils/validation.py:1143: DataConversionWarning: A column-vector y was passed when a 1d array was expected. Please change the shape of y to (n_samples, ), for example using ravel().
  y = column_or_1d(y, warn=True)
/home/rsethi1/venv/lib/python3.10/site-packages/sklearn/utils/validation.py:1143: DataConversionWarning: A column-vector y was passed when a 1d array was expected. Please change the shape of y to (n_samples, ), for example using ravel().
  y = column_or_1d(y, warn=True)
/home/rsethi1/venv/lib/python3.10/site-packages/sklearn/utils/validation.py:1143: DataConversionWarning: A column-vector y was passed when a 1d array was expected. Please change the shape of y to (n_samples, ), for example using ravel().
  y = column_or_1d(y, warn=True)
/home/rsethi1/venv/lib/python3.10/site-packages/sklearn/utils/validation.py:1143: DataConversionWarning: A column-vector y was passed when a 1d array was expected. Please change the shape of y to (n_samples, ), for example using ravel().
  y = column_or_1d(y, warn=True)
/home/rsethi1/venv/lib/python3.10/site-packages/sklearn/utils/validation.py:1143: DataConversionWarning: A column-vector y was passed when a 1d array was expected. Please change the shape of y to (n_samples, ), for example using ravel().
  y = column_or_1d(y, warn=True)
/home/rsethi1/venv/lib/python3.10/site-packages/sklearn/utils/validation.py:1143: DataConversionWarning: A column-vector y was passed when a 1d array was expected. Please change the shape of y to (n_samples, ), for example using ravel().
  y = column_or_1d(y, warn=True)
/home/rsethi1/venv/lib/python3.10/site-packages/sklearn/utils/validation.py:1143: DataConversionWarning: A column-vector y was passed when a 1d array was expected. Please change the shape of y to (n_samples, ), for example using ravel().
  y = column_or_1d(y, warn=True)
/home/rsethi1/venv/lib/python3.10/site-packages/sklearn/utils/validation.py:1143: DataConversionWarning: A column-vector y was passed when a 1d array was expected. Please change the shape of y to (n_samples, ), for example using ravel().
  y = column_or_1d(y, warn=True)
/home/rsethi1/venv/lib/python3.10/site-packages/sklearn/utils/validation.py:1143: DataConversionWarning: A column-vector y was passed when a 1d array was expected. Please change the shape of y to (n_samples, ), for example using ravel().
  y = column_or_1d(y, warn=True)
/home/rsethi1/venv/lib/python3.10/site-packages/sklearn/utils/validation.py:1143: DataConversionWarning: A column-vector y was passed when a 1d array was expected. Please change the shape of y to (n_samples, ), for example using ravel().
  y = column_or_1d(y, warn=True)
/home/rsethi1/venv/lib/python3.10/site-packages/sklearn/utils/validation.py:1143: DataConversionWarning: A column-vector y was passed when a 1d array was expected. Please change the shape of y to (n_samples, ), for example using ravel().
  y = column_or_1d(y, warn=True)
/home/rsethi1/venv/lib/python3.10/site-packages/sklearn/utils/validation.py:1143: DataConversionWarning: A column-vector y was passed when a 1d array was expected. Please change the shape of y to (n_samples, ), for example using ravel().
  y = column_or_1d(y, warn=True)
/home/rsethi1/venv/lib/python3.10/site-packages/sklearn/utils/validation.py:1143: DataConversionWarning: A column-vector y was passed when a 1d array was expected. Please change the shape of y to (n_samples, ), for example using ravel().
  y = column_or_1d(y, warn=True)
/home/rsethi1/venv/lib/python3.10/site-packages/sklearn/utils/validation.py:1143: DataConversionWarning: A column-vector y was passed when a 1d array was expected. Please change the shape of y to (n_samples, ), for example using ravel().
  y = column_or_1d(y, warn=True)
/home/rsethi1/venv/lib/python3.10/site-packages/sklearn/utils/validation.py:1143: DataConversionWarning: A column-vector y was passed when a 1d array was expected. Please change the shape of y to (n_samples, ), for example using ravel().
  y = column_or_1d(y, warn=True)
/home/rsethi1/venv/lib/python3.10/site-packages/sklearn/utils/validation.py:1143: DataConversionWarning: A column-vector y was passed when a 1d array was expected. Please change the shape of y to (n_samples, ), for example using ravel().
  y = column_or_1d(y, warn=True)
/home/rsethi1/venv/lib/python3.10/site-packages/sklearn/utils/validation.py:1143: DataConversionWarning: A column-vector y was passed when a 1d array was expected. Please change the shape of y to (n_samples, ), for example using ravel().
  y = column_or_1d(y, warn=True)
/home/rsethi1/venv/lib/python3.10/site-packages/sklearn/utils/validation.py:1143: DataConversionWarning: A column-vector y was passed when a 1d array was expected. Please change the shape of y to (n_samples, ), for example using ravel().
  y = column_or_1d(y, warn=True)
/home/rsethi1/venv/lib/python3.10/site-packages/sklearn/utils/validation.py:1143: DataConversionWarning: A column-vector y was passed when a 1d array was expected. Please change the shape of y to (n_samples, ), for example using ravel().
  y = column_or_1d(y, warn=True)
/home/rsethi1/venv/lib/python3.10/site-packages/sklearn/utils/validation.py:1143: DataConversionWarning: A column-vector y was passed when a 1d array was expected. Please change the shape of y to (n_samples, ), for example using ravel().
  y = column_or_1d(y, warn=True)
/home/rsethi1/venv/lib/python3.10/site-packages/sklearn/utils/validation.py:1143: DataConversionWarning: A column-vector y was passed when a 1d array was expected. Please change the shape of y to (n_samples, ), for example using ravel().
  y = column_or_1d(y, warn=True)
/home/rsethi1/venv/lib/python3.10/site-packages/sklearn/utils/validation.py:1143: DataConversionWarning: A column-vector y was passed when a 1d array was expected. Please change the shape of y to (n_samples, ), for example using ravel().
  y = column_or_1d(y, warn=True)
/home/rsethi1/venv/lib/python3.10/site-packages/sklearn/utils/validation.py:1143: DataConversionWarning: A column-vector y was passed when a 1d array was expected. Please change the shape of y to (n_samples, ), for example using ravel().
  y = column_or_1d(y, warn=True)
/home/rsethi1/venv/lib/python3.10/site-packages/sklearn/utils/validation.py:1143: DataConversionWarning: A column-vector y was passed when a 1d array was expected. Please change the shape of y to (n_samples, ), for example using ravel().
  y = column_or_1d(y, warn=True)
/home/rsethi1/venv/lib/python3.10/site-packages/sklearn/utils/validation.py:1143: DataConversionWarning: A column-vector y was passed when a 1d array was expected. Please change the shape of y to (n_samples, ), for example using ravel().
  y = column_or_1d(y, warn=True)
/home/rsethi1/venv/lib/python3.10/site-packages/sklearn/utils/validation.py:1143: DataConversionWarning: A column-vector y was passed when a 1d array was expected. Please change the shape of y to (n_samples, ), for example using ravel().
  y = column_or_1d(y, warn=True)
/home/rsethi1/venv/lib/python3.10/site-packages/sklearn/utils/validation.py:1143: DataConversionWarning: A column-vector y was passed when a 1d array was expected. Please change the shape of y to (n_samples, ), for example using ravel().
  y = column_or_1d(y, warn=True)
/home/rsethi1/venv/lib/python3.10/site-packages/sklearn/utils/validation.py:1143: DataConversionWarning: A column-vector y was passed when a 1d array was expected. Please change the shape of y to (n_samples, ), for example using ravel().
  y = column_or_1d(y, warn=True)
/home/rsethi1/venv/lib/python3.10/site-packages/sklearn/utils/validation.py:1143: DataConversionWarning: A column-vector y was passed when a 1d array was expected. Please change the shape of y to (n_samples, ), for example using ravel().
  y = column_or_1d(y, warn=True)
/home/rsethi1/venv/lib/python3.10/site-packages/sklearn/utils/validation.py:1143: DataConversionWarning: A column-vector y was passed when a 1d array was expected. Please change the shape of y to (n_samples, ), for example using ravel().
  y = column_or_1d(y, warn=True)
/home/rsethi1/venv/lib/python3.10/site-packages/sklearn/utils/validation.py:1143: DataConversionWarning: A column-vector y was passed when a 1d array was expected. Please change the shape of y to (n_samples, ), for example using ravel().
  y = column_or_1d(y, warn=True)
/home/rsethi1/venv/lib/python3.10/site-packages/sklearn/utils/validation.py:1143: DataConversionWarning: A column-vector y was passed when a 1d array was expected. Please change the shape of y to (n_samples, ), for example using ravel().
  y = column_or_1d(y, warn=True)
/home/rsethi1/venv/lib/python3.10/site-packages/sklearn/utils/validation.py:1143: DataConversionWarning: A column-vector y was passed when a 1d array was expected. Please change the shape of y to (n_samples, ), for example using ravel().
  y = column_or_1d(y, warn=True)
/home/rsethi1/venv/lib/python3.10/site-packages/sklearn/utils/validation.py:1143: DataConversionWarning: A column-vector y was passed when a 1d array was expected. Please change the shape of y to (n_samples, ), for example using ravel().
  y = column_or_1d(y, warn=True)
/home/rsethi1/venv/lib/python3.10/site-packages/sklearn/utils/validation.py:1143: DataConversionWarning: A column-vector y was passed when a 1d array was expected. Please change the shape of y to (n_samples, ), for example using ravel().
  y = column_or_1d(y, warn=True)
/home/rsethi1/venv/lib/python3.10/site-packages/sklearn/utils/validation.py:1143: DataConversionWarning: A column-vector y was passed when a 1d array was expected. Please change the shape of y to (n_samples, ), for example using ravel().
  y = column_or_1d(y, warn=True)
/home/rsethi1/venv/lib/python3.10/site-packages/sklearn/utils/validation.py:1143: DataConversionWarning: A column-vector y was passed when a 1d array was expected. Please change the shape of y to (n_samples, ), for example using ravel().
  y = column_or_1d(y, warn=True)
/home/rsethi1/venv/lib/python3.10/site-packages/sklearn/utils/validation.py:1143: DataConversionWarning: A column-vector y was passed when a 1d array was expected. Please change the shape of y to (n_samples, ), for example using ravel().
  y = column_or_1d(y, warn=True)
/home/rsethi1/venv/lib/python3.10/site-packages/sklearn/utils/validation.py:1143: DataConversionWarning: A column-vector y was passed when a 1d array was expected. Please change the shape of y to (n_samples, ), for example using ravel().
  y = column_or_1d(y, warn=True)
/home/rsethi1/venv/lib/python3.10/site-packages/sklearn/utils/validation.py:1143: DataConversionWarning: A column-vector y was passed when a 1d array was expected. Please change the shape of y to (n_samples, ), for example using ravel().
  y = column_or_1d(y, warn=True)
/home/rsethi1/venv/lib/python3.10/site-packages/sklearn/utils/validation.py:1143: DataConversionWarning: A column-vector y was passed when a 1d array was expected. Please change the shape of y to (n_samples, ), for example using ravel().
  y = column_or_1d(y, warn=True)
/home/rsethi1/venv/lib/python3.10/site-packages/sklearn/utils/validation.py:1143: DataConversionWarning: A column-vector y was passed when a 1d array was expected. Please change the shape of y to (n_samples, ), for example using ravel().
  y = column_or_1d(y, warn=True)
/home/rsethi1/venv/lib/python3.10/site-packages/sklearn/utils/validation.py:1143: DataConversionWarning: A column-vector y was passed when a 1d array was expected. Please change the shape of y to (n_samples, ), for example using ravel().
  y = column_or_1d(y, warn=True)
/home/rsethi1/venv/lib/python3.10/site-packages/sklearn/utils/validation.py:1143: DataConversionWarning: A column-vector y was passed when a 1d array was expected. Please change the shape of y to (n_samples, ), for example using ravel().
  y = column_or_1d(y, warn=True)
/home/rsethi1/venv/lib/python3.10/site-packages/sklearn/utils/validation.py:1143: DataConversionWarning: A column-vector y was passed when a 1d array was expected. Please change the shape of y to (n_samples, ), for example using ravel().
  y = column_or_1d(y, warn=True)
/home/rsethi1/venv/lib/python3.10/site-packages/sklearn/utils/validation.py:1143: DataConversionWarning: A column-vector y was passed when a 1d array was expected. Please change the shape of y to (n_samples, ), for example using ravel().
  y = column_or_1d(y, warn=True)
/home/rsethi1/venv/lib/python3.10/site-packages/sklearn/utils/validation.py:1143: DataConversionWarning: A column-vector y was passed when a 1d array was expected. Please change the shape of y to (n_samples, ), for example using ravel().
  y = column_or_1d(y, warn=True)
/home/rsethi1/venv/lib/python3.10/site-packages/sklearn/utils/validation.py:1143: DataConversionWarning: A column-vector y was passed when a 1d array was expected. Please change the shape of y to (n_samples, ), for example using ravel().
  y = column_or_1d(y, warn=True)
/home/rsethi1/venv/lib/python3.10/site-packages/sklearn/utils/validation.py:1143: DataConversionWarning: A column-vector y was passed when a 1d array was expected. Please change the shape of y to (n_samples, ), for example using ravel().
  y = column_or_1d(y, warn=True)
/home/rsethi1/venv/lib/python3.10/site-packages/sklearn/utils/validation.py:1143: DataConversionWarning: A column-vector y was passed when a 1d array was expected. Please change the shape of y to (n_samples, ), for example using ravel().
  y = column_or_1d(y, warn=True)
/home/rsethi1/venv/lib/python3.10/site-packages/sklearn/utils/validation.py:1143: DataConversionWarning: A column-vector y was passed when a 1d array was expected. Please change the shape of y to (n_samples, ), for example using ravel().
  y = column_or_1d(y, warn=True)
/home/rsethi1/venv/lib/python3.10/site-packages/sklearn/utils/validation.py:1143: DataConversionWarning: A column-vector y was passed when a 1d array was expected. Please change the shape of y to (n_samples, ), for example using ravel().
  y = column_or_1d(y, warn=True)
/home/rsethi1/venv/lib/python3.10/site-packages/sklearn/utils/validation.py:1143: DataConversionWarning: A column-vector y was passed when a 1d array was expected. Please change the shape of y to (n_samples, ), for example using ravel().
  y = column_or_1d(y, warn=True)
/home/rsethi1/venv/lib/python3.10/site-packages/sklearn/utils/validation.py:1143: DataConversionWarning: A column-vector y was passed when a 1d array was expected. Please change the shape of y to (n_samples, ), for example using ravel().
  y = column_or_1d(y, warn=True)
/home/rsethi1/venv/lib/python3.10/site-packages/sklearn/utils/validation.py:1143: DataConversionWarning: A column-vector y was passed when a 1d array was expected. Please change the shape of y to (n_samples, ), for example using ravel().
  y = column_or_1d(y, warn=True)
/home/rsethi1/venv/lib/python3.10/site-packages/sklearn/utils/validation.py:1143: DataConversionWarning: A column-vector y was passed when a 1d array was expected. Please change the shape of y to (n_samples, ), for example using ravel().
  y = column_or_1d(y, warn=True)
/home/rsethi1/venv/lib/python3.10/site-packages/sklearn/utils/validation.py:1143: DataConversionWarning: A column-vector y was passed when a 1d array was expected. Please change the shape of y to (n_samples, ), for example using ravel().
  y = column_or_1d(y, warn=True)
/home/rsethi1/venv/lib/python3.10/site-packages/sklearn/utils/validation.py:1143: DataConversionWarning: A column-vector y was passed when a 1d array was expected. Please change the shape of y to (n_samples, ), for example using ravel().
  y = column_or_1d(y, warn=True)
/home/rsethi1/venv/lib/python3.10/site-packages/sklearn/utils/validation.py:1143: DataConversionWarning: A column-vector y was passed when a 1d array was expected. Please change the shape of y to (n_samples, ), for example using ravel().
  y = column_or_1d(y, warn=True)
/home/rsethi1/venv/lib/python3.10/site-packages/sklearn/utils/validation.py:1143: DataConversionWarning: A column-vector y was passed when a 1d array was expected. Please change the shape of y to (n_samples, ), for example using ravel().
  y = column_or_1d(y, warn=True)
/home/rsethi1/venv/lib/python3.10/site-packages/sklearn/utils/validation.py:1143: DataConversionWarning: A column-vector y was passed when a 1d array was expected. Please change the shape of y to (n_samples, ), for example using ravel().
  y = column_or_1d(y, warn=True)
/home/rsethi1/venv/lib/python3.10/site-packages/sklearn/utils/validation.py:1143: DataConversionWarning: A column-vector y was passed when a 1d array was expected. Please change the shape of y to (n_samples, ), for example using ravel().
  y = column_or_1d(y, warn=True)
/home/rsethi1/venv/lib/python3.10/site-packages/sklearn/utils/validation.py:1143: DataConversionWarning: A column-vector y was passed when a 1d array was expected. Please change the shape of y to (n_samples, ), for example using ravel().
  y = column_or_1d(y, warn=True)
/home/rsethi1/venv/lib/python3.10/site-packages/sklearn/utils/validation.py:1143: DataConversionWarning: A column-vector y was passed when a 1d array was expected. Please change the shape of y to (n_samples, ), for example using ravel().
  y = column_or_1d(y, warn=True)
/home/rsethi1/venv/lib/python3.10/site-packages/sklearn/utils/validation.py:1143: DataConversionWarning: A column-vector y was passed when a 1d array was expected. Please change the shape of y to (n_samples, ), for example using ravel().
  y = column_or_1d(y, warn=True)
/home/rsethi1/venv/lib/python3.10/site-packages/sklearn/utils/validation.py:1143: DataConversionWarning: A column-vector y was passed when a 1d array was expected. Please change the shape of y to (n_samples, ), for example using ravel().
  y = column_or_1d(y, warn=True)
/home/rsethi1/venv/lib/python3.10/site-packages/sklearn/utils/validation.py:1143: DataConversionWarning: A column-vector y was passed when a 1d array was expected. Please change the shape of y to (n_samples, ), for example using ravel().
  y = column_or_1d(y, warn=True)
/home/rsethi1/venv/lib/python3.10/site-packages/sklearn/utils/validation.py:1143: DataConversionWarning: A column-vector y was passed when a 1d array was expected. Please change the shape of y to (n_samples, ), for example using ravel().
  y = column_or_1d(y, warn=True)
/home/rsethi1/venv/lib/python3.10/site-packages/sklearn/utils/validation.py:1143: DataConversionWarning: A column-vector y was passed when a 1d array was expected. Please change the shape of y to (n_samples, ), for example using ravel().
  y = column_or_1d(y, warn=True)
/home/rsethi1/venv/lib/python3.10/site-packages/sklearn/utils/validation.py:1143: DataConversionWarning: A column-vector y was passed when a 1d array was expected. Please change the shape of y to (n_samples, ), for example using ravel().
  y = column_or_1d(y, warn=True)
/home/rsethi1/venv/lib/python3.10/site-packages/sklearn/utils/validation.py:1143: DataConversionWarning: A column-vector y was passed when a 1d array was expected. Please change the shape of y to (n_samples, ), for example using ravel().
  y = column_or_1d(y, warn=True)
/home/rsethi1/venv/lib/python3.10/site-packages/sklearn/utils/validation.py:1143: DataConversionWarning: A column-vector y was passed when a 1d array was expected. Please change the shape of y to (n_samples, ), for example using ravel().
  y = column_or_1d(y, warn=True)
/home/rsethi1/venv/lib/python3.10/site-packages/sklearn/utils/validation.py:1143: DataConversionWarning: A column-vector y was passed when a 1d array was expected. Please change the shape of y to (n_samples, ), for example using ravel().
  y = column_or_1d(y, warn=True)
/home/rsethi1/venv/lib/python3.10/site-packages/sklearn/utils/validation.py:1143: DataConversionWarning: A column-vector y was passed when a 1d array was expected. Please change the shape of y to (n_samples, ), for example using ravel().
  y = column_or_1d(y, warn=True)
/home/rsethi1/venv/lib/python3.10/site-packages/sklearn/utils/validation.py:1143: DataConversionWarning: A column-vector y was passed when a 1d array was expected. Please change the shape of y to (n_samples, ), for example using ravel().
  y = column_or_1d(y, warn=True)
/home/rsethi1/venv/lib/python3.10/site-packages/sklearn/utils/validation.py:1143: DataConversionWarning: A column-vector y was passed when a 1d array was expected. Please change the shape of y to (n_samples, ), for example using ravel().
  y = column_or_1d(y, warn=True)
/home/rsethi1/venv/lib/python3.10/site-packages/sklearn/utils/validation.py:1143: DataConversionWarning: A column-vector y was passed when a 1d array was expected. Please change the shape of y to (n_samples, ), for example using ravel().
  y = column_or_1d(y, warn=True)
/home/rsethi1/venv/lib/python3.10/site-packages/sklearn/utils/validation.py:1143: DataConversionWarning: A column-vector y was passed when a 1d array was expected. Please change the shape of y to (n_samples, ), for example using ravel().
  y = column_or_1d(y, warn=True)
/home/rsethi1/venv/lib/python3.10/site-packages/sklearn/utils/validation.py:1143: DataConversionWarning: A column-vector y was passed when a 1d array was expected. Please change the shape of y to (n_samples, ), for example using ravel().
  y = column_or_1d(y, warn=True)
/home/rsethi1/venv/lib/python3.10/site-packages/sklearn/utils/validation.py:1143: DataConversionWarning: A column-vector y was passed when a 1d array was expected. Please change the shape of y to (n_samples, ), for example using ravel().
  y = column_or_1d(y, warn=True)
/home/rsethi1/venv/lib/python3.10/site-packages/sklearn/utils/validation.py:1143: DataConversionWarning: A column-vector y was passed when a 1d array was expected. Please change the shape of y to (n_samples, ), for example using ravel().
  y = column_or_1d(y, warn=True)
/home/rsethi1/venv/lib/python3.10/site-packages/sklearn/utils/validation.py:1143: DataConversionWarning: A column-vector y was passed when a 1d array was expected. Please change the shape of y to (n_samples, ), for example using ravel().
  y = column_or_1d(y, warn=True)
/home/rsethi1/venv/lib/python3.10/site-packages/sklearn/utils/validation.py:1143: DataConversionWarning: A column-vector y was passed when a 1d array was expected. Please change the shape of y to (n_samples, ), for example using ravel().
  y = column_or_1d(y, warn=True)
/home/rsethi1/venv/lib/python3.10/site-packages/sklearn/utils/validation.py:1143: DataConversionWarning: A column-vector y was passed when a 1d array was expected. Please change the shape of y to (n_samples, ), for example using ravel().
  y = column_or_1d(y, warn=True)
/home/rsethi1/venv/lib/python3.10/site-packages/sklearn/utils/validation.py:1143: DataConversionWarning: A column-vector y was passed when a 1d array was expected. Please change the shape of y to (n_samples, ), for example using ravel().
  y = column_or_1d(y, warn=True)
/home/rsethi1/venv/lib/python3.10/site-packages/sklearn/utils/validation.py:1143: DataConversionWarning: A column-vector y was passed when a 1d array was expected. Please change the shape of y to (n_samples, ), for example using ravel().
  y = column_or_1d(y, warn=True)
/home/rsethi1/venv/lib/python3.10/site-packages/sklearn/utils/validation.py:1143: DataConversionWarning: A column-vector y was passed when a 1d array was expected. Please change the shape of y to (n_samples, ), for example using ravel().
  y = column_or_1d(y, warn=True)
/home/rsethi1/venv/lib/python3.10/site-packages/sklearn/utils/validation.py:1143: DataConversionWarning: A column-vector y was passed when a 1d array was expected. Please change the shape of y to (n_samples, ), for example using ravel().
  y = column_or_1d(y, warn=True)
/home/rsethi1/venv/lib/python3.10/site-packages/sklearn/utils/validation.py:1143: DataConversionWarning: A column-vector y was passed when a 1d array was expected. Please change the shape of y to (n_samples, ), for example using ravel().
  y = column_or_1d(y, warn=True)
/home/rsethi1/venv/lib/python3.10/site-packages/sklearn/utils/validation.py:1143: DataConversionWarning: A column-vector y was passed when a 1d array was expected. Please change the shape of y to (n_samples, ), for example using ravel().
  y = column_or_1d(y, warn=True)
/home/rsethi1/venv/lib/python3.10/site-packages/sklearn/utils/validation.py:1143: DataConversionWarning: A column-vector y was passed when a 1d array was expected. Please change the shape of y to (n_samples, ), for example using ravel().
  y = column_or_1d(y, warn=True)
/home/rsethi1/venv/lib/python3.10/site-packages/sklearn/utils/validation.py:1143: DataConversionWarning: A column-vector y was passed when a 1d array was expected. Please change the shape of y to (n_samples, ), for example using ravel().
  y = column_or_1d(y, warn=True)
/home/rsethi1/venv/lib/python3.10/site-packages/sklearn/utils/validation.py:1143: DataConversionWarning: A column-vector y was passed when a 1d array was expected. Please change the shape of y to (n_samples, ), for example using ravel().
  y = column_or_1d(y, warn=True)
/home/rsethi1/venv/lib/python3.10/site-packages/sklearn/utils/validation.py:1143: DataConversionWarning: A column-vector y was passed when a 1d array was expected. Please change the shape of y to (n_samples, ), for example using ravel().
  y = column_or_1d(y, warn=True)
/home/rsethi1/venv/lib/python3.10/site-packages/sklearn/utils/validation.py:1143: DataConversionWarning: A column-vector y was passed when a 1d array was expected. Please change the shape of y to (n_samples, ), for example using ravel().
  y = column_or_1d(y, warn=True)
/home/rsethi1/venv/lib/python3.10/site-packages/sklearn/utils/validation.py:1143: DataConversionWarning: A column-vector y was passed when a 1d array was expected. Please change the shape of y to (n_samples, ), for example using ravel().
  y = column_or_1d(y, warn=True)
/home/rsethi1/venv/lib/python3.10/site-packages/sklearn/utils/validation.py:1143: DataConversionWarning: A column-vector y was passed when a 1d array was expected. Please change the shape of y to (n_samples, ), for example using ravel().
  y = column_or_1d(y, warn=True)
/home/rsethi1/venv/lib/python3.10/site-packages/sklearn/utils/validation.py:1143: DataConversionWarning: A column-vector y was passed when a 1d array was expected. Please change the shape of y to (n_samples, ), for example using ravel().
  y = column_or_1d(y, warn=True)
/home/rsethi1/venv/lib/python3.10/site-packages/sklearn/utils/validation.py:1143: DataConversionWarning: A column-vector y was passed when a 1d array was expected. Please change the shape of y to (n_samples, ), for example using ravel().
  y = column_or_1d(y, warn=True)
/home/rsethi1/venv/lib/python3.10/site-packages/sklearn/utils/validation.py:1143: DataConversionWarning: A column-vector y was passed when a 1d array was expected. Please change the shape of y to (n_samples, ), for example using ravel().
  y = column_or_1d(y, warn=True)
/home/rsethi1/venv/lib/python3.10/site-packages/sklearn/utils/validation.py:1143: DataConversionWarning: A column-vector y was passed when a 1d array was expected. Please change the shape of y to (n_samples, ), for example using ravel().
  y = column_or_1d(y, warn=True)
/home/rsethi1/venv/lib/python3.10/site-packages/sklearn/utils/validation.py:1143: DataConversionWarning: A column-vector y was passed when a 1d array was expected. Please change the shape of y to (n_samples, ), for example using ravel().
  y = column_or_1d(y, warn=True)
/home/rsethi1/venv/lib/python3.10/site-packages/sklearn/utils/validation.py:1143: DataConversionWarning: A column-vector y was passed when a 1d array was expected. Please change the shape of y to (n_samples, ), for example using ravel().
  y = column_or_1d(y, warn=True)
/home/rsethi1/venv/lib/python3.10/site-packages/sklearn/utils/validation.py:1143: DataConversionWarning: A column-vector y was passed when a 1d array was expected. Please change the shape of y to (n_samples, ), for example using ravel().
  y = column_or_1d(y, warn=True)
/home/rsethi1/venv/lib/python3.10/site-packages/sklearn/utils/validation.py:1143: DataConversionWarning: A column-vector y was passed when a 1d array was expected. Please change the shape of y to (n_samples, ), for example using ravel().
  y = column_or_1d(y, warn=True)
/home/rsethi1/venv/lib/python3.10/site-packages/sklearn/utils/validation.py:1143: DataConversionWarning: A column-vector y was passed when a 1d array was expected. Please change the shape of y to (n_samples, ), for example using ravel().
  y = column_or_1d(y, warn=True)
/home/rsethi1/venv/lib/python3.10/site-packages/sklearn/utils/validation.py:1143: DataConversionWarning: A column-vector y was passed when a 1d array was expected. Please change the shape of y to (n_samples, ), for example using ravel().
  y = column_or_1d(y, warn=True)
/home/rsethi1/venv/lib/python3.10/site-packages/sklearn/utils/validation.py:1143: DataConversionWarning: A column-vector y was passed when a 1d array was expected. Please change the shape of y to (n_samples, ), for example using ravel().
  y = column_or_1d(y, warn=True)
/home/rsethi1/venv/lib/python3.10/site-packages/sklearn/utils/validation.py:1143: DataConversionWarning: A column-vector y was passed when a 1d array was expected. Please change the shape of y to (n_samples, ), for example using ravel().
  y = column_or_1d(y, warn=True)
/home/rsethi1/venv/lib/python3.10/site-packages/sklearn/utils/validation.py:1143: DataConversionWarning: A column-vector y was passed when a 1d array was expected. Please change the shape of y to (n_samples, ), for example using ravel().
  y = column_or_1d(y, warn=True)
/home/rsethi1/venv/lib/python3.10/site-packages/sklearn/utils/validation.py:1143: DataConversionWarning: A column-vector y was passed when a 1d array was expected. Please change the shape of y to (n_samples, ), for example using ravel().
  y = column_or_1d(y, warn=True)
/home/rsethi1/venv/lib/python3.10/site-packages/sklearn/utils/validation.py:1143: DataConversionWarning: A column-vector y was passed when a 1d array was expected. Please change the shape of y to (n_samples, ), for example using ravel().
  y = column_or_1d(y, warn=True)
/home/rsethi1/venv/lib/python3.10/site-packages/sklearn/utils/validation.py:1143: DataConversionWarning: A column-vector y was passed when a 1d array was expected. Please change the shape of y to (n_samples, ), for example using ravel().
  y = column_or_1d(y, warn=True)
/home/rsethi1/venv/lib/python3.10/site-packages/sklearn/utils/validation.py:1143: DataConversionWarning: A column-vector y was passed when a 1d array was expected. Please change the shape of y to (n_samples, ), for example using ravel().
  y = column_or_1d(y, warn=True)
/home/rsethi1/venv/lib/python3.10/site-packages/sklearn/utils/validation.py:1143: DataConversionWarning: A column-vector y was passed when a 1d array was expected. Please change the shape of y to (n_samples, ), for example using ravel().
  y = column_or_1d(y, warn=True)
/home/rsethi1/venv/lib/python3.10/site-packages/sklearn/utils/validation.py:1143: DataConversionWarning: A column-vector y was passed when a 1d array was expected. Please change the shape of y to (n_samples, ), for example using ravel().
  y = column_or_1d(y, warn=True)
/home/rsethi1/venv/lib/python3.10/site-packages/sklearn/utils/validation.py:1143: DataConversionWarning: A column-vector y was passed when a 1d array was expected. Please change the shape of y to (n_samples, ), for example using ravel().
  y = column_or_1d(y, warn=True)
/home/rsethi1/venv/lib/python3.10/site-packages/sklearn/utils/validation.py:1143: DataConversionWarning: A column-vector y was passed when a 1d array was expected. Please change the shape of y to (n_samples, ), for example using ravel().
  y = column_or_1d(y, warn=True)
/home/rsethi1/venv/lib/python3.10/site-packages/sklearn/utils/validation.py:1143: DataConversionWarning: A column-vector y was passed when a 1d array was expected. Please change the shape of y to (n_samples, ), for example using ravel().
  y = column_or_1d(y, warn=True)
/home/rsethi1/venv/lib/python3.10/site-packages/sklearn/utils/validation.py:1143: DataConversionWarning: A column-vector y was passed when a 1d array was expected. Please change the shape of y to (n_samples, ), for example using ravel().
  y = column_or_1d(y, warn=True)
/home/rsethi1/venv/lib/python3.10/site-packages/sklearn/utils/validation.py:1143: DataConversionWarning: A column-vector y was passed when a 1d array was expected. Please change the shape of y to (n_samples, ), for example using ravel().
  y = column_or_1d(y, warn=True)
/home/rsethi1/venv/lib/python3.10/site-packages/sklearn/utils/validation.py:1143: DataConversionWarning: A column-vector y was passed when a 1d array was expected. Please change the shape of y to (n_samples, ), for example using ravel().
  y = column_or_1d(y, warn=True)
/home/rsethi1/venv/lib/python3.10/site-packages/sklearn/utils/validation.py:1143: DataConversionWarning: A column-vector y was passed when a 1d array was expected. Please change the shape of y to (n_samples, ), for example using ravel().
  y = column_or_1d(y, warn=True)
/home/rsethi1/venv/lib/python3.10/site-packages/sklearn/utils/validation.py:1143: DataConversionWarning: A column-vector y was passed when a 1d array was expected. Please change the shape of y to (n_samples, ), for example using ravel().
  y = column_or_1d(y, warn=True)
/home/rsethi1/venv/lib/python3.10/site-packages/sklearn/utils/validation.py:1143: DataConversionWarning: A column-vector y was passed when a 1d array was expected. Please change the shape of y to (n_samples, ), for example using ravel().
  y = column_or_1d(y, warn=True)
/home/rsethi1/venv/lib/python3.10/site-packages/sklearn/utils/validation.py:1143: DataConversionWarning: A column-vector y was passed when a 1d array was expected. Please change the shape of y to (n_samples, ), for example using ravel().
  y = column_or_1d(y, warn=True)
/home/rsethi1/venv/lib/python3.10/site-packages/sklearn/utils/validation.py:1143: DataConversionWarning: A column-vector y was passed when a 1d array was expected. Please change the shape of y to (n_samples, ), for example using ravel().
  y = column_or_1d(y, warn=True)
/home/rsethi1/venv/lib/python3.10/site-packages/sklearn/utils/validation.py:1143: DataConversionWarning: A column-vector y was passed when a 1d array was expected. Please change the shape of y to (n_samples, ), for example using ravel().
  y = column_or_1d(y, warn=True)
/home/rsethi1/venv/lib/python3.10/site-packages/sklearn/utils/validation.py:1143: DataConversionWarning: A column-vector y was passed when a 1d array was expected. Please change the shape of y to (n_samples, ), for example using ravel().
  y = column_or_1d(y, warn=True)
/home/rsethi1/venv/lib/python3.10/site-packages/sklearn/utils/validation.py:1143: DataConversionWarning: A column-vector y was passed when a 1d array was expected. Please change the shape of y to (n_samples, ), for example using ravel().
  y = column_or_1d(y, warn=True)
/home/rsethi1/venv/lib/python3.10/site-packages/sklearn/utils/validation.py:1143: DataConversionWarning: A column-vector y was passed when a 1d array was expected. Please change the shape of y to (n_samples, ), for example using ravel().
  y = column_or_1d(y, warn=True)
/home/rsethi1/venv/lib/python3.10/site-packages/sklearn/utils/validation.py:1143: DataConversionWarning: A column-vector y was passed when a 1d array was expected. Please change the shape of y to (n_samples, ), for example using ravel().
  y = column_or_1d(y, warn=True)
/home/rsethi1/venv/lib/python3.10/site-packages/sklearn/utils/validation.py:1143: DataConversionWarning: A column-vector y was passed when a 1d array was expected. Please change the shape of y to (n_samples, ), for example using ravel().
  y = column_or_1d(y, warn=True)
/home/rsethi1/venv/lib/python3.10/site-packages/sklearn/utils/validation.py:1143: DataConversionWarning: A column-vector y was passed when a 1d array was expected. Please change the shape of y to (n_samples, ), for example using ravel().
  y = column_or_1d(y, warn=True)
/home/rsethi1/venv/lib/python3.10/site-packages/sklearn/utils/validation.py:1143: DataConversionWarning: A column-vector y was passed when a 1d array was expected. Please change the shape of y to (n_samples, ), for example using ravel().
  y = column_or_1d(y, warn=True)
/home/rsethi1/venv/lib/python3.10/site-packages/sklearn/utils/validation.py:1143: DataConversionWarning: A column-vector y was passed when a 1d array was expected. Please change the shape of y to (n_samples, ), for example using ravel().
  y = column_or_1d(y, warn=True)
/home/rsethi1/venv/lib/python3.10/site-packages/sklearn/utils/validation.py:1143: DataConversionWarning: A column-vector y was passed when a 1d array was expected. Please change the shape of y to (n_samples, ), for example using ravel().
  y = column_or_1d(y, warn=True)
/home/rsethi1/venv/lib/python3.10/site-packages/sklearn/utils/validation.py:1143: DataConversionWarning: A column-vector y was passed when a 1d array was expected. Please change the shape of y to (n_samples, ), for example using ravel().
  y = column_or_1d(y, warn=True)
/home/rsethi1/venv/lib/python3.10/site-packages/sklearn/utils/validation.py:1143: DataConversionWarning: A column-vector y was passed when a 1d array was expected. Please change the shape of y to (n_samples, ), for example using ravel().
  y = column_or_1d(y, warn=True)
/home/rsethi1/venv/lib/python3.10/site-packages/sklearn/utils/validation.py:1143: DataConversionWarning: A column-vector y was passed when a 1d array was expected. Please change the shape of y to (n_samples, ), for example using ravel().
  y = column_or_1d(y, warn=True)
/home/rsethi1/venv/lib/python3.10/site-packages/sklearn/utils/validation.py:1143: DataConversionWarning: A column-vector y was passed when a 1d array was expected. Please change the shape of y to (n_samples, ), for example using ravel().
  y = column_or_1d(y, warn=True)
/home/rsethi1/venv/lib/python3.10/site-packages/sklearn/utils/validation.py:1143: DataConversionWarning: A column-vector y was passed when a 1d array was expected. Please change the shape of y to (n_samples, ), for example using ravel().
  y = column_or_1d(y, warn=True)
/home/rsethi1/venv/lib/python3.10/site-packages/sklearn/utils/validation.py:1143: DataConversionWarning: A column-vector y was passed when a 1d array was expected. Please change the shape of y to (n_samples, ), for example using ravel().
  y = column_or_1d(y, warn=True)
/home/rsethi1/venv/lib/python3.10/site-packages/sklearn/utils/validation.py:1143: DataConversionWarning: A column-vector y was passed when a 1d array was expected. Please change the shape of y to (n_samples, ), for example using ravel().
  y = column_or_1d(y, warn=True)
/home/rsethi1/venv/lib/python3.10/site-packages/sklearn/utils/validation.py:1143: DataConversionWarning: A column-vector y was passed when a 1d array was expected. Please change the shape of y to (n_samples, ), for example using ravel().
  y = column_or_1d(y, warn=True)
/home/rsethi1/venv/lib/python3.10/site-packages/sklearn/utils/validation.py:1143: DataConversionWarning: A column-vector y was passed when a 1d array was expected. Please change the shape of y to (n_samples, ), for example using ravel().
  y = column_or_1d(y, warn=True)
/home/rsethi1/venv/lib/python3.10/site-packages/sklearn/utils/validation.py:1143: DataConversionWarning: A column-vector y was passed when a 1d array was expected. Please change the shape of y to (n_samples, ), for example using ravel().
  y = column_or_1d(y, warn=True)
/home/rsethi1/venv/lib/python3.10/site-packages/sklearn/utils/validation.py:1143: DataConversionWarning: A column-vector y was passed when a 1d array was expected. Please change the shape of y to (n_samples, ), for example using ravel().
  y = column_or_1d(y, warn=True)
/home/rsethi1/venv/lib/python3.10/site-packages/sklearn/utils/validation.py:1143: DataConversionWarning: A column-vector y was passed when a 1d array was expected. Please change the shape of y to (n_samples, ), for example using ravel().
  y = column_or_1d(y, warn=True)
/home/rsethi1/venv/lib/python3.10/site-packages/sklearn/utils/validation.py:1143: DataConversionWarning: A column-vector y was passed when a 1d array was expected. Please change the shape of y to (n_samples, ), for example using ravel().
  y = column_or_1d(y, warn=True)
/home/rsethi1/venv/lib/python3.10/site-packages/sklearn/utils/validation.py:1143: DataConversionWarning: A column-vector y was passed when a 1d array was expected. Please change the shape of y to (n_samples, ), for example using ravel().
  y = column_or_1d(y, warn=True)
/home/rsethi1/venv/lib/python3.10/site-packages/sklearn/utils/validation.py:1143: DataConversionWarning: A column-vector y was passed when a 1d array was expected. Please change the shape of y to (n_samples, ), for example using ravel().
  y = column_or_1d(y, warn=True)
/home/rsethi1/venv/lib/python3.10/site-packages/sklearn/utils/validation.py:1143: DataConversionWarning: A column-vector y was passed when a 1d array was expected. Please change the shape of y to (n_samples, ), for example using ravel().
  y = column_or_1d(y, warn=True)
/home/rsethi1/venv/lib/python3.10/site-packages/sklearn/utils/validation.py:1143: DataConversionWarning: A column-vector y was passed when a 1d array was expected. Please change the shape of y to (n_samples, ), for example using ravel().
  y = column_or_1d(y, warn=True)
/home/rsethi1/venv/lib/python3.10/site-packages/sklearn/utils/validation.py:1143: DataConversionWarning: A column-vector y was passed when a 1d array was expected. Please change the shape of y to (n_samples, ), for example using ravel().
  y = column_or_1d(y, warn=True)
/home/rsethi1/venv/lib/python3.10/site-packages/sklearn/utils/validation.py:1143: DataConversionWarning: A column-vector y was passed when a 1d array was expected. Please change the shape of y to (n_samples, ), for example using ravel().
  y = column_or_1d(y, warn=True)
/home/rsethi1/venv/lib/python3.10/site-packages/sklearn/utils/validation.py:1143: DataConversionWarning: A column-vector y was passed when a 1d array was expected. Please change the shape of y to (n_samples, ), for example using ravel().
  y = column_or_1d(y, warn=True)
/home/rsethi1/venv/lib/python3.10/site-packages/sklearn/utils/validation.py:1143: DataConversionWarning: A column-vector y was passed when a 1d array was expected. Please change the shape of y to (n_samples, ), for example using ravel().
  y = column_or_1d(y, warn=True)
/home/rsethi1/venv/lib/python3.10/site-packages/sklearn/utils/validation.py:1143: DataConversionWarning: A column-vector y was passed when a 1d array was expected. Please change the shape of y to (n_samples, ), for example using ravel().
  y = column_or_1d(y, warn=True)
/home/rsethi1/venv/lib/python3.10/site-packages/sklearn/utils/validation.py:1143: DataConversionWarning: A column-vector y was passed when a 1d array was expected. Please change the shape of y to (n_samples, ), for example using ravel().
  y = column_or_1d(y, warn=True)
/home/rsethi1/venv/lib/python3.10/site-packages/sklearn/utils/validation.py:1143: DataConversionWarning: A column-vector y was passed when a 1d array was expected. Please change the shape of y to (n_samples, ), for example using ravel().
  y = column_or_1d(y, warn=True)
/home/rsethi1/venv/lib/python3.10/site-packages/sklearn/utils/validation.py:1143: DataConversionWarning: A column-vector y was passed when a 1d array was expected. Please change the shape of y to (n_samples, ), for example using ravel().
  y = column_or_1d(y, warn=True)
/home/rsethi1/venv/lib/python3.10/site-packages/sklearn/utils/validation.py:1143: DataConversionWarning: A column-vector y was passed when a 1d array was expected. Please change the shape of y to (n_samples, ), for example using ravel().
  y = column_or_1d(y, warn=True)
/home/rsethi1/venv/lib/python3.10/site-packages/sklearn/utils/validation.py:1143: DataConversionWarning: A column-vector y was passed when a 1d array was expected. Please change the shape of y to (n_samples, ), for example using ravel().
  y = column_or_1d(y, warn=True)
/home/rsethi1/venv/lib/python3.10/site-packages/sklearn/utils/validation.py:1143: DataConversionWarning: A column-vector y was passed when a 1d array was expected. Please change the shape of y to (n_samples, ), for example using ravel().
  y = column_or_1d(y, warn=True)
/home/rsethi1/venv/lib/python3.10/site-packages/sklearn/utils/validation.py:1143: DataConversionWarning: A column-vector y was passed when a 1d array was expected. Please change the shape of y to (n_samples, ), for example using ravel().
  y = column_or_1d(y, warn=True)
/home/rsethi1/venv/lib/python3.10/site-packages/sklearn/utils/validation.py:1143: DataConversionWarning: A column-vector y was passed when a 1d array was expected. Please change the shape of y to (n_samples, ), for example using ravel().
  y = column_or_1d(y, warn=True)
/home/rsethi1/venv/lib/python3.10/site-packages/sklearn/utils/validation.py:1143: DataConversionWarning: A column-vector y was passed when a 1d array was expected. Please change the shape of y to (n_samples, ), for example using ravel().
  y = column_or_1d(y, warn=True)
/home/rsethi1/venv/lib/python3.10/site-packages/sklearn/utils/validation.py:1143: DataConversionWarning: A column-vector y was passed when a 1d array was expected. Please change the shape of y to (n_samples, ), for example using ravel().
  y = column_or_1d(y, warn=True)
/home/rsethi1/venv/lib/python3.10/site-packages/sklearn/utils/validation.py:1143: DataConversionWarning: A column-vector y was passed when a 1d array was expected. Please change the shape of y to (n_samples, ), for example using ravel().
  y = column_or_1d(y, warn=True)
/home/rsethi1/venv/lib/python3.10/site-packages/sklearn/utils/validation.py:1143: DataConversionWarning: A column-vector y was passed when a 1d array was expected. Please change the shape of y to (n_samples, ), for example using ravel().
  y = column_or_1d(y, warn=True)
/home/rsethi1/venv/lib/python3.10/site-packages/sklearn/utils/validation.py:1143: DataConversionWarning: A column-vector y was passed when a 1d array was expected. Please change the shape of y to (n_samples, ), for example using ravel().
  y = column_or_1d(y, warn=True)
/home/rsethi1/venv/lib/python3.10/site-packages/sklearn/utils/validation.py:1143: DataConversionWarning: A column-vector y was passed when a 1d array was expected. Please change the shape of y to (n_samples, ), for example using ravel().
  y = column_or_1d(y, warn=True)
/home/rsethi1/venv/lib/python3.10/site-packages/sklearn/utils/validation.py:1143: DataConversionWarning: A column-vector y was passed when a 1d array was expected. Please change the shape of y to (n_samples, ), for example using ravel().
  y = column_or_1d(y, warn=True)
/home/rsethi1/venv/lib/python3.10/site-packages/sklearn/utils/validation.py:1143: DataConversionWarning: A column-vector y was passed when a 1d array was expected. Please change the shape of y to (n_samples, ), for example using ravel().
  y = column_or_1d(y, warn=True)
/home/rsethi1/venv/lib/python3.10/site-packages/sklearn/utils/validation.py:1143: DataConversionWarning: A column-vector y was passed when a 1d array was expected. Please change the shape of y to (n_samples, ), for example using ravel().
  y = column_or_1d(y, warn=True)
/home/rsethi1/venv/lib/python3.10/site-packages/sklearn/utils/validation.py:1143: DataConversionWarning: A column-vector y was passed when a 1d array was expected. Please change the shape of y to (n_samples, ), for example using ravel().
  y = column_or_1d(y, warn=True)
/home/rsethi1/venv/lib/python3.10/site-packages/sklearn/utils/validation.py:1143: DataConversionWarning: A column-vector y was passed when a 1d array was expected. Please change the shape of y to (n_samples, ), for example using ravel().
  y = column_or_1d(y, warn=True)
/home/rsethi1/venv/lib/python3.10/site-packages/sklearn/utils/validation.py:1143: DataConversionWarning: A column-vector y was passed when a 1d array was expected. Please change the shape of y to (n_samples, ), for example using ravel().
  y = column_or_1d(y, warn=True)
/home/rsethi1/venv/lib/python3.10/site-packages/sklearn/utils/validation.py:1143: DataConversionWarning: A column-vector y was passed when a 1d array was expected. Please change the shape of y to (n_samples, ), for example using ravel().
  y = column_or_1d(y, warn=True)
/home/rsethi1/venv/lib/python3.10/site-packages/sklearn/utils/validation.py:1143: DataConversionWarning: A column-vector y was passed when a 1d array was expected. Please change the shape of y to (n_samples, ), for example using ravel().
  y = column_or_1d(y, warn=True)
/home/rsethi1/venv/lib/python3.10/site-packages/sklearn/utils/validation.py:1143: DataConversionWarning: A column-vector y was passed when a 1d array was expected. Please change the shape of y to (n_samples, ), for example using ravel().
  y = column_or_1d(y, warn=True)
/home/rsethi1/venv/lib/python3.10/site-packages/sklearn/utils/validation.py:1143: DataConversionWarning: A column-vector y was passed when a 1d array was expected. Please change the shape of y to (n_samples, ), for example using ravel().
  y = column_or_1d(y, warn=True)
/home/rsethi1/venv/lib/python3.10/site-packages/sklearn/utils/validation.py:1143: DataConversionWarning: A column-vector y was passed when a 1d array was expected. Please change the shape of y to (n_samples, ), for example using ravel().
  y = column_or_1d(y, warn=True)
/home/rsethi1/venv/lib/python3.10/site-packages/sklearn/utils/validation.py:1143: DataConversionWarning: A column-vector y was passed when a 1d array was expected. Please change the shape of y to (n_samples, ), for example using ravel().
  y = column_or_1d(y, warn=True)
/home/rsethi1/venv/lib/python3.10/site-packages/sklearn/utils/validation.py:1143: DataConversionWarning: A column-vector y was passed when a 1d array was expected. Please change the shape of y to (n_samples, ), for example using ravel().
  y = column_or_1d(y, warn=True)
/home/rsethi1/venv/lib/python3.10/site-packages/sklearn/utils/validation.py:1143: DataConversionWarning: A column-vector y was passed when a 1d array was expected. Please change the shape of y to (n_samples, ), for example using ravel().
  y = column_or_1d(y, warn=True)
/home/rsethi1/venv/lib/python3.10/site-packages/sklearn/utils/validation.py:1143: DataConversionWarning: A column-vector y was passed when a 1d array was expected. Please change the shape of y to (n_samples, ), for example using ravel().
  y = column_or_1d(y, warn=True)
/home/rsethi1/venv/lib/python3.10/site-packages/sklearn/utils/validation.py:1143: DataConversionWarning: A column-vector y was passed when a 1d array was expected. Please change the shape of y to (n_samples, ), for example using ravel().
  y = column_or_1d(y, warn=True)
/home/rsethi1/venv/lib/python3.10/site-packages/sklearn/utils/validation.py:1143: DataConversionWarning: A column-vector y was passed when a 1d array was expected. Please change the shape of y to (n_samples, ), for example using ravel().
  y = column_or_1d(y, warn=True)
/home/rsethi1/venv/lib/python3.10/site-packages/sklearn/utils/validation.py:1143: DataConversionWarning: A column-vector y was passed when a 1d array was expected. Please change the shape of y to (n_samples, ), for example using ravel().
  y = column_or_1d(y, warn=True)
/home/rsethi1/venv/lib/python3.10/site-packages/sklearn/utils/validation.py:1143: DataConversionWarning: A column-vector y was passed when a 1d array was expected. Please change the shape of y to (n_samples, ), for example using ravel().
  y = column_or_1d(y, warn=True)
/home/rsethi1/venv/lib/python3.10/site-packages/sklearn/utils/validation.py:1143: DataConversionWarning: A column-vector y was passed when a 1d array was expected. Please change the shape of y to (n_samples, ), for example using ravel().
  y = column_or_1d(y, warn=True)
/home/rsethi1/venv/lib/python3.10/site-packages/sklearn/utils/validation.py:1143: DataConversionWarning: A column-vector y was passed when a 1d array was expected. Please change the shape of y to (n_samples, ), for example using ravel().
  y = column_or_1d(y, warn=True)
/home/rsethi1/venv/lib/python3.10/site-packages/sklearn/utils/validation.py:1143: DataConversionWarning: A column-vector y was passed when a 1d array was expected. Please change the shape of y to (n_samples, ), for example using ravel().
  y = column_or_1d(y, warn=True)
/home/rsethi1/venv/lib/python3.10/site-packages/sklearn/utils/validation.py:1143: DataConversionWarning: A column-vector y was passed when a 1d array was expected. Please change the shape of y to (n_samples, ), for example using ravel().
  y = column_or_1d(y, warn=True)
/home/rsethi1/venv/lib/python3.10/site-packages/sklearn/utils/validation.py:1143: DataConversionWarning: A column-vector y was passed when a 1d array was expected. Please change the shape of y to (n_samples, ), for example using ravel().
  y = column_or_1d(y, warn=True)
/home/rsethi1/venv/lib/python3.10/site-packages/sklearn/utils/validation.py:1143: DataConversionWarning: A column-vector y was passed when a 1d array was expected. Please change the shape of y to (n_samples, ), for example using ravel().
  y = column_or_1d(y, warn=True)
/home/rsethi1/venv/lib/python3.10/site-packages/sklearn/utils/validation.py:1143: DataConversionWarning: A column-vector y was passed when a 1d array was expected. Please change the shape of y to (n_samples, ), for example using ravel().
  y = column_or_1d(y, warn=True)
/home/rsethi1/venv/lib/python3.10/site-packages/sklearn/utils/validation.py:1143: DataConversionWarning: A column-vector y was passed when a 1d array was expected. Please change the shape of y to (n_samples, ), for example using ravel().
  y = column_or_1d(y, warn=True)
/home/rsethi1/venv/lib/python3.10/site-packages/sklearn/utils/validation.py:1143: DataConversionWarning: A column-vector y was passed when a 1d array was expected. Please change the shape of y to (n_samples, ), for example using ravel().
  y = column_or_1d(y, warn=True)
/home/rsethi1/venv/lib/python3.10/site-packages/sklearn/utils/validation.py:1143: DataConversionWarning: A column-vector y was passed when a 1d array was expected. Please change the shape of y to (n_samples, ), for example using ravel().
  y = column_or_1d(y, warn=True)
/home/rsethi1/venv/lib/python3.10/site-packages/sklearn/utils/validation.py:1143: DataConversionWarning: A column-vector y was passed when a 1d array was expected. Please change the shape of y to (n_samples, ), for example using ravel().
  y = column_or_1d(y, warn=True)
/home/rsethi1/venv/lib/python3.10/site-packages/sklearn/utils/validation.py:1143: DataConversionWarning: A column-vector y was passed when a 1d array was expected. Please change the shape of y to (n_samples, ), for example using ravel().
  y = column_or_1d(y, warn=True)
/home/rsethi1/venv/lib/python3.10/site-packages/sklearn/utils/validation.py:1143: DataConversionWarning: A column-vector y was passed when a 1d array was expected. Please change the shape of y to (n_samples, ), for example using ravel().
  y = column_or_1d(y, warn=True)
/home/rsethi1/venv/lib/python3.10/site-packages/sklearn/utils/validation.py:1143: DataConversionWarning: A column-vector y was passed when a 1d array was expected. Please change the shape of y to (n_samples, ), for example using ravel().
  y = column_or_1d(y, warn=True)
/home/rsethi1/venv/lib/python3.10/site-packages/sklearn/utils/validation.py:1143: DataConversionWarning: A column-vector y was passed when a 1d array was expected. Please change the shape of y to (n_samples, ), for example using ravel().
  y = column_or_1d(y, warn=True)
/home/rsethi1/venv/lib/python3.10/site-packages/sklearn/utils/validation.py:1143: DataConversionWarning: A column-vector y was passed when a 1d array was expected. Please change the shape of y to (n_samples, ), for example using ravel().
  y = column_or_1d(y, warn=True)
/home/rsethi1/venv/lib/python3.10/site-packages/sklearn/utils/validation.py:1143: DataConversionWarning: A column-vector y was passed when a 1d array was expected. Please change the shape of y to (n_samples, ), for example using ravel().
  y = column_or_1d(y, warn=True)
/home/rsethi1/venv/lib/python3.10/site-packages/sklearn/utils/validation.py:1143: DataConversionWarning: A column-vector y was passed when a 1d array was expected. Please change the shape of y to (n_samples, ), for example using ravel().
  y = column_or_1d(y, warn=True)
/home/rsethi1/venv/lib/python3.10/site-packages/sklearn/utils/validation.py:1143: DataConversionWarning: A column-vector y was passed when a 1d array was expected. Please change the shape of y to (n_samples, ), for example using ravel().
  y = column_or_1d(y, warn=True)
/home/rsethi1/venv/lib/python3.10/site-packages/sklearn/utils/validation.py:1143: DataConversionWarning: A column-vector y was passed when a 1d array was expected. Please change the shape of y to (n_samples, ), for example using ravel().
  y = column_or_1d(y, warn=True)
/home/rsethi1/venv/lib/python3.10/site-packages/sklearn/utils/validation.py:1143: DataConversionWarning: A column-vector y was passed when a 1d array was expected. Please change the shape of y to (n_samples, ), for example using ravel().
  y = column_or_1d(y, warn=True)
/home/rsethi1/venv/lib/python3.10/site-packages/sklearn/utils/validation.py:1143: DataConversionWarning: A column-vector y was passed when a 1d array was expected. Please change the shape of y to (n_samples, ), for example using ravel().
  y = column_or_1d(y, warn=True)
/home/rsethi1/venv/lib/python3.10/site-packages/sklearn/utils/validation.py:1143: DataConversionWarning: A column-vector y was passed when a 1d array was expected. Please change the shape of y to (n_samples, ), for example using ravel().
  y = column_or_1d(y, warn=True)
/home/rsethi1/venv/lib/python3.10/site-packages/sklearn/utils/validation.py:1143: DataConversionWarning: A column-vector y was passed when a 1d array was expected. Please change the shape of y to (n_samples, ), for example using ravel().
  y = column_or_1d(y, warn=True)
/home/rsethi1/venv/lib/python3.10/site-packages/sklearn/utils/validation.py:1143: DataConversionWarning: A column-vector y was passed when a 1d array was expected. Please change the shape of y to (n_samples, ), for example using ravel().
  y = column_or_1d(y, warn=True)
/home/rsethi1/venv/lib/python3.10/site-packages/sklearn/utils/validation.py:1143: DataConversionWarning: A column-vector y was passed when a 1d array was expected. Please change the shape of y to (n_samples, ), for example using ravel().
  y = column_or_1d(y, warn=True)
/home/rsethi1/venv/lib/python3.10/site-packages/sklearn/utils/validation.py:1143: DataConversionWarning: A column-vector y was passed when a 1d array was expected. Please change the shape of y to (n_samples, ), for example using ravel().
  y = column_or_1d(y, warn=True)
/home/rsethi1/venv/lib/python3.10/site-packages/sklearn/utils/validation.py:1143: DataConversionWarning: A column-vector y was passed when a 1d array was expected. Please change the shape of y to (n_samples, ), for example using ravel().
  y = column_or_1d(y, warn=True)
/home/rsethi1/venv/lib/python3.10/site-packages/sklearn/utils/validation.py:1143: DataConversionWarning: A column-vector y was passed when a 1d array was expected. Please change the shape of y to (n_samples, ), for example using ravel().
  y = column_or_1d(y, warn=True)
/home/rsethi1/venv/lib/python3.10/site-packages/sklearn/utils/validation.py:1143: DataConversionWarning: A column-vector y was passed when a 1d array was expected. Please change the shape of y to (n_samples, ), for example using ravel().
  y = column_or_1d(y, warn=True)
/home/rsethi1/venv/lib/python3.10/site-packages/sklearn/utils/validation.py:1143: DataConversionWarning: A column-vector y was passed when a 1d array was expected. Please change the shape of y to (n_samples, ), for example using ravel().
  y = column_or_1d(y, warn=True)
/home/rsethi1/venv/lib/python3.10/site-packages/sklearn/utils/validation.py:1143: DataConversionWarning: A column-vector y was passed when a 1d array was expected. Please change the shape of y to (n_samples, ), for example using ravel().
  y = column_or_1d(y, warn=True)
/home/rsethi1/venv/lib/python3.10/site-packages/sklearn/utils/validation.py:1143: DataConversionWarning: A column-vector y was passed when a 1d array was expected. Please change the shape of y to (n_samples, ), for example using ravel().
  y = column_or_1d(y, warn=True)
/home/rsethi1/venv/lib/python3.10/site-packages/sklearn/utils/validation.py:1143: DataConversionWarning: A column-vector y was passed when a 1d array was expected. Please change the shape of y to (n_samples, ), for example using ravel().
  y = column_or_1d(y, warn=True)
/home/rsethi1/venv/lib/python3.10/site-packages/sklearn/utils/validation.py:1143: DataConversionWarning: A column-vector y was passed when a 1d array was expected. Please change the shape of y to (n_samples, ), for example using ravel().
  y = column_or_1d(y, warn=True)
/home/rsethi1/venv/lib/python3.10/site-packages/sklearn/utils/validation.py:1143: DataConversionWarning: A column-vector y was passed when a 1d array was expected. Please change the shape of y to (n_samples, ), for example using ravel().
  y = column_or_1d(y, warn=True)
/home/rsethi1/venv/lib/python3.10/site-packages/sklearn/utils/validation.py:1143: DataConversionWarning: A column-vector y was passed when a 1d array was expected. Please change the shape of y to (n_samples, ), for example using ravel().
  y = column_or_1d(y, warn=True)
/home/rsethi1/venv/lib/python3.10/site-packages/sklearn/utils/validation.py:1143: DataConversionWarning: A column-vector y was passed when a 1d array was expected. Please change the shape of y to (n_samples, ), for example using ravel().
  y = column_or_1d(y, warn=True)
/home/rsethi1/venv/lib/python3.10/site-packages/sklearn/utils/validation.py:1143: DataConversionWarning: A column-vector y was passed when a 1d array was expected. Please change the shape of y to (n_samples, ), for example using ravel().
  y = column_or_1d(y, warn=True)
Model stored to the following path: ./models/svmCrossVal.pkl
ROC curve saved to ./results/rocs/svmCrossValROC.png
Confusion Matrix Stored at ./results/cms/svmCrossValCM.png!
Entry stored to ./results/results.csv
[CV 1/5] END C=0.0001, gamma=0.0001, kernel=linear;, score=0.000 total time=   0.1s
[CV 2/5] END C=0.0001, gamma=0.0001, kernel=rbf;, score=0.000 total time=   0.0s
[CV 2/5] END C=0.0001, gamma=0.01, kernel=linear;, score=0.000 total time=   0.0s
[CV 1/5] END ..C=0.0001, gamma=0.01, kernel=rbf;, score=0.000 total time=   0.0s
[CV 5/5] END ..C=0.0001, gamma=0.01, kernel=rbf;, score=0.000 total time=   0.0s
[CV 4/5] END ..C=0.0001, gamma=1, kernel=linear;, score=0.000 total time=   0.0s
[CV 3/5] END .....C=0.0001, gamma=1, kernel=rbf;, score=0.000 total time=   0.0s
[CV 5/5] END C=0.0001, gamma=100, kernel=linear;, score=0.000 total time=   0.0s
[CV 1/5] END ...C=0.0001, gamma=100, kernel=rbf;, score=0.000 total time=   0.0s
[CV 3/5] END C=0.0001, gamma=10000, kernel=linear;, score=0.000 total time=   0.0s
[CV 4/5] END C=0.0001, gamma=10000, kernel=linear;, score=0.000 total time=   0.0s
[CV 2/5] END ..C=0.01, gamma=0.0001, kernel=rbf;, score=0.000 total time=   0.0s
[CV 3/5] END ..C=0.01, gamma=0.0001, kernel=rbf;, score=0.000 total time=   0.0s
[CV 4/5] END ..C=0.01, gamma=0.0001, kernel=rbf;, score=0.000 total time=   0.0s
[CV 5/5] END ..C=0.01, gamma=0.0001, kernel=rbf;, score=0.000 total time=   0.0s
[CV 3/5] END ....C=0.01, gamma=1, kernel=linear;, score=0.000 total time=   0.0s
[CV 4/5] END ....C=0.01, gamma=1, kernel=linear;, score=0.000 total time=   0.0s
[CV 5/5] END ....C=0.01, gamma=1, kernel=linear;, score=0.000 total time=   0.0s
[CV 1/5] END .......C=0.01, gamma=1, kernel=rbf;, score=0.000 total time=   0.0s
[CV 1/5] END ..C=1, gamma=0.0001, kernel=linear;, score=0.690 total time=   0.0s
[CV 2/5] END ..C=1, gamma=0.0001, kernel=linear;, score=0.759 total time=   0.0s
[CV 3/5] END ..C=1, gamma=0.0001, kernel=linear;, score=0.621 total time=   0.0s
[CV 4/5] END ..C=1, gamma=0.0001, kernel=linear;, score=0.846 total time=   0.0s
[CV 5/5] END ..C=1, gamma=0.0001, kernel=linear;, score=0.769 total time=   0.0s
[CV 1/5] END .....C=1, gamma=0.0001, kernel=rbf;, score=0.000 total time=   0.0s
[CV 2/5] END .....C=1, gamma=0.0001, kernel=rbf;, score=0.000 total time=   0.0s
[CV 3/5] END .....C=1, gamma=0.0001, kernel=rbf;, score=0.000 total time=   0.0s
[CV 5/5] END .......C=1, gamma=1, kernel=linear;, score=0.769 total time=   0.0s
[CV 1/5] END ..........C=1, gamma=1, kernel=rbf;, score=0.714 total time=   0.0s
[CV 2/5] END ..........C=1, gamma=1, kernel=rbf;, score=0.759 total time=   0.0s
[CV 3/5] END ..........C=1, gamma=1, kernel=rbf;, score=0.621 total time=   0.0s
[CV 4/5] END ..........C=1, gamma=1, kernel=rbf;, score=0.846 total time=   0.0s
[CV 5/5] END ..........C=1, gamma=1, kernel=rbf;, score=0.769 total time=   0.0s
[CV 1/5] END .....C=1, gamma=100, kernel=linear;, score=0.690 total time=   0.0s
[CV 2/5] END .....C=1, gamma=100, kernel=linear;, score=0.759 total time=   0.0s
[CV 2/5] END ...C=100, gamma=0.0001, kernel=rbf;, score=0.000 total time=   0.0s
[CV 3/5] END ...C=100, gamma=0.0001, kernel=rbf;, score=0.000 total time=   0.0s
[CV 4/5] END ...C=100, gamma=0.0001, kernel=rbf;, score=0.000 total time=   0.0s
[CV 5/5] END ...C=100, gamma=0.0001, kernel=rbf;, score=0.000 total time=   0.0s
[CV 1/5] END ..C=100, gamma=0.01, kernel=linear;, score=0.727 total time=   0.0s
[CV 2/5] END ..C=100, gamma=0.01, kernel=linear;, score=0.846 total time=   0.0s
[CV 3/5] END ..C=100, gamma=0.01, kernel=linear;, score=0.800 total time=   0.0s
[CV 4/5] END ..C=100, gamma=0.01, kernel=linear;, score=0.957 total time=   0.0s
[CV 5/5] END ..C=100, gamma=0.01, kernel=linear;, score=0.846 total time=   0.0s
[CV 1/5] END .....C=100, gamma=0.01, kernel=rbf;, score=0.714 total time=   0.0s
[CV 2/5] END .....C=100, gamma=0.01, kernel=rbf;, score=0.759 total time=   0.0s
[CV 3/5] END .....C=100, gamma=0.01, kernel=rbf;, score=0.621 total time=   0.0s
[CV 4/5] END .....C=100, gamma=0.01, kernel=rbf;, score=0.846 total time=   0.0s
[CV 5/5] END .....C=100, gamma=0.01, kernel=rbf;, score=0.769 total time=   0.0s
[CV 1/5] END .....C=100, gamma=1, kernel=linear;, score=0.727 total time=   0.0s
[CV 2/5] END .....C=100, gamma=1, kernel=linear;, score=0.846 total time=   0.0s
[CV 5/5] END C=10000, gamma=0.0001, kernel=linear;, score=0.846 total time=   0.1s
[CV 3/5] END C=10000, gamma=0.01, kernel=linear;, score=0.846 total time=   0.1s
[CV 1/5] END ...C=10000, gamma=1, kernel=linear;, score=0.727 total time=   0.1s
[CV 5/5] END ...C=10000, gamma=1, kernel=linear;, score=0.846 total time=   0.1s
[CV 4/5] END ......C=10000, gamma=1, kernel=rbf;, score=0.667 total time=   0.0s
[CV 2/5] END .C=10000, gamma=100, kernel=linear;, score=0.846 total time=   0.1s
[CV 5/5] END .C=10000, gamma=100, kernel=linear;, score=0.846 total time=   0.1s
[CV 3/5] END ....C=10000, gamma=100, kernel=rbf;, score=0.636 total time=   0.0s
[CV 1/5] END C=10000, gamma=10000, kernel=linear;, score=0.727 total time=   0.1s
[CV 1/5] END ..C=10000, gamma=10000, kernel=rbf;, score=0.000 total time=   0.0s
[CV 2/5] END ..C=10000, gamma=10000, kernel=rbf;, score=0.000 total time=   0.0s
[CV 4/5] END ..C=10000, gamma=10000, kernel=rbf;, score=0.000 total time=   0.0s
[CV 3/5] END C=0.0001, gamma=0.0001, kernel=linear;, score=0.000 total time=   0.0s
[CV 3/5] END C=0.0001, gamma=0.0001, kernel=rbf;, score=0.000 total time=   0.0s
[CV 1/5] END C=0.0001, gamma=0.01, kernel=linear;, score=0.000 total time=   0.0s
[CV 5/5] END C=0.0001, gamma=0.01, kernel=linear;, score=0.000 total time=   0.0s
[CV 4/5] END ..C=0.0001, gamma=0.01, kernel=rbf;, score=0.000 total time=   0.0s
[CV 3/5] END ..C=0.0001, gamma=1, kernel=linear;, score=0.000 total time=   0.0s
[CV 2/5] END .....C=0.0001, gamma=1, kernel=rbf;, score=0.000 total time=   0.0s
[CV 3/5] END C=0.0001, gamma=100, kernel=linear;, score=0.000 total time=   0.0s
[CV 4/5] END C=0.0001, gamma=100, kernel=linear;, score=0.000 total time=   0.0s
[CV 4/5] END ...C=0.0001, gamma=100, kernel=rbf;, score=0.000 total time=   0.0s
[CV 5/5] END ...C=0.0001, gamma=100, kernel=rbf;, score=0.000 total time=   0.0s
[CV 3/5] END C=0.01, gamma=0.0001, kernel=linear;, score=0.000 total time=   0.0s
[CV 4/5] END C=0.01, gamma=0.0001, kernel=linear;, score=0.000 total time=   0.0s
[CV 5/5] END C=0.01, gamma=0.0001, kernel=linear;, score=0.000 total time=   0.0s
[CV 1/5] END ..C=0.01, gamma=0.0001, kernel=rbf;, score=0.000 total time=   0.0s
[CV 5/5] END .C=0.01, gamma=0.01, kernel=linear;, score=0.000 total time=   0.0s
[CV 1/5] END ....C=0.01, gamma=0.01, kernel=rbf;, score=0.000 total time=   0.0s
[CV 2/5] END ....C=0.01, gamma=0.01, kernel=rbf;, score=0.000 total time=   0.0s
[CV 3/5] END ....C=0.01, gamma=0.01, kernel=rbf;, score=0.000 total time=   0.0s
[CV 5/5] END ..C=0.01, gamma=100, kernel=linear;, score=0.000 total time=   0.0s
[CV 1/5] END .....C=0.01, gamma=100, kernel=rbf;, score=0.000 total time=   0.0s
[CV 2/5] END .....C=0.01, gamma=100, kernel=rbf;, score=0.000 total time=   0.0s
[CV 3/5] END .....C=0.01, gamma=100, kernel=rbf;, score=0.000 total time=   0.0s
[CV 4/5] END .....C=0.01, gamma=100, kernel=rbf;, score=0.000 total time=   0.0s
[CV 5/5] END .....C=0.01, gamma=100, kernel=rbf;, score=0.000 total time=   0.0s
[CV 1/5] END C=0.01, gamma=10000, kernel=linear;, score=0.000 total time=   0.0s
[CV 2/5] END C=0.01, gamma=10000, kernel=linear;, score=0.000 total time=   0.0s
[CV 2/5] END .......C=1, gamma=0.01, kernel=rbf;, score=0.000 total time=   0.0s
[CV 3/5] END .......C=1, gamma=0.01, kernel=rbf;, score=0.000 total time=   0.0s
[CV 4/5] END .......C=1, gamma=0.01, kernel=rbf;, score=0.000 total time=   0.2s
[CV 5/5] END .......C=1, gamma=0.01, kernel=rbf;, score=0.000 total time=   0.0s
[CV 1/5] END .......C=1, gamma=1, kernel=linear;, score=0.690 total time=   0.0s
[CV 2/5] END .......C=1, gamma=1, kernel=linear;, score=0.759 total time=   0.0s
[CV 3/5] END .......C=1, gamma=1, kernel=linear;, score=0.621 total time=   0.0s
[CV 4/5] END .......C=1, gamma=1, kernel=linear;, score=0.846 total time=   0.0s
[CV 4/5] END ......C=100, gamma=100, kernel=rbf;, score=0.778 total time=   0.0s
[CV 5/5] END ......C=100, gamma=100, kernel=rbf;, score=0.720 total time=   0.0s
[CV 1/5] END .C=100, gamma=10000, kernel=linear;, score=0.727 total time=   0.0s
[CV 2/5] END .C=100, gamma=10000, kernel=linear;, score=0.846 total time=   0.0s
[CV 3/5] END .C=100, gamma=10000, kernel=linear;, score=0.800 total time=   0.0s
[CV 4/5] END .C=100, gamma=10000, kernel=linear;, score=0.957 total time=   0.0s
[CV 5/5] END .C=100, gamma=10000, kernel=linear;, score=0.846 total time=   0.0s
[CV 1/5] END ....C=100, gamma=10000, kernel=rbf;, score=0.000 total time=   0.0s
[CV 2/5] END ....C=100, gamma=10000, kernel=rbf;, score=0.000 total time=   0.0s
[CV 3/5] END ....C=100, gamma=10000, kernel=rbf;, score=0.000 total time=   0.0s
[CV 4/5] END ....C=100, gamma=10000, kernel=rbf;, score=0.000 total time=   0.0s
[CV 5/5] END ....C=100, gamma=10000, kernel=rbf;, score=0.000 total time=   0.0s
[CV 1/5] END C=10000, gamma=0.0001, kernel=linear;, score=0.727 total time=   0.2s
[CV 2/5] END C=10000, gamma=0.0001, kernel=linear;, score=0.846 total time=   0.1s
[CV 3/5] END C=10000, gamma=0.0001, kernel=linear;, score=0.846 total time=   0.1s
[CV 4/5] END C=10000, gamma=0.0001, kernel=linear;, score=0.909 total time=   0.1s
[CV 1/5] END ....C=10000, gamma=100, kernel=rbf;, score=0.667 total time=   0.0s
[CV 4/5] END ....C=10000, gamma=100, kernel=rbf;, score=0.778 total time=   0.0s
[CV 2/5] END C=10000, gamma=10000, kernel=linear;, score=0.846 total time=   0.1s
[CV 5/5] END C=10000, gamma=10000, kernel=linear;, score=0.846 total time=   0.1s
[CV 4/5] END C=0.0001, gamma=0.0001, kernel=linear;, score=0.000 total time=   0.0s
[CV 5/5] END C=0.0001, gamma=0.0001, kernel=linear;, score=0.000 total time=   0.0s
[CV 1/5] END C=0.0001, gamma=0.0001, kernel=rbf;, score=0.000 total time=   0.0s
[CV 5/5] END C=0.0001, gamma=0.0001, kernel=rbf;, score=0.000 total time=   0.0s
[CV 4/5] END C=0.0001, gamma=0.01, kernel=linear;, score=0.000 total time=   0.0s
[CV 3/5] END ..C=0.0001, gamma=0.01, kernel=rbf;, score=0.000 total time=   0.0s
[CV 2/5] END ..C=0.0001, gamma=1, kernel=linear;, score=0.000 total time=   0.0s
[CV 1/5] END .....C=0.0001, gamma=1, kernel=rbf;, score=0.000 total time=   0.0s
[CV 1/5] END C=0.0001, gamma=100, kernel=linear;, score=0.000 total time=   0.0s
[CV 2/5] END C=0.0001, gamma=100, kernel=linear;, score=0.000 total time=   0.0s
[CV 1/5] END C=0.0001, gamma=10000, kernel=linear;, score=0.000 total time=   0.0s
[CV 2/5] END C=0.0001, gamma=10000, kernel=linear;, score=0.000 total time=   0.0s
[CV 4/5] END .C=0.0001, gamma=10000, kernel=rbf;, score=0.000 total time=   0.0s
[CV 5/5] END .C=0.0001, gamma=10000, kernel=rbf;, score=0.000 total time=   0.0s
[CV 1/5] END C=0.01, gamma=0.0001, kernel=linear;, score=0.000 total time=   0.0s
[CV 2/5] END C=0.01, gamma=0.0001, kernel=linear;, score=0.000 total time=   0.0s
[CV 4/5] END ....C=0.01, gamma=0.01, kernel=rbf;, score=0.000 total time=   0.0s
[CV 5/5] END ....C=0.01, gamma=0.01, kernel=rbf;, score=0.000 total time=   0.0s
[CV 1/5] END ....C=0.01, gamma=1, kernel=linear;, score=0.000 total time=   0.0s
[CV 2/5] END ....C=0.01, gamma=1, kernel=linear;, score=0.000 total time=   0.0s
[CV 3/5] END C=0.01, gamma=10000, kernel=linear;, score=0.000 total time=   0.0s
[CV 4/5] END C=0.01, gamma=10000, kernel=linear;, score=0.000 total time=   0.0s
[CV 5/5] END C=0.01, gamma=10000, kernel=linear;, score=0.000 total time=   0.0s
[CV 1/5] END ...C=0.01, gamma=10000, kernel=rbf;, score=0.000 total time=   0.0s
[CV 2/5] END ...C=0.01, gamma=10000, kernel=rbf;, score=0.000 total time=   0.0s
[CV 3/5] END ...C=0.01, gamma=10000, kernel=rbf;, score=0.000 total time=   0.0s
[CV 4/5] END ...C=0.01, gamma=10000, kernel=rbf;, score=0.000 total time=   0.0s
[CV 5/5] END ...C=0.01, gamma=10000, kernel=rbf;, score=0.000 total time=   0.0s
[CV 3/5] END .....C=1, gamma=100, kernel=linear;, score=0.621 total time=   0.0s
[CV 4/5] END .....C=1, gamma=100, kernel=linear;, score=0.846 total time=   0.0s
[CV 5/5] END .....C=1, gamma=100, kernel=linear;, score=0.769 total time=   0.0s
[CV 1/5] END ........C=1, gamma=100, kernel=rbf;, score=0.727 total time=   0.0s
[CV 2/5] END ........C=1, gamma=100, kernel=rbf;, score=0.800 total time=   0.0s
[CV 3/5] END ........C=1, gamma=100, kernel=rbf;, score=0.636 total time=   0.0s
[CV 4/5] END ........C=1, gamma=100, kernel=rbf;, score=0.952 total time=   0.0s
[CV 5/5] END ........C=1, gamma=100, kernel=rbf;, score=0.727 total time=   0.0s
[CV 3/5] END .....C=100, gamma=1, kernel=linear;, score=0.800 total time=   0.0s
[CV 4/5] END .....C=100, gamma=1, kernel=linear;, score=0.957 total time=   0.0s
[CV 5/5] END .....C=100, gamma=1, kernel=linear;, score=0.846 total time=   0.0s
[CV 1/5] END ........C=100, gamma=1, kernel=rbf;, score=0.833 total time=   0.0s
[CV 2/5] END ........C=100, gamma=1, kernel=rbf;, score=0.846 total time=   0.0s
[CV 3/5] END ........C=100, gamma=1, kernel=rbf;, score=0.769 total time=   0.0s
[CV 4/5] END ........C=100, gamma=1, kernel=rbf;, score=0.900 total time=   0.0s
[CV 5/5] END ........C=100, gamma=1, kernel=rbf;, score=0.815 total time=   0.0s
[CV 1/5] END ...C=100, gamma=100, kernel=linear;, score=0.727 total time=   0.0s
[CV 2/5] END ...C=100, gamma=100, kernel=linear;, score=0.846 total time=   0.0s
[CV 3/5] END ...C=100, gamma=100, kernel=linear;, score=0.800 total time=   0.0s
[CV 4/5] END ...C=100, gamma=100, kernel=linear;, score=0.957 total time=   0.0s
[CV 5/5] END ...C=100, gamma=100, kernel=linear;, score=0.846 total time=   0.0s
[CV 1/5] END ......C=100, gamma=100, kernel=rbf;, score=0.600 total time=   0.0s
[CV 2/5] END ......C=100, gamma=100, kernel=rbf;, score=0.846 total time=   0.0s
[CV 3/5] END ......C=100, gamma=100, kernel=rbf;, score=0.636 total time=   0.0s
[CV 1/5] END .C=10000, gamma=0.0001, kernel=rbf;, score=0.714 total time=   0.0s
[CV 2/5] END .C=10000, gamma=0.0001, kernel=rbf;, score=0.759 total time=   0.0s
[CV 3/5] END .C=10000, gamma=0.0001, kernel=rbf;, score=0.621 total time=   0.0s
[CV 4/5] END .C=10000, gamma=0.0001, kernel=rbf;, score=0.846 total time=   0.0s
[CV 5/5] END .C=10000, gamma=0.0001, kernel=rbf;, score=0.769 total time=   0.0s
[CV 2/5] END C=10000, gamma=0.01, kernel=linear;, score=0.846 total time=   0.1s
[CV 5/5] END C=10000, gamma=0.01, kernel=linear;, score=0.846 total time=   0.1s
[CV 5/5] END ...C=10000, gamma=0.01, kernel=rbf;, score=0.846 total time=   0.0s
[CV 3/5] END ...C=10000, gamma=1, kernel=linear;, score=0.846 total time=   0.1s
[CV 1/5] END ......C=10000, gamma=1, kernel=rbf;, score=0.833 total time=   0.0s
[CV 3/5] END ......C=10000, gamma=1, kernel=rbf;, score=0.800 total time=   0.0s
[CV 1/5] END .C=10000, gamma=100, kernel=linear;, score=0.727 total time=   0.1s
[CV 4/5] END .C=10000, gamma=100, kernel=linear;, score=0.909 total time=   0.1s
[CV 2/5] END ....C=10000, gamma=100, kernel=rbf;, score=0.846 total time=   0.0s
[CV 5/5] END ....C=10000, gamma=100, kernel=rbf;, score=0.692 total time=   0.0s
[CV 3/5] END C=10000, gamma=10000, kernel=linear;, score=0.846 total time=   0.1s
[CV 3/5] END ..C=10000, gamma=10000, kernel=rbf;, score=0.000 total time=   0.0s
[CV 5/5] END ..C=10000, gamma=10000, kernel=rbf;, score=0.000 total time=   0.0s
[CV 2/5] END C=0.0001, gamma=0.0001, kernel=linear;, score=0.000 total time=   0.0s
[CV 4/5] END C=0.0001, gamma=0.0001, kernel=rbf;, score=0.000 total time=   0.0s
[CV 3/5] END C=0.0001, gamma=0.01, kernel=linear;, score=0.000 total time=   0.0s
[CV 2/5] END ..C=0.0001, gamma=0.01, kernel=rbf;, score=0.000 total time=   0.0s
[CV 1/5] END ..C=0.0001, gamma=1, kernel=linear;, score=0.000 total time=   0.0s
[CV 5/5] END ..C=0.0001, gamma=1, kernel=linear;, score=0.000 total time=   0.0s
[CV 4/5] END .....C=0.0001, gamma=1, kernel=rbf;, score=0.000 total time=   0.0s
[CV 5/5] END .....C=0.0001, gamma=1, kernel=rbf;, score=0.000 total time=   0.0s
[CV 2/5] END ...C=0.0001, gamma=100, kernel=rbf;, score=0.000 total time=   0.0s
[CV 3/5] END ...C=0.0001, gamma=100, kernel=rbf;, score=0.000 total time=   0.0s
[CV 5/5] END C=0.0001, gamma=10000, kernel=linear;, score=0.000 total time=   0.0s
[CV 1/5] END .C=0.0001, gamma=10000, kernel=rbf;, score=0.000 total time=   0.0s
[CV 2/5] END .C=0.0001, gamma=10000, kernel=rbf;, score=0.000 total time=   0.0s
[CV 3/5] END .C=0.0001, gamma=10000, kernel=rbf;, score=0.000 total time=   0.0s
[CV 1/5] END .C=0.01, gamma=0.01, kernel=linear;, score=0.000 total time=   0.0s
[CV 2/5] END .C=0.01, gamma=0.01, kernel=linear;, score=0.000 total time=   0.0s
[CV 3/5] END .C=0.01, gamma=0.01, kernel=linear;, score=0.000 total time=   0.0s
[CV 4/5] END .C=0.01, gamma=0.01, kernel=linear;, score=0.000 total time=   0.0s
[CV 2/5] END .......C=0.01, gamma=1, kernel=rbf;, score=0.000 total time=   0.0s
[CV 3/5] END .......C=0.01, gamma=1, kernel=rbf;, score=0.000 total time=   0.0s
[CV 4/5] END .......C=0.01, gamma=1, kernel=rbf;, score=0.000 total time=   0.0s
[CV 5/5] END .......C=0.01, gamma=1, kernel=rbf;, score=0.000 total time=   0.0s
[CV 1/5] END ..C=0.01, gamma=100, kernel=linear;, score=0.000 total time=   0.0s
[CV 2/5] END ..C=0.01, gamma=100, kernel=linear;, score=0.000 total time=   0.0s
[CV 3/5] END ..C=0.01, gamma=100, kernel=linear;, score=0.000 total time=   0.0s
[CV 4/5] END ..C=0.01, gamma=100, kernel=linear;, score=0.000 total time=   0.0s
[CV 4/5] END .....C=1, gamma=0.0001, kernel=rbf;, score=0.000 total time=   0.0s
[CV 5/5] END .....C=1, gamma=0.0001, kernel=rbf;, score=0.000 total time=   0.0s
[CV 1/5] END ....C=1, gamma=0.01, kernel=linear;, score=0.690 total time=   0.0s
[CV 2/5] END ....C=1, gamma=0.01, kernel=linear;, score=0.759 total time=   0.0s
[CV 3/5] END ....C=1, gamma=0.01, kernel=linear;, score=0.621 total time=   0.0s
[CV 4/5] END ....C=1, gamma=0.01, kernel=linear;, score=0.846 total time=   0.0s
[CV 5/5] END ....C=1, gamma=0.01, kernel=linear;, score=0.769 total time=   0.0s
[CV 1/5] END .......C=1, gamma=0.01, kernel=rbf;, score=0.000 total time=   0.0s
[CV 1/5] END ...C=1, gamma=10000, kernel=linear;, score=0.690 total time=   0.0s
[CV 2/5] END ...C=1, gamma=10000, kernel=linear;, score=0.759 total time=   0.0s
[CV 3/5] END ...C=1, gamma=10000, kernel=linear;, score=0.621 total time=   0.0s
[CV 4/5] END ...C=1, gamma=10000, kernel=linear;, score=0.846 total time=   0.0s
[CV 5/5] END ...C=1, gamma=10000, kernel=linear;, score=0.769 total time=   0.0s
[CV 1/5] END ......C=1, gamma=10000, kernel=rbf;, score=0.000 total time=   0.0s
[CV 2/5] END ......C=1, gamma=10000, kernel=rbf;, score=0.000 total time=   0.0s
[CV 3/5] END ......C=1, gamma=10000, kernel=rbf;, score=0.000 total time=   0.0s
[CV 4/5] END ......C=1, gamma=10000, kernel=rbf;, score=0.000 total time=   0.0s
[CV 5/5] END ......C=1, gamma=10000, kernel=rbf;, score=0.000 total time=   0.1s
[CV 1/5] END C=100, gamma=0.0001, kernel=linear;, score=0.727 total time=   0.0s
[CV 2/5] END C=100, gamma=0.0001, kernel=linear;, score=0.846 total time=   0.0s
[CV 3/5] END C=100, gamma=0.0001, kernel=linear;, score=0.800 total time=   0.0s
[CV 4/5] END C=100, gamma=0.0001, kernel=linear;, score=0.957 total time=   0.0s
[CV 5/5] END C=100, gamma=0.0001, kernel=linear;, score=0.846 total time=   0.0s
[CV 1/5] END ...C=100, gamma=0.0001, kernel=rbf;, score=0.000 total time=   0.0s
[CV 1/5] END C=10000, gamma=0.01, kernel=linear;, score=0.727 total time=   0.1s
[CV 4/5] END C=10000, gamma=0.01, kernel=linear;, score=0.909 total time=   0.1s
[CV 1/5] END ...C=10000, gamma=0.01, kernel=rbf;, score=0.783 total time=   0.0s
[CV 2/5] END ...C=10000, gamma=0.01, kernel=rbf;, score=0.846 total time=   0.0s
[CV 3/5] END ...C=10000, gamma=0.01, kernel=rbf;, score=0.846 total time=   0.0s
[CV 4/5] END ...C=10000, gamma=0.01, kernel=rbf;, score=0.952 total time=   0.0s
[CV 2/5] END ...C=10000, gamma=1, kernel=linear;, score=0.846 total time=   0.1s
[CV 4/5] END ...C=10000, gamma=1, kernel=linear;, score=0.909 total time=   0.1s
[CV 2/5] END ......C=10000, gamma=1, kernel=rbf;, score=0.846 total time=   0.1s
[CV 5/5] END ......C=10000, gamma=1, kernel=rbf;, score=0.846 total time=   0.0s
[CV 3/5] END .C=10000, gamma=100, kernel=linear;, score=0.846 total time=   0.2s
[CV 4/5] END C=10000, gamma=10000, kernel=linear;, score=0.909 total time=   0.1s
